<?xml version="1.0" encoding="utf-8"?><testsuites name="pytest tests"><testsuite name="pytest" errors="0" failures="0" skipped="0" tests="5" time="19.073" timestamp="2026-09-15T22:17:06.274903+00:00" hostname="agent-env-7f44c47d-5b99-4167-8847-34ec502a829a"><testcase classname="tests.test_ap10_ap11_regime_and_worker" name="test_regime_lab_list" time="18.155" /><testcase classname="tests.test_ap10_ap11_regime_and_worker" name="test_localworker_manifest" time="0.082" /><testcase classname="tests.test_ap10_ap11_regime_and_worker" name="test_localworker_package_zip" time="0.242" /><testcase classname="tests.test_ap10_ap11_regime_and_worker" name="test_localworker_status" time="0.067" /><testcase classname="tests.test_ap10_ap11_regime_and_worker" name="test_protected_without_token" time="0.195" /></testsuite></testsuites>