<?xml version="1.0" encoding="utf-8"?><testsuites name="pytest tests"><testsuite name="pytest" errors="0" failures="0" skipped="0" tests="6" time="13.078" timestamp="2026-09-15T23:41:21.289967+00:00" hostname="agent-env-5f513670-3733-4b78-8d8b-bacfabe70bfe"><testcase classname="tests.test_ap13_ablation_uncertainty" name="test_auth_ok" time="0.254" /><testcase classname="tests.test_ap13_ablation_uncertainty" name="test_ablation_requires_auth" time="0.196" /><testcase classname="tests.test_ap13_ablation_uncertainty" name="test_regression_endpoints" time="0.502" /><testcase classname="tests.test_ap13_ablation_uncertainty" name="test_ema_compare_start_cancel" time="1.520" /><testcase classname="tests.test_ap13_ablation_uncertainty" name="test_ablation_full_run" time="6.913" /><testcase classname="tests.test_ap13_ablation_uncertainty" name="test_analyze_uncertainty" time="3.617" /></testsuite></testsuites>