<?xml version="1.0" encoding="utf-8"?><testsuites name="pytest tests"><testsuite name="pytest" errors="0" failures="0" skipped="2" tests="8" time="1.576" timestamp="2026-09-16T08:35:52.946625+00:00" hostname="agent-env-73eb789d-8203-4591-b1de-a879974670cd"><testcase classname="tests.analysis_regression.test_ap14_characterization_gaps.TestEvidenceScopeAndSafetyGaps" name="test_wf_for_doc_falls_back_to_other_coin_when_scope_missing" time="0.000" /><testcase classname="tests.analysis_regression.test_ap14_characterization_gaps.TestReleaseEvidenceGap" name="test_approve_clears_activation_block_but_evidence_can_still_block" time="0.001" /><testcase classname="tests.analysis_regression.test_ap14_characterization_gaps.TestReleaseEvidenceGap" name="test_definition_fingerprint_ignores_other_model_fields" time="0.000" /><testcase classname="tests.analysis_regression.test_ap14_characterization_gaps.TestEvidenceScopeAndSafetyGaps" name="test_ready_for_live_can_be_true_without_safety_payload" time="0.000" /><testcase classname="tests.analysis_regression.test_ap14_characterization_gaps.TestDiscoverySubStrategyGap" name="test_apply_configs_writes_dynamic_sub_strategy_only_to_coin_config" time="0.001" /><testcase classname="tests.analysis_regression.test_ap14_characterization_gaps.TestWatchdogLeftoverGap" name="test_small_foreign_without_position_id_should_not_flash_close" time="0.001"><skipped type="pytest.xfail" message="Bekannte Lücke: Rest-Close noch ohne ID-/Zeit-Beleg möglich" /></testcase><testcase classname="tests.analysis_regression.test_ap14_characterization_gaps.TestMergeOverridesManualRestoreGap" name="test_manual_value_not_restored_after_dynamic_cycle" time="0.000" /><testcase classname="tests.analysis_regression.test_ap14_characterization_gaps.TestConfirmConcurrencyGap" name="test_two_concurrent_confirms_should_not_both_succeed" time="0.052"><skipped type="pytest.xfail" message="Bekannte Lücke: gleichzeitiges Confirm kann doppelt durchlaufen" /></testcase></testsuite></testsuites>