<?xml version="1.0" encoding="utf-8"?><testsuites name="pytest tests"><testsuite name="pytest" errors="0" failures="0" skipped="0" tests="10" time="7.340" timestamp="2026-08-23T18:51:34.666145+00:00" hostname="agent-env-346e53fe-d765-4a32-b535-3dee4250d40f"><testcase classname="tests.test_iter10_trade_improvements_api.TestTradesPagination" name="test_closed_page_has_total_and_limit" time="0.410" /><testcase classname="tests.test_iter10_trade_improvements_api.TestTradesPagination" name="test_offset_returns_disjoint_page" time="0.880" /><testcase classname="tests.test_iter10_trade_improvements_api.TestTradesPagination" name="test_offset_beyond_total_is_empty" time="0.599" /><testcase classname="tests.test_iter10_trade_improvements_api.TestTradesPagination" name="test_no_status_no_total_and_open_included" time="1.175" /><testcase classname="tests.test_iter10_trade_improvements_api.TestPeakFields" name="test_computed_peak_fields_present" time="0.292" /><testcase classname="tests.test_iter10_trade_improvements_api.TestPeakFields" name="test_old_closed_trade_peak_is_null" time="0.301" /><testcase classname="tests.test_iter10_trade_improvements_api.TestPeakFields" name="test_open_trade_peak_direction" time="0.310" /><testcase classname="tests.test_iter10_trade_improvements_api.TestTradeChart" name="test_chart_structure_and_coverage" time="0.754" /><testcase classname="tests.test_iter10_trade_improvements_api.TestTradeChart" name="test_chart_multiple_trades" time="2.371" /><testcase classname="tests.test_iter10_trade_improvements_api.TestTradeChart" name="test_chart_unknown_id_404" time="0.188" /></testsuite></testsuites>