<?xml version="1.0" encoding="utf-8"?><testsuites name="pytest tests"><testsuite name="pytest" errors="0" failures="1" skipped="0" tests="10" time="19.483" timestamp="2026-09-13T20:25:47.715529+00:00" hostname="agent-env-c6a76056-825f-4301-90d5-24a81d905979"><testcase classname="tests.test_iter60_audit_phase2" name="test_health" time="17.983" /><testcase classname="tests.test_iter60_audit_phase2" name="test_login_bad_password" time="0.077" /><testcase classname="tests.test_iter60_audit_phase2" name="test_balance_unauth_401" time="0.081" /><testcase classname="tests.test_iter60_audit_phase2" name="test_balance_authed" time="0.153" /><testcase classname="tests.test_iter60_audit_phase2" name="test_safety_status_unauth" time="0.080" /><testcase classname="tests.test_iter60_audit_phase2" name="test_safety_status_authed" time="0.080" /><testcase classname="tests.test_iter60_audit_phase2" name="test_safety_config_roundtrip" time="0.159" /><testcase classname="tests.test_iter60_audit_phase2" name="test_ai_rewards_has_calibration" time="0.079" /><testcase classname="tests.test_iter60_audit_phase2" name="test_ml_gate_status_has_risk_scaling" time="0.317"><failure message="AssertionError: no ml-gate status endpoint responded 200 among ['/api/ml-gate/status', '/api/ml_gate/status', '/api/ml-gate', '/api/mlgate/status']&#10;assert None is not None">backend/tests/test_iter60_audit_phase2.py:130: in test_ml_gate_status_has_risk_scaling
    assert resp is not None, f"no ml-gate status endpoint responded 200 among {paths}"
E   AssertionError: no ml-gate status endpoint responded 200 among ['/api/ml-gate/status', '/api/ml_gate/status', '/api/ml-gate', '/api/mlgate/status']
E   assert None is not None</failure></testcase><testcase classname="tests.test_iter60_audit_phase2" name="test_ai_playbook_maturity_fields" time="0.112" /></testsuite></testsuites>