<?xml version="1.0" encoding="utf-8"?><testsuites name="pytest tests"><testsuite name="pytest" errors="0" failures="0" skipped="0" tests="3" time="24.707" timestamp="2026-09-24T16:00:07.199954+00:00" hostname="agent-env-f508db40-1a8c-4898-96fa-3a5d50458500"><testcase classname="tests.test_iter23_regime_lab_api" name="test_regime_lab_releases_shape" time="23.912" /><testcase classname="tests.test_iter23_regime_lab_api" name="test_ablation_local_returns_503" time="0.210" /><testcase classname="tests.test_iter23_regime_lab_api" name="test_delete_nonexistent_analysis_404" time="0.201" /></testsuite></testsuites>