<?xml version="1.0" encoding="utf-8"?><testsuites name="pytest tests"><testsuite name="pytest" errors="0" failures="0" skipped="0" tests="16" time="3.109" timestamp="2026-09-03T05:02:53.965945+00:00" hostname="agent-env-98528853-1eae-48d0-bdea-7be806ac079d"><testcase classname="tests.test_iter38_watchdog_pnl_playbook_api.TestHealthRegression" name="test_health" time="0.004" /><testcase classname="tests.test_iter38_watchdog_pnl_playbook_api.TestHealthRegression" name="test_sync_status" time="0.003" /><testcase classname="tests.test_iter38_watchdog_pnl_playbook_api.TestWatchdogStatus" name="test_status_contract" time="0.003" /><testcase classname="tests.test_iter38_watchdog_pnl_playbook_api.TestWatchdogConfig" name="test_config_clamping_and_reset" time="0.016" /><testcase classname="tests.test_iter38_watchdog_pnl_playbook_api.TestWatchdogConfig" name="test_config_requires_admin" time="0.001" /><testcase classname="tests.test_iter38_watchdog_pnl_playbook_api.TestWatchdogRun" name="test_run_twice_no_errors[1]" time="0.185" /><testcase classname="tests.test_iter38_watchdog_pnl_playbook_api.TestWatchdogRun" name="test_run_twice_no_errors[2]" time="0.182" /><testcase classname="tests.test_iter38_watchdog_pnl_playbook_api.TestWatchdogRun" name="test_run_requires_admin" time="0.002" /><testcase classname="tests.test_iter38_watchdog_pnl_playbook_api.TestPnlReconcile" name="test_status" time="0.002" /><testcase classname="tests.test_iter38_watchdog_pnl_playbook_api.TestPnlReconcile" name="test_run" time="0.004" /><testcase classname="tests.test_iter38_watchdog_pnl_playbook_api.TestPnlReconcile" name="test_run_requires_admin" time="0.001" /><testcase classname="tests.test_iter38_watchdog_pnl_playbook_api.TestPlaybook" name="test_playbook_no_hard_locks" time="0.005" /><testcase classname="tests.test_iter38_watchdog_pnl_playbook_api.TestTradesDedupe" name="test_open_trades_no_duplicate_position_ids" time="0.177" /><testcase classname="tests.test_iter38_watchdog_pnl_playbook_api.TestTradesDedupe" name="test_adopted_trades_marked_manual" time="0.004" /><testcase classname="tests.test_iter38_watchdog_pnl_playbook_api.TestCopilotUnits" name="test_drawdown_units" time="1.364" /><testcase classname="tests.test_iter38_pnl_reconcile_live" name="test_pnl_reconcile_uses_real_bitunix_pnl" time="1.003" /></testsuite></testsuites>