<?xml version="1.0" encoding="utf-8"?><testsuites name="pytest tests"><testsuite name="pytest" errors="0" failures="0" skipped="0" tests="5" time="16.440" timestamp="2026-08-17T07:04:46.605432+00:00" hostname="agent-env-2198fc6a-30e2-4cc8-a392-21b621dbea35"><testcase classname="tests.test_stale_regime_api" name="test_health" time="14.170" /><testcase classname="tests.test_stale_regime_api" name="test_defaults_present" time="0.210" /><testcase classname="tests.test_stale_regime_api" name="test_stale_price_clamping" time="0.725" /><testcase classname="tests.test_stale_regime_api" name="test_regime_block_roundtrip" time="0.709" /><testcase classname="tests.test_stale_regime_api" name="test_final_state" time="0.153" /></testsuite></testsuites>