<?xml version="1.0" encoding="utf-8"?><testsuites name="pytest tests"><testsuite name="pytest" errors="0" failures="0" skipped="0" tests="4" time="21.994" timestamp="2026-09-02T00:16:45.858169+00:00" hostname="agent-env-0ee16007-00f3-47bd-ba82-07649fe3f143"><testcase classname="tests.test_iter33_ramqueue_datadir_review.TestRamQueueE2E" name="test_short_cloud_backtest_completes" time="19.528" /><testcase classname="tests.test_iter33_ramqueue_datadir_review.TestPerWorkerDataDirE2E" name="test_set_poll_and_cleanup" time="1.967" /><testcase classname="tests.test_iter33_ramqueue_datadir_review.TestPerWorkerDataDirE2E" name="test_datadir_endpoint_requires_auth" time="0.224" /><testcase classname="tests.test_iter33_ramqueue_datadir_review.TestPerWorkerDataDirE2E" name="test_poll_requires_worker_token" time="0.204" /></testsuite></testsuites>