<?xml version="1.0" encoding="utf-8"?><testsuites name="pytest tests"><testsuite name="pytest" errors="0" failures="0" skipped="0" tests="14" time="1.777" timestamp="2026-08-25T07:38:26.519723+00:00" hostname="agent-env-ac8a223f-e987-4618-9f65-693d2cbbcb8f"><testcase classname="tests.test_regression_iter15_guard_lessons_api.TestStatusAndAuth" name="test_status_200_with_key_and_provider_fields" time="0.218" /><testcase classname="tests.test_regression_iter15_guard_lessons_api.TestLessonsCrud" name="test_create_update_delete_lesson" time="0.543" /><testcase classname="tests.test_regression_iter15_guard_lessons_api.TestStatusAndAuth" name="test_login_wrong_password_401" time="0.134" /><testcase classname="tests.test_regression_iter15_guard_lessons_api.TestStatusAndAuth" name="test_config_requires_admin" time="0.100" /><testcase classname="tests.test_regression_iter15_guard_lessons_api.TestStatusAndAuth" name="test_lesson_create_requires_admin" time="0.146" /><testcase classname="tests.test_regression_iter15_guard_lessons_api.TestLessonsCrud" name="test_create_lesson_validation_400" time="0.042" /><testcase classname="tests.test_regression_iter15_guard_lessons_api.TestLessonsCrud" name="test_patch_unknown_lesson_404" time="0.082" /><testcase classname="tests.test_regression_iter15_guard_lessons_api.TestCorrelationGuardTraderAuthority" name="test_toggle_off_then_on_persists" time="0.361" /><testcase classname="tests.test_regression_iter15_guard_lessons_api.TestLessonsCrud" name="test_delete_unknown_lesson_404" time="0.090" /><testcase classname="tests.test_regression_iter15_guard_lessons_api.TestLessonsCrud" name="test_lessons_response_has_no_mongo_id" time="0.080" /><testcase classname="tests.test_regression_iter15_guard_lessons_api.TestLessonLifecycleDormant" name="test_expired_lesson_becomes_dormant_and_is_not_deleted" time="0.106" /><testcase classname="tests.test_regression_iter15_guard_lessons_api.TestLessonLifecycleDormant" name="test_locked_expired_lesson_stays_active" time="0.002" /><testcase classname="tests.test_regression_iter15_guard_lessons_api.TestCorrelationGuardTraderAuthority" name="test_toggle_off_survives_unrelated_config_update" time="0.218" /><testcase classname="tests.test_regression_iter15_guard_lessons_api.TestCorrelationGuardTraderAuthority" name="test_ai_change_of_guard_needs_trader_confirmation" time="0.161" /></testsuite></testsuites>