<?xml version="1.0" encoding="utf-8"?><testsuites name="pytest tests"><testsuite name="pytest" errors="0" failures="0" skipped="1" tests="799" time="17.588" timestamp="2026-08-22T16:20:15.951406+00:00" hostname="agent-env-226c6263-a3f4-41e3-8249-6a9a4ee762d4"><testcase classname="" name="tests.test_phase5_ml_gate_api" time="0.000"><skipped message="collection skipped">('/app/backend/tests/test_phase5_ml_gate_api.py', 30, 'Skipped: Zu wenig ML-Gate-Daten in dieser Umgebung (Prod-Regressionstests)')</skipped></testcase><testcase classname="tests.test_ai_trader_iter2_fixes" name="test_be_formula_covers_entry_and_exit_fees_long" time="0.000" /><testcase classname="tests.test_ai_lab" name="test_compute_features_needs_enough_candles" time="0.000" /><testcase classname="tests.test_ai_lab" name="test_compute_features_uptrend" time="0.001" /><testcase classname="tests.test_ai_trader_iter2_fixes" name="test_be_formula_covers_entry_and_exit_fees_short" time="0.000" /><testcase classname="tests.test_ai_trader_iter2_fixes" name="test_old_be_formula_was_slightly_below_true_be" time="0.000" /><testcase classname="tests.test_ai_trader_iter2_fixes" name="test_live_be_uses_exact_fee_formula" time="0.065" /><testcase classname="tests.test_ai_lab" name="test_classify_regime_branches" time="0.000" /><testcase classname="tests.test_ai_lab" name="test_snapshot_to_text" time="0.001" /><testcase classname="tests.test_ai_lab" name="test_digest_backtests_empty_and_filled" time="0.000" /><testcase classname="tests.test_ai_lab" name="test_digest_optimizer_reports_holdout_and_params" time="0.000" /><testcase classname="tests.test_ai_lab" name="test_digest_regime_runs_and_analyses" time="0.000" /><testcase classname="tests.test_ai_lab" name="test_build_prompt_contains_all_sections" time="0.000" /><testcase classname="tests.test_ai_lab" name="test_label_of" time="0.000" /><testcase classname="tests.test_ai_lab" name="test_nearest_snapshot_respects_gap" time="0.000" /><testcase classname="tests.test_ai_lab" name="test_feature_row_uses_market_state_and_order" time="0.000" /><testcase classname="tests.test_ai_lab" name="test_build_dataset_filters_and_counts" time="0.000" /><testcase classname="tests.test_ai_lab" name="test_to_matrix_shape" time="0.000" /><testcase classname="tests.test_ai_lab" name="test_importances_text" time="0.000" /><testcase classname="tests.test_ai_lab" name="test_train_sync_produces_model_when_libs_present" time="2.372" /><testcase classname="tests.test_ai_trader_iter2_fixes" name="test_backtester_be_uses_exact_fee_formula" time="0.002" /><testcase classname="tests.test_ai_trader_iter2_fixes" name="test_live_sl_sync_only_when_improved" time="0.104" /><testcase classname="tests.test_ai_trader_iter2_fixes" name="test_watchdog_default_manage_external_off" time="0.000" /><testcase classname="tests.test_ai_trader_iter2_fixes" name="test_watchdog_skips_manual_position_without_local_trade" time="0.001" /><testcase classname="tests.test_ai_trader_iter2_fixes" name="test_watchdog_skips_adopted_external_position" time="0.001" /><testcase classname="tests.test_ai_trader_iter2_fixes" name="test_watchdog_clears_fail_counter_for_external" time="0.000" /><testcase classname="tests.test_ai_trader_iter2_fixes" name="test_watchdog_update_settings_accepts_manage_external" time="0.013" /><testcase classname="tests.test_ai_trader_iter2_fixes" name="test_distribution_empty_without_events" time="0.000" /><testcase classname="tests.test_ai_trader_iter2_fixes" name="test_distribution_buckets_real_events_by_side" time="0.000" /><testcase classname="tests.test_ai_trader_iter2_fixes" name="test_distribution_window_is_hours_not_minutes" time="0.000" /><testcase classname="tests.test_ai_trader_iter2_fixes" name="test_liq_window_still_compatible" time="0.000" /><testcase classname="tests.test_ai_trader_iter2_fixes" name="test_old_events_fall_out_of_distribution" time="0.000" /><testcase classname="tests.test_ai_trader_iter2_fixes" name="test_prompt_uses_measured_not_model_clusters" time="0.004" /><testcase classname="tests.test_ai_trader_iter2_fixes" name="test_schedule_keeps_model_and_provider" time="0.000" /><testcase classname="tests.test_ai_trader_iter2_fixes" name="test_effective_window_returns_window_with_model" time="0.000" /><testcase classname="tests.test_ai_trader_iter2_fixes" name="test_effective_interval_unchanged_behaviour" time="0.000" /><testcase classname="tests.test_ai_trader_iter2_fixes" name="test_disabled_window_has_no_model_effect" time="0.000" /><testcase classname="tests.test_ai_trader_iter2_fixes" name="test_engine_analyst_chain_respects_window_model" time="0.001" /><testcase classname="tests.test_ai_trader_iter2_fixes" name="test_schedule_uses_berlin_time" time="0.001" /><testcase classname="tests.test_ai_trader_iter2_fixes" name="test_track_tokens_upserts_per_role_and_day" time="0.001" /><testcase classname="tests.test_ai_trader_iter2_fixes" name="test_track_tokens_noop_without_db_or_tokens" time="0.000" /><testcase classname="tests.test_ai_trader_iter2_fixes" name="test_heatmap_review_publishes_after_target_trades" time="0.000" /><testcase classname="tests.test_ai_trader_iter2_fixes" name="test_heatmap_review_waits_below_target" time="0.000" /><testcase classname="tests.test_ai_trader_iter2_fixes" name="test_lesson_store_all_returns_superseded_flags" time="0.000" /><testcase classname="tests.test_ai_trader_iter2_fixes" name="test_timeutil_is_berlin_based" time="0.000" /><testcase classname="tests.test_ai_trader_iter2_fixes" name="test_token_tracking_uses_berlin_date" time="0.000" /><testcase classname="tests.test_regime_engine" name="test_ols_stats_recovers_slope_and_tstat" time="0.002" /><testcase classname="tests.test_regime_engine" name="test_ols_stats_flat_series_has_small_tstat" time="0.001" /><testcase classname="tests.test_regime_engine" name="test_rolling_zscore_is_backward_only" time="0.001" /><testcase classname="tests.test_regime_engine" name="test_adx_rises_in_trend_and_falls_in_chop" time="0.003" /><testcase classname="tests.test_regime_engine" name="test_strong_uptrend_is_labelled_up" time="0.038" /><testcase classname="tests.test_regime_engine" name="test_strong_downtrend_is_labelled_down" time="0.031" /><testcase classname="tests.test_regime_engine" name="test_slow_long_decline_is_not_sideways" time="0.042" /><testcase classname="tests.test_regime_engine" name="test_sideways_is_labelled_sideways" time="0.038" /><testcase classname="tests.test_regime_engine" name="test_random_walk_has_no_directional_bias" time="0.044" /><testcase classname="tests.test_regime_engine" name="test_regime_switch_is_detected_and_not_too_late" time="0.038" /><testcase classname="tests.test_regime_engine" name="test_more_than_two_regimes_over_mixed_market" time="0.118" /><testcase classname="tests.test_regime_engine" name="test_high_volatility_is_recognised" time="0.047" /><testcase classname="tests.test_regime_engine" name="test_no_lookahead_prefix_stability" time="0.043" /><testcase classname="tests.test_regime_engine" name="test_model_config_is_serialisable_and_stable" time="0.027" /><testcase classname="tests.test_regime_engine" name="test_hysteresis_reduces_switching" time="0.077" /><testcase classname="tests.test_regime_engine" name="test_min_hold_days_is_respected" time="0.049" /><testcase classname="tests.test_regime_engine" name="test_validation_passes_on_clean_series[0.5-1.0-81]" time="0.039" /><testcase classname="tests.test_regime_engine" name="test_validation_passes_on_clean_series[-0.5-1.0-82]" time="0.037" /><testcase classname="tests.test_regime_engine" name="test_validation_passes_on_clean_series[-0.1-0.8-84]" time="0.040" /><testcase classname="tests.test_regime_engine" name="test_validation_passes_on_clean_series[0.25-2.0-86]" time="0.041" /><testcase classname="tests.test_regime_engine" name="test_validation_flags_wrong_labels" time="0.028" /><testcase classname="tests.test_regime_engine" name="test_ideal_labels_agree_with_live_direction" time="0.040" /><testcase classname="tests.test_regime_engine" name="test_regime_module_dispatches_to_v2_by_default" time="0.031" /><testcase classname="tests.test_regime_engine" name="test_kmeans_engine_still_available" time="0.006" /><testcase classname="tests.test_regime_engine" name="test_early_warning_signals_reversal_before_switch" time="0.043" /><testcase classname="tests.test_regime_engine" name="test_early_warning_quiet_in_stable_trend" time="0.035" /><testcase classname="tests.test_regime_engine" name="test_early_warning_fields_are_serialisable" time="0.031" /><testcase classname="tests.test_regime_engine" name="test_nnfx_mapping_covers_all_regimes" time="0.000" /><testcase classname="tests.test_regime_engine" name="test_scenario_bank_all_plausible" time="0.484" /><testcase classname="tests.test_regime_engine" name="test_performance_on_intraday_history" time="10.217" /><testcase classname="tests.test_ai_lab" name="test_default_roles_have_presets_for_every_role" time="0.000" /><testcase classname="tests.test_ai_lab" name="test_new_roles_registered" time="0.000" /><testcase classname="tests.test_ai_lab" name="test_load_keeps_preset_when_user_never_configured" time="0.001" /><testcase classname="tests.test_ai_lab" name="test_load_respects_user_choice" time="0.000" /><testcase classname="tests.test_ai_lab" name="test_update_marks_user_configured_and_reset_restores_preset" time="0.001" /><testcase classname="tests.test_ai_lab" name="test_research_role_specific_fields_are_sanitized" time="0.000" /><testcase classname="tests.test_ai_lab" name="test_market_observer_fields" time="0.000" /><testcase classname="tests.test_ai_lab" name="test_chain_appends_available_providers" time="0.000" /><testcase classname="tests.test_ai_lab" name="test_load_migration_keeps_enabled_flags" time="0.000" /><testcase classname="tests.test_ai_lab" name="test_in_active_hours_unchanged" time="0.000" /><testcase classname="tests.test_ai_lab" name="test_knowledge_store_remember_and_recall_without_supabase" time="0.001" /><testcase classname="tests.test_ai_lab" name="test_knowledge_store_remember_many_and_context_text" time="0.001" /><testcase classname="tests.test_ai_lab" name="test_supabase_config_strips_rest_suffix" time="0.000" /><testcase classname="tests.test_ai_lab" name="test_check_limits_allows_and_blocks" time="0.000" /><testcase classname="tests.test_ai_lab" name="test_resolve_price_absolute_and_pct" time="0.000" /><testcase classname="tests.test_ai_lab" name="test_trades_text_contains_key_numbers" time="0.000" /><testcase classname="tests.test_ai_lab" name="test_liq_price_moves_with_leverage" time="0.000" /><testcase classname="tests.test_ai_lab" name="test_pick_candidate_prefers_optimizer_run" time="0.000" /><testcase classname="tests.test_ai_lab" name="test_closed_loop_defaults_off" time="0.000" /><testcase classname="tests.test_ai_lab" name="test_trade_manager_role_registered" time="0.000" /><testcase classname="tests.test_fix_custom_ai_trades" name="test_on_signal_blocked_by_master_kill_switch" time="0.001" /><testcase classname="tests.test_fix_custom_ai_trades" name="test_trade_manager_open_blocked_by_master_kill_switch" time="0.000" /><testcase classname="tests.test_fix_custom_ai_trades" name="test_trade_manager_open_blocked_when_engine_disabled" time="0.000" /><testcase classname="tests.test_fix_custom_ai_trades" name="test_trade_manager_tick_skips_when_engine_disabled" time="0.000" /><testcase classname="tests.test_fix_custom_ai_trades" name="test_trade_manager_tick_runs_when_engine_enabled" time="0.000" /><testcase classname="tests.test_fix_custom_ai_trades" name="test_prompt_example_has_no_fixed_10x_leverage" time="0.000" /><testcase classname="tests.test_fix_custom_ai_trades" name="test_open_trade_clamps_leverage_to_manager_limit" time="0.000" /><testcase classname="tests.test_fix_custom_ai_trades" name="test_reject_deregisters_strategy_and_closes_trades" time="0.001" /><testcase classname="tests.test_fix_custom_ai_trades" name="test_delete_candidate_removes_everything" time="0.001" /><testcase classname="tests.test_fix_custom_ai_trades" name="test_register_for_testing_blocked_for_rejected" time="0.000" /><testcase classname="tests.test_fix_custom_ai_trades" name="test_open_trade_reports_guard_rejection" time="0.000" /><testcase classname="tests.test_fix_custom_ai_trades" name="test_sync_closes_externally_closed_live_position" time="0.000" /><testcase classname="tests.test_fix_custom_ai_trades" name="test_sync_keeps_position_that_is_still_open_on_bitunix" time="0.000" /><testcase classname="tests.test_fix_custom_ai_trades" name="test_sync_ignores_paper_trades" time="0.000" /><testcase classname="tests.test_fix_custom_ai_trades" name="test_delete_candidate_route_registered" time="0.000" /><testcase classname="tests.test_fix_custom_ai_trades" name="test_control_stop_trades_route_still_exists" time="0.000" /><testcase classname="tests.test_fix_custom_ai_trades" name="test_sync_bitunix_route_registered" time="0.000" /><testcase classname="tests.test_fix_custom_ai_trades" name="test_manual_close_books_external_close_when_position_gone" time="0.000" /><testcase classname="tests.test_fix_custom_ai_trades" name="test_manual_close_keeps_trade_open_when_position_still_exists" time="0.000" /><testcase classname="tests.test_fix_custom_ai_trades" name="test_adjust_levels_books_external_close_when_position_gone" time="0.000" /><testcase classname="tests.test_fix_custom_ai_trades" name="test_partial_close_books_external_close_when_position_gone" time="0.000" /><testcase classname="tests.test_fix_custom_ai_trades" name="test_trade_manager_strategy_name_without_custom_suffix" time="0.002" /><testcase classname="tests.test_fix_custom_ai_trades" name="test_lesson_audit_deletes_violating_lessons" time="0.001" /><testcase classname="tests.test_fix_custom_ai_trades" name="test_master_prompt_block_declares_supremacy_over_lessons" time="0.000" /><testcase classname="tests.test_iter8_token_crv_lev" name="test_default_trade_frame_backwards_compatible" time="0.000" /><testcase classname="tests.test_iter8_token_crv_lev" name="test_update_config_accepts_and_clamps_trade_frame" time="0.001" /><testcase classname="tests.test_iter8_token_crv_lev" name="test_crv_frame_raises_tp1_to_min" time="0.000" /><testcase classname="tests.test_iter8_token_crv_lev" name="test_crv_frame_caps_tp1_at_max" time="0.000" /><testcase classname="tests.test_iter8_token_crv_lev" name="test_crv_frame_no_cap_when_max_zero" time="0.000" /><testcase classname="tests.test_iter8_token_crv_lev" name="test_lev_mode_coin_keeps_previous_behavior" time="0.000" /><testcase classname="tests.test_iter8_token_crv_lev" name="test_lev_mode_fixed_forces_leverage" time="0.000" /><testcase classname="tests.test_iter8_token_crv_lev" name="test_lev_mode_auto_caps_ai_choice" time="0.000" /><testcase classname="tests.test_iter8_token_crv_lev" name="test_lev_auto_swing_still_capped" time="0.000" /><testcase classname="tests.test_iter8_token_crv_lev" name="test_safe_lev_parsing" time="0.000" /><testcase classname="tests.test_iter8_token_crv_lev" name="test_trade_frame_block_in_analysis_prompt" time="0.006" /><testcase classname="tests.test_iter8_token_crv_lev" name="test_lean_system_prompt_same_schema_but_shorter" time="0.000" /><testcase classname="tests.test_iter8_token_crv_lev" name="test_lean_prompt_selects_lean_system" time="0.024" /><testcase classname="tests.test_iter8_token_crv_lev" name="test_hold_reason_instruction_in_both_prompts" time="0.000" /><testcase classname="tests.test_iter8_token_crv_lev" name="test_liquidity_block_only_for_crypto_group" time="0.005" /><testcase classname="tests.test_iter8_token_crv_lev" name="test_trade_manager_uses_lean_review_context" time="0.002" /><testcase classname="tests.test_iter8_token_crv_lev" name="test_extra_blocks_review_purpose_documented" time="0.002" /><testcase classname="tests.test_iter8_token_crv_lev" name="test_market_observer_reuses_summary_when_unchanged" time="0.000" /><testcase classname="tests.test_iter8_token_crv_lev" name="test_market_observer_regenerates_on_move" time="0.000" /><testcase classname="tests.test_iter8_token_crv_lev" name="test_learner_skips_daily_run_without_new_results" time="0.006" /><testcase classname="tests.test_iter8_token_crv_lev" name="test_learner_prompt_lean_gates_research_and_ml" time="0.004" /><testcase classname="tests.test_iter8_token_crv_lev" name="test_stop_trades_no_longer_closes_positions" time="0.001" /><testcase classname="tests.test_iter8_token_crv_lev" name="test_active_fallback_tracked_and_cleared" time="0.001" /><testcase classname="tests.test_iter8_token_crv_lev" name="test_backup_key_counts_as_fallback" time="0.001" /><testcase classname="tests.test_ai_learning" name="test_max_capital_is_always_forbidden" time="0.000" /><testcase classname="tests.test_ai_learning" name="test_mode_and_enabled_forbidden" time="0.000" /><testcase classname="tests.test_ai_learning" name="test_numbers_are_clamped_to_bounds" time="0.000" /><testcase classname="tests.test_ai_learning" name="test_enum_and_bool_and_unknown" time="0.000" /><testcase classname="tests.test_ai_learning" name="test_engine_scope_keys" time="0.000" /><testcase classname="tests.test_ai_learning" name="test_spec_text_mentions_keys" time="0.000" /><testcase classname="tests.test_ai_learning" name="test_default_config_has_new_keys" time="0.000" /><testcase classname="tests.test_ai_learning" name="test_aggregate_performance_basic" time="0.000" /><testcase classname="tests.test_ai_learning" name="test_aggregate_ignores_pre_signals" time="0.000" /><testcase classname="tests.test_ai_learning" name="test_performance_text_renders" time="0.000" /><testcase classname="tests.test_ai_learning" name="test_change_without_enough_data_is_parked" time="0.001" /><testcase classname="tests.test_ai_learning" name="test_macro_change_needs_multiple_confirmations" time="0.001" /><testcase classname="tests.test_ai_learning" name="test_user_change_bypasses_validation" time="0.000" /><testcase classname="tests.test_ai_learning" name="test_change_against_master_prompt_is_blocked" time="0.000" /><testcase classname="tests.test_ai_learning" name="test_suggest_mode_creates_pending_proposal" time="0.000" /><testcase classname="tests.test_ai_learning" name="test_auto_mode_applies_immediately" time="0.000" /><testcase classname="tests.test_ai_learning" name="test_autonomy_off_ignores_changes" time="0.000" /><testcase classname="tests.test_ai_learning" name="test_unknown_symbol_skipped" time="0.000" /><testcase classname="tests.test_ai_learning" name="test_noop_changes_skipped" time="0.000" /><testcase classname="tests.test_ai_learning" name="test_engine_scope_change" time="0.000" /><testcase classname="tests.test_ai_learning" name="test_approve_pending_proposal" time="0.001" /><testcase classname="tests.test_ai_learning" name="test_reject_pending_proposal" time="0.001" /><testcase classname="tests.test_ai_team_regression" name="test_new_providers_in_catalog" time="0.000" /><testcase classname="tests.test_ai_team_regression" name="test_model_weights_complete" time="0.000" /><testcase classname="tests.test_ai_team_regression" name="test_provider_for_model" time="0.000" /><testcase classname="tests.test_ai_team_regression" name="test_openrouter_backup_key_order" time="0.000" /><testcase classname="tests.test_ai_team_regression" name="test_backup_key_only_when_set" time="0.000" /><testcase classname="tests.test_ai_team_regression" name="test_is_rate_limit_error" time="0.000" /><testcase classname="tests.test_ai_team_regression" name="test_same_provider_chain_preferred_first" time="0.000" /><testcase classname="tests.test_ai_team_regression" name="test_generate_chain_no_keys_raises" time="0.001" /><testcase classname="tests.test_ai_team_regression" name="test_in_active_hours_normal_window" time="0.000" /><testcase classname="tests.test_ai_team_regression" name="test_in_active_hours_over_midnight" time="0.000" /><testcase classname="tests.test_ai_team_regression" name="test_in_active_hours_none_or_invalid" time="0.000" /><testcase classname="tests.test_ai_team_regression" name="test_role_chain_inherits_engine_default" time="0.001" /><testcase classname="tests.test_ai_team_regression" name="test_role_chain_custom_model_and_fallback" time="0.000" /><testcase classname="tests.test_ai_team_regression" name="test_role_chain_dead_model_migrates" time="0.000" /><testcase classname="tests.test_ai_team_regression" name="test_role_chain_outside_hours_uses_fallback_first" time="0.000" /><testcase classname="tests.test_ai_team_regression" name="test_role_sanitize_rejects_invalid" time="0.000" /><testcase classname="tests.test_ai_team_regression" name="test_role_sanitize_deep_times_and_news_interval" time="0.000" /><testcase classname="tests.test_ai_team_regression" name="test_default_roles_complete" time="0.000" /><testcase classname="tests.test_ai_team_regression" name="test_engine_backward_compat_aliases" time="0.000" /><testcase classname="tests.test_ai_team_regression" name="test_news_watcher_module" time="0.000" /><testcase classname="tests.test_ai_iter2_governance" name="test_schedule_windows_and_default" time="0.000" /><testcase classname="tests.test_ai_iter2_governance" name="test_disabled_window_is_ignored" time="0.000" /><testcase classname="tests.test_ai_iter2_governance" name="test_invalid_windows_are_dropped" time="0.000" /><testcase classname="tests.test_ai_iter2_governance" name="test_window_matches_edges" time="0.000" /><testcase classname="tests.test_ai_iter2_governance" name="test_schedule_text_mentions_default" time="0.000" /><testcase classname="tests.test_ai_iter2_governance" name="test_repeated_signal_is_suppressed_within_cooldown" time="0.000" /><testcase classname="tests.test_ai_iter2_governance" name="test_new_price_level_is_notified_again" time="0.000" /><testcase classname="tests.test_ai_iter2_governance" name="test_notification_after_cooldown" time="0.000" /><testcase classname="tests.test_ai_iter2_governance" name="test_guard_state_flow" time="0.000" /><testcase classname="tests.test_ai_iter2_governance" name="test_macro_keys_recognised" time="0.000" /><testcase classname="tests.test_ai_iter2_governance" name="test_single_trade_cannot_move_stop_loss_far" time="0.000" /><testcase classname="tests.test_ai_iter2_governance" name="test_small_changes_pass_unclamped" time="0.000" /><testcase classname="tests.test_ai_iter2_governance" name="test_clamp_respects_hard_bounds" time="0.000" /><testcase classname="tests.test_ai_iter2_governance" name="test_macro_needs_sample_and_confirmations" time="0.000" /><testcase classname="tests.test_ai_iter2_governance" name="test_forbidden_terms_block_lessons" time="0.000" /><testcase classname="tests.test_ai_iter2_governance" name="test_daily_risk_limits" time="0.000" /><testcase classname="tests.test_ai_iter2_governance" name="test_provider_health_reports_fallback_and_limits" time="0.001" /><testcase classname="tests.test_ai_iter2_governance" name="test_expired_ghost_trades_are_not_counted_as_results" time="0.000" /><testcase classname="tests.test_nnfx" name="test_adx_di_matches_reference_behaviour" time="0.004" /><testcase classname="tests.test_nnfx" name="test_adx_di_against_manual_wilder" time="0.001" /><testcase classname="tests.test_nnfx" name="test_cci_extremes" time="0.004" /><testcase classname="tests.test_nnfx" name="test_keltner_bands_contain_price_mostly" time="0.002" /><testcase classname="tests.test_nnfx" name="test_donchian_uses_only_past_bars" time="0.002" /><testcase classname="tests.test_nnfx" name="test_nnfx_strategies_registered_with_params[nnfx_trend]" time="0.000" /><testcase classname="tests.test_nnfx" name="test_nnfx_strategies_registered_with_params[nnfx_reversion]" time="0.000" /><testcase classname="tests.test_nnfx" name="test_nnfx_strategies_registered_with_params[nnfx_breakout]" time="0.000" /><testcase classname="tests.test_nnfx" name="test_nnfx_strategies_produce_signals[nnfx_trend-candles_up]" time="0.004" /><testcase classname="tests.test_nnfx" name="test_nnfx_strategies_produce_signals[nnfx_reversion-candles_range]" time="0.003" /><testcase classname="tests.test_nnfx" name="test_nnfx_strategies_produce_signals[nnfx_breakout-candles_up]" time="0.002" /><testcase classname="tests.test_nnfx" name="test_nnfx_trend_follows_direction" time="0.005" /><testcase classname="tests.test_nnfx" name="test_nnfx_reversion_is_counter_trend" time="0.002" /><testcase classname="tests.test_nnfx" name="test_nnfx_analyze_returns_levels_and_rules" time="0.004" /><testcase classname="tests.test_nnfx" name="test_nnfx_fast_path_is_wired" time="0.004" /><testcase classname="tests.test_nnfx" name="test_nnfx_params_change_behaviour" time="0.001" /><testcase classname="tests.test_nnfx" name="test_nnfx_direction_toggles" time="0.001" /><testcase classname="tests.test_nnfx" name="test_regime_to_nnfx_strategy_mapping" time="0.000" /><testcase classname="tests.test_position_watchdog" name="test_parse_positions_normalizes_rows" time="0.000" /><testcase classname="tests.test_position_watchdog" name="test_parse_positions_rejects_bad_payload" time="0.000" /><testcase classname="tests.test_position_watchdog" name="test_emergency_sl_prefers_local_and_fixes_side" time="0.000" /><testcase classname="tests.test_position_watchdog" name="test_watchdog_adopts_unknown_position_without_touching_it" time="0.001" /><testcase classname="tests.test_position_watchdog" name="test_watchdog_manage_external_optin_restores_sl_enforcement" time="0.001" /><testcase classname="tests.test_position_watchdog" name="test_watchdog_leaves_position_with_sl_alone" time="0.000" /><testcase classname="tests.test_position_watchdog" name="test_watchdog_emergency_close_after_retries" time="0.001" /><testcase classname="tests.test_position_watchdog" name="test_watchdog_no_action_when_tpsl_api_uncertain" time="0.000" /><testcase classname="tests.test_position_watchdog" name="test_watchdog_disabled_adoption_leaves_external_untouched" time="0.000" /><testcase classname="tests.test_position_watchdog" name="test_ensure_live_sl_true_when_present" time="0.000" /><testcase classname="tests.test_position_watchdog" name="test_ensure_live_sl_places_missing_sl" time="1.002" /><testcase classname="tests.test_position_watchdog" name="test_ensure_live_sl_false_after_max_attempts" time="2.002" /><testcase classname="tests.test_position_watchdog" name="test_ensure_live_sl_none_when_api_uncertain" time="0.001" /><testcase classname="tests.test_position_watchdog" name="test_untracked_qty_detects_ghost_position" time="0.000" /><testcase classname="tests.test_position_watchdog" name="test_untracked_qty_zero_when_fully_tracked" time="0.000" /><testcase classname="tests.test_position_watchdog" name="test_format_signal_message_none_safe" time="0.000" /><testcase classname="tests.test_position_watchdog" name="test_format_signal_message_regular_signal_unchanged" time="0.000" /><testcase classname="tests.test_regime_extras" name="test_regimes_carry_trend_and_vol_keys_for_colors" time="0.034" /><testcase classname="tests.test_regime_extras" name="test_taxonomy_is_consistent_per_mode[3]" time="0.000" /><testcase classname="tests.test_regime_extras" name="test_taxonomy_is_consistent_per_mode[5]" time="0.000" /><testcase classname="tests.test_regime_extras" name="test_taxonomy_is_consistent_per_mode[9]" time="0.000" /><testcase classname="tests.test_regime_extras" name="test_model_respects_regime_mode[3]" time="0.036" /><testcase classname="tests.test_regime_extras" name="test_model_respects_regime_mode[5]" time="0.041" /><testcase classname="tests.test_regime_extras" name="test_model_respects_regime_mode[9]" time="0.041" /><testcase classname="tests.test_regime_extras" name="test_early_warning_points_to_correct_direction" time="0.157" /><testcase classname="tests.test_regime_extras" name="test_early_warning_eta_is_positive_or_none" time="0.032" /><testcase classname="tests.test_regime_extras" name="test_strategy_param_space_is_searchable[nnfx_trend]" time="0.001" /><testcase classname="tests.test_regime_extras" name="test_strategy_param_space_is_searchable[nnfx_reversion]" time="0.001" /><testcase classname="tests.test_regime_extras" name="test_strategy_param_space_is_searchable[nnfx_breakout]" time="0.001" /><testcase classname="tests.test_regime_extras" name="test_with_strategy_params_is_pure_and_nested" time="0.000" /><testcase classname="tests.test_regime_extras" name="test_strategy_params_change_signal_count" time="0.004" /><testcase classname="tests.test_regime_extras" name="test_provider_cache_key_includes_strategy_params" time="0.000" /><testcase classname="tests.test_regime_extras" name="test_provider_cache_returns_different_signals_per_params" time="0.007" /><testcase classname="tests.test_regime_extras" name="test_rows_for_accepts_callable_settings" time="0.004" /><testcase classname="tests.test_capital_sync_fixes" name="test_bound_margin_full_position" time="0.000" /><testcase classname="tests.test_capital_sync_fixes" name="test_bound_margin_scales_with_partial_close" time="0.000" /><testcase classname="tests.test_capital_sync_fixes" name="test_bound_margin_follows_leverage_change" time="0.000" /><testcase classname="tests.test_capital_sync_fixes" name="test_bound_margin_fallback_margin_used" time="0.000" /><testcase classname="tests.test_capital_sync_fixes" name="test_bound_margin_fallback_max_capital" time="0.000" /><testcase classname="tests.test_capital_sync_fixes" name="test_bound_margin_closed_rest_zero" time="0.000" /><testcase classname="tests.test_capital_sync_fixes" name="test_used_margin_mixed_trades" time="0.001" /><testcase classname="tests.test_capital_sync_fixes" name="test_free_capital_live_full_uses_exchange_available" time="0.000" /><testcase classname="tests.test_capital_sync_fixes" name="test_free_capital_live_fixed_caps_at_available" time="0.000" /><testcase classname="tests.test_capital_sync_fixes" name="test_free_capital_paper_unchanged" time="0.000" /><testcase classname="tests.test_capital_sync_fixes" name="test_sync_external_partial_close_books_pnl" time="0.000" /><testcase classname="tests.test_capital_sync_fixes" name="test_sync_external_margin_and_leverage_change" time="0.000" /><testcase classname="tests.test_capital_sync_fixes" name="test_sync_ignores_manually_increased_position" time="0.000" /><testcase classname="tests.test_capital_sync_fixes" name="test_sync_ignores_paper_and_tiny_diffs" time="0.000" /><testcase classname="tests.test_capital_sync_fixes" name="test_sync_no_flapping_with_leverage_setting" time="0.001" /><testcase classname="tests.test_capital_sync_fixes" name="test_free_capital_recovers_after_sync" time="0.001" /><testcase classname="tests.test_ai_governance" name="test_blocked_symbol_and_side_are_rejected" time="0.000" /><testcase classname="tests.test_ai_governance" name="test_confidence_leverage_and_open_trade_limits" time="0.000" /><testcase classname="tests.test_ai_governance" name="test_config_change_against_master_prompt_is_blocked" time="0.000" /><testcase classname="tests.test_ai_governance" name="test_lesson_against_master_prompt_is_blocked" time="0.000" /><testcase classname="tests.test_ai_governance" name="test_defaults_are_permissive_enough_for_existing_workflows" time="0.000" /><testcase classname="tests.test_ai_governance" name="test_locked_lessons_survive_ai_removal_and_overwrite" time="0.000" /><testcase classname="tests.test_ai_governance" name="test_locked_lessons_do_not_count_against_the_limit" time="0.001" /><testcase classname="tests.test_ai_governance" name="test_lessons_text_marks_trader_lessons" time="0.000" /><testcase classname="tests.test_ai_governance" name="test_normalize_adds_ids_to_legacy_lessons" time="0.000" /><testcase classname="tests.test_ai_governance" name="test_engine_change_needs_minimum_sample" time="0.000" /><testcase classname="tests.test_ai_governance" name="test_coin_change_uses_symbol_sample" time="0.000" /><testcase classname="tests.test_ai_governance" name="test_lesson_removal_needs_more_data_than_creation" time="0.000" /><testcase classname="tests.test_ai_governance" name="test_validation_can_be_switched_off" time="0.000" /><testcase classname="tests.test_ai_governance" name="test_ghost_stats_and_promotion_threshold" time="0.000" /><testcase classname="tests.test_ai_governance" name="test_ghost_outcome_respects_direction" time="0.000" /><testcase classname="tests.test_iter_reward_guard_models" name="test_catalog_contains_no_dead_slugs" time="0.000" /><testcase classname="tests.test_iter_reward_guard_models" name="test_fallback_order_and_weights_consistent" time="0.000" /><testcase classname="tests.test_iter_reward_guard_models" name="test_role_presets_reference_valid_models" time="0.000" /><testcase classname="tests.test_iter_reward_guard_models" name="test_migrations_map_to_valid_models" time="0.000" /><testcase classname="tests.test_iter_reward_guard_models" name="test_too_large_error_detection" time="0.000" /><testcase classname="tests.test_iter_reward_guard_models" name="test_learned_budget_shrinks_only" time="0.000" /><testcase classname="tests.test_iter_reward_guard_models" name="test_generate_chain_skips_over_budget_model" time="0.001" /><testcase classname="tests.test_iter_reward_guard_models" name="test_oai_generate_guards_empty_choices" time="0.001" /><testcase classname="tests.test_iter_reward_guard_models" name="test_reward_win_beats_loss" time="0.000" /><testcase classname="tests.test_iter_reward_guard_models" name="test_reward_quick_stopout_and_low_confidence_penalized" time="0.000" /><testcase classname="tests.test_iter_reward_guard_models" name="test_reward_crv_bonus" time="0.001" /><testcase classname="tests.test_iter_reward_guard_models" name="test_reward_pnl_base_clamped" time="0.000" /><testcase classname="tests.test_iter_reward_guard_models" name="test_guard_state_reports_learning_required" time="0.001" /><testcase classname="tests.test_iter_reward_guard_models" name="test_resume_clears_learning_required" time="0.000" /><testcase classname="tests.test_iter_reward_guard_models" name="test_forced_learning_default_enabled" time="0.000" /><testcase classname="tests.test_multi_position_and_lesson_quality" name="test_two_positions_same_symbol_side_become_two_trades" time="0.001" /><testcase classname="tests.test_multi_position_and_lesson_quality" name="test_hedge_long_short_bound_separately" time="0.001" /><testcase classname="tests.test_multi_position_and_lesson_quality" name="test_rebind_does_not_steal_claimed_trade" time="0.001" /><testcase classname="tests.test_multi_position_and_lesson_quality" name="test_sync_closes_only_the_gone_position_id" time="0.001" /><testcase classname="tests.test_multi_position_and_lesson_quality" name="test_default_rules_have_no_hidden_leverage_cap" time="0.000" /><testcase classname="tests.test_multi_position_and_lesson_quality" name="test_leverage_cap_lessons_rejected" time="0.001" /><testcase classname="tests.test_multi_position_and_lesson_quality" name="test_margin_and_sl_lessons_still_allowed" time="0.001" /><testcase classname="tests.test_multi_position_and_lesson_quality" name="test_blanket_direction_lesson_rejected_contextual_allowed" time="0.000" /><testcase classname="tests.test_multi_position_and_lesson_quality" name="test_direction_check_can_be_disabled" time="0.000" /><testcase classname="tests.test_multi_position_and_lesson_quality" name="test_expired_lessons_leave_the_prompt" time="0.001" /><testcase classname="tests.test_multi_position_and_lesson_quality" name="test_profit_release_plan_respects_reduce_pct" time="0.001" /><testcase classname="tests.test_multi_position_and_lesson_quality" name="test_sl_liq_guard_pulls_sl_behind_liq" time="0.000" /><testcase classname="tests.test_multi_position_and_lesson_quality" name="test_sl_liq_guard_blocks_when_too_close_to_price" time="0.000" /><testcase classname="tests.test_multi_position_and_lesson_quality" name="test_release_secured_margin_defers_until_safe" time="0.001" /><testcase classname="tests.test_multi_position_and_lesson_quality" name="test_release_secured_margin_caps_at_coin_max_leverage" time="0.001" /><testcase classname="tests.test_playbook_backups_notify" name="test_multiple_backup_keys_order" time="0.001" /><testcase classname="tests.test_playbook_backups_notify" name="test_single_backup_still_works" time="0.000" /><testcase classname="tests.test_playbook_backups_notify" name="test_backup_key_counts" time="0.001" /><testcase classname="tests.test_playbook_backups_notify" name="test_normalize_setup" time="0.000" /><testcase classname="tests.test_playbook_backups_notify" name="test_verdict_for" time="0.000" /><testcase classname="tests.test_playbook_backups_notify" name="test_setup_enum_covers_all_setups" time="0.000" /><testcase classname="tests.test_playbook_backups_notify" name="test_direction_guard_blocks_fourth_same_side" time="0.000" /><testcase classname="tests.test_playbook_backups_notify" name="test_direction_guard_disabled_with_zero" time="0.000" /><testcase classname="tests.test_playbook_backups_notify" name="test_cluster_guard_blocks_same_zone_entry" time="0.000" /><testcase classname="tests.test_playbook_backups_notify" name="test_correlation_guard_blocks_second_correlated_same_side" time="0.000" /><testcase classname="tests.test_playbook_backups_notify" name="test_correlated_trades_count_as_one_direction_risk" time="0.000" /><testcase classname="tests.test_playbook_backups_notify" name="test_fail_lines_groups_by_provider_and_reason" time="0.000" /><testcase classname="tests.test_playbook_backups_notify" name="test_summarize_single_failure_keeps_detail" time="0.000" /><testcase classname="tests.test_playbook_backups_notify" name="test_summarize_many_failures_compact_but_precise" time="0.000" /><testcase classname="tests.test_strategy_insights" name="test_trade_stats_aggregation" time="0.000" /><testcase classname="tests.test_strategy_insights" name="test_optimizer_best_latest_per_strategy" time="0.000" /><testcase classname="tests.test_strategy_insights" name="test_context_text_contains_strategies_and_notes" time="0.001" /><testcase classname="tests.test_strategy_insights" name="test_context_text_respects_max_chars" time="0.000" /><testcase classname="tests.test_strategy_insights" name="test_context_text_survives_empty_db" time="0.000" /><testcase classname="tests.test_strategy_insights" name="test_develop_creates_ghost_candidate_with_insights_context" time="0.001" /><testcase classname="tests.test_strategy_insights" name="test_develop_respects_should_create_false" time="0.001" /><testcase classname="tests.test_strategy_insights" name="test_develop_blocked_when_ai_create_disabled" time="0.000" /><testcase classname="tests.test_strategy_insights" name="test_develop_blocked_when_too_many_active_candidates" time="0.000" /><testcase classname="tests.test_strategy_insights" name="test_develop_invalid_rule_definition_is_dropped" time="0.001" /><testcase classname="tests.test_strategy_insights" name="test_auto_develop_runs_once_and_respects_interval" time="0.001" /><testcase classname="tests.test_strategy_insights" name="test_auto_develop_disabled" time="0.000" /><testcase classname="tests.test_strategy_insights" name="test_daily_quota_cooldown_until_utc_midnight" time="0.000" /><testcase classname="tests.test_strategy_insights" name="test_daily_quota_key_skipped_long" time="0.000" /><testcase classname="tests.test_improvements_0_6" name="test_backup_env_names_unlimited" time="0.000" /><testcase classname="tests.test_improvements_0_6" name="test_provider_keys_pick_up_high_backup_numbers" time="0.000" /><testcase classname="tests.test_improvements_0_6" name="test_backup_names_ignore_foreign_env" time="0.000" /><testcase classname="tests.test_improvements_0_6" name="test_enrich_trade_prefers_exchange_upnl" time="0.000" /><testcase classname="tests.test_improvements_0_6" name="test_enrich_trade_scales_partial_position" time="0.000" /><testcase classname="tests.test_improvements_0_6" name="test_enrich_trade_scanner_fallback_without_exchange" time="0.000" /><testcase classname="tests.test_improvements_0_6" name="test_enrich_trade_short_side_exchange" time="0.000" /><testcase classname="tests.test_improvements_0_6" name="test_watchdog_adopt_marks_manual_trade" time="0.001" /><testcase classname="tests.test_improvements_0_6" name="test_watchdog_default_does_not_manage_external" time="0.000" /><testcase classname="tests.test_improvements_0_6" name="test_session_levels_detects_asia_and_london" time="0.001" /><testcase classname="tests.test_improvements_0_6" name="test_session_levels_text_contains_sweep_hint" time="0.000" /><testcase classname="tests.test_improvements_0_6" name="test_volume_zones_finds_high_volume_cluster" time="0.001" /><testcase classname="tests.test_improvements_0_6" name="test_volume_zones_empty_on_flat_or_short_data" time="0.000" /><testcase classname="tests.test_ai_chat_commands_and_fixes" name="test_clamp_sl_short_wrong_side_is_corrected" time="0.000" /><testcase classname="tests.test_ai_chat_commands_and_fixes" name="test_clamp_sl_long_wrong_side_is_corrected" time="0.000" /><testcase classname="tests.test_ai_chat_commands_and_fixes" name="test_clamp_sl_valid_values_unchanged" time="0.000" /><testcase classname="tests.test_ai_chat_commands_and_fixes" name="test_clamp_tp_wrong_side_is_corrected" time="0.000" /><testcase classname="tests.test_ai_chat_commands_and_fixes" name="test_clamp_handles_bad_input" time="0.000" /><testcase classname="tests.test_ai_chat_commands_and_fixes" name="test_resolve_price_unchanged" time="0.000" /><testcase classname="tests.test_ai_chat_commands_and_fixes" name="test_looks_like_command_detects_close_and_lessons" time="0.000" /><testcase classname="tests.test_ai_chat_commands_and_fixes" name="test_looks_like_command_ignores_questions" time="0.000" /><testcase classname="tests.test_ai_chat_commands_and_fixes" name="test_match_lesson_by_id_title_and_partial" time="0.000" /><testcase classname="tests.test_ai_chat_commands_and_fixes" name="test_match_trades_filters_mode_symbol_side" time="0.000" /><testcase classname="tests.test_ai_chat_commands_and_fixes" name="test_valid_rule_definition" time="0.000" /><testcase classname="tests.test_ai_chat_commands_and_fixes" name="test_validation_has_lesson_confirmation_threshold" time="0.000" /><testcase classname="tests.test_instruments_universe" name="test_legacy_config_exports_unchanged" time="0.000" /><testcase classname="tests.test_instruments_universe" name="test_groups_order_and_membership" time="0.000" /><testcase classname="tests.test_instruments_universe" name="test_every_symbol_is_backtestable" time="0.000" /><testcase classname="tests.test_instruments_universe" name="test_history_source_routing[BTCUSDT-binance]" time="0.000" /><testcase classname="tests.test_instruments_universe" name="test_history_source_routing[GOLD-bitunix]" time="0.000" /><testcase classname="tests.test_instruments_universe" name="test_history_source_routing[QQQUSDT-bitunix]" time="0.000" /><testcase classname="tests.test_instruments_universe" name="test_history_source_routing[EURUSD-yahoo]" time="0.000" /><testcase classname="tests.test_instruments_universe" name="test_unknown_symbol_falls_back_to_binance" time="0.000" /><testcase classname="tests.test_instruments_universe" name="test_bitunix_symbol_mapping" time="0.000" /><testcase classname="tests.test_instruments_universe" name="test_tradability_flags" time="0.000" /><testcase classname="tests.test_instruments_universe" name="test_history_days_cap" time="0.000" /><testcase classname="tests.test_instruments_universe" name="test_parallel_support_only_for_range_paging_sources" time="0.000" /><testcase classname="tests.test_iter_ai_supervisor_auto" name="test_settings_are_sanitized_and_persisted" time="0.001" /><testcase classname="tests.test_iter_ai_supervisor_auto" name="test_due_only_when_enabled_and_old_enough" time="0.000" /><testcase classname="tests.test_iter_ai_supervisor_auto" name="test_auto_switch_disabled_by_default" time="0.000" /><testcase classname="tests.test_iter_ai_supervisor_auto" name="test_auto_switch_uses_role_fallback_and_rollback_restores" time="0.001" /><testcase classname="tests.test_iter_ai_supervisor_auto" name="test_auto_switch_falls_back_to_suggested_model" time="0.000" /><testcase classname="tests.test_iter_ai_supervisor_auto" name="test_auto_switch_also_on_explicit_recommendation" time="0.000" /><testcase classname="tests.test_iter_ai_supervisor_auto" name="test_auto_switch_cascades_to_fallback_when_already_active" time="0.000" /><testcase classname="tests.test_iter_ai_supervisor_auto" name="test_apply_assist_applies_selected_fields" time="0.000" /><testcase classname="tests.test_iter_ai_supervisor_auto" name="test_apply_assist_all_fields_and_registers" time="0.001" /><testcase classname="tests.test_iter_ai_supervisor_auto" name="test_apply_assist_without_assist_errors" time="0.000" /><testcase classname="tests.test_iter_ai_supervisor_auto" name="test_apply_assist_ignores_invalid_rule_definition" time="0.000" /><testcase classname="tests.test_live_levels_and_cascade" name="test_sync_levels_caps_qty_to_exchange_amount" time="0.000" /><testcase classname="tests.test_live_levels_and_cascade" name="test_sync_levels_cancels_stale_tpsl_orders_before_placing" time="0.000" /><testcase classname="tests.test_live_levels_and_cascade" name="test_sync_levels_retries_without_qty_when_size_rejected" time="0.000" /><testcase classname="tests.test_live_levels_and_cascade" name="test_sync_levels_prefers_modify_no_cancel_needed" time="0.000" /><testcase classname="tests.test_live_levels_and_cascade" name="test_sync_levels_replaces_with_both_sides_after_cancel" time="0.000" /><testcase classname="tests.test_live_levels_and_cascade" name="test_close_caps_qty_to_live_amount" time="0.802" /><testcase classname="tests.test_live_levels_and_cascade" name="test_close_ok_when_position_already_gone" time="0.001" /><testcase classname="tests.test_live_levels_and_cascade" name="test_cascade_switches_to_fallback1_first" time="0.001" /><testcase classname="tests.test_live_levels_and_cascade" name="test_cascade_switches_to_fallback2_when_fb1_active" time="0.001" /><testcase classname="tests.test_live_levels_and_cascade" name="test_cascade_uses_suggestion_when_all_fallbacks_active" time="0.001" /><testcase classname="tests.test_live_levels_and_cascade" name="test_cascade_no_switch_without_candidates" time="0.000" /><testcase classname="tests.test_regime_v2_and_gate_domain" name="test_v2_vol_percentile_bases" time="0.000" /><testcase classname="tests.test_regime_v2_and_gate_domain" name="test_v2_fallback_fixed_thresholds_without_rank" time="0.000" /><testcase classname="tests.test_regime_v2_and_gate_domain" name="test_v2_trend_hysteresis" time="0.000" /><testcase classname="tests.test_regime_v2_and_gate_domain" name="test_v2_breakout_needs_confirmation" time="0.000" /><testcase classname="tests.test_regime_v2_and_gate_domain" name="test_v1_unchanged_for_legacy" time="0.000" /><testcase classname="tests.test_regime_v2_and_gate_domain" name="test_compute_features_marks_regime_v2" time="0.001" /><testcase classname="tests.test_regime_v2_and_gate_domain" name="test_compute_features_percentile_and_daily_trend" time="0.020" /><testcase classname="tests.test_regime_v2_and_gate_domain" name="test_compute_features_daily_bias_up" time="0.011" /><testcase classname="tests.test_regime_v2_and_gate_domain" name="test_compute_features_prev_regime_hysteresis" time="0.002" /><testcase classname="tests.test_regime_v2_and_gate_domain" name="test_snapshot_to_text_with_and_without_daily" time="0.000" /><testcase classname="tests.test_regime_v2_and_gate_domain" name="test_shadow_predict_skips_out_of_domain" time="0.000" /><testcase classname="tests.test_live_close_fix" name="test_manual_close_fails_when_exchange_rejects" time="2.003" /><testcase classname="tests.test_live_close_fix" name="test_manual_close_succeeds_and_verifies_flat_position" time="0.001" /><testcase classname="tests.test_live_close_fix" name="test_missing_position_id_is_resolved_before_closing" time="0.802" /><testcase classname="tests.test_live_close_fix" name="test_close_is_ok_when_position_already_gone" time="0.001" /><testcase classname="tests.test_live_close_fix" name="test_partial_close_aborts_on_exchange_error" time="2.003" /><testcase classname="tests.test_live_close_fix" name="test_adjust_levels_prefers_modifying_the_existing_tpsl_order" time="0.001" /><testcase classname="tests.test_live_close_fix" name="test_adjust_levels_pushes_to_exchange_and_reports_rejection" time="0.001" /><testcase classname="tests.test_live_close_fix" name="test_live_position_qty_parsing[rows0-0.0]" time="0.001" /><testcase classname="tests.test_live_close_fix" name="test_live_position_qty_parsing[rows1-0.5]" time="0.000" /><testcase classname="tests.test_live_close_fix" name="test_live_position_qty_parsing[rows2-0.0]" time="0.000" /><testcase classname="tests.test_setup_live_gate" name="test_new_setup_not_live_ready" time="0.000" /><testcase classname="tests.test_setup_live_gate" name="test_immature_setup_collects_first" time="0.000" /><testcase classname="tests.test_setup_live_gate" name="test_proven_setup_is_live_ready" time="0.000" /><testcase classname="tests.test_setup_live_gate" name="test_neutral_setup_is_live_ready" time="0.000" /><testcase classname="tests.test_setup_live_gate" name="test_weak_setup_not_live_ready" time="0.000" /><testcase classname="tests.test_setup_live_gate" name="test_live_ready_computes_verdict_if_missing" time="0.000" /><testcase classname="tests.test_setup_live_gate" name="test_maturity_overview_all_setups_listed" time="0.000" /><testcase classname="tests.test_setup_live_gate" name="test_maturity_overview_disabled_setup_not_live" time="0.000" /><testcase classname="tests.test_setup_live_gate" name="test_refresh_posts_feed_message_on_transition" time="0.001" /><testcase classname="tests.test_setup_live_gate" name="test_refresh_no_feed_message_on_first_init" time="0.000" /><testcase classname="tests.test_fix_0_6_boot_backfill" name="test_label_long_win_before_sl" time="0.000" /><testcase classname="tests.test_fix_0_6_boot_backfill" name="test_label_long_loss_before_tp" time="0.000" /><testcase classname="tests.test_fix_0_6_boot_backfill" name="test_label_short_win" time="0.000" /><testcase classname="tests.test_fix_0_6_boot_backfill" name="test_label_ambiguous_same_candle_is_conservative_loss" time="0.000" /><testcase classname="tests.test_fix_0_6_boot_backfill" name="test_label_none_when_no_level_hit" time="0.000" /><testcase classname="tests.test_fix_0_6_boot_backfill" name="test_label_ignores_candles_before_signal" time="0.000" /><testcase classname="tests.test_fix_0_6_boot_backfill" name="test_ts_to_ms" time="0.000" /><testcase classname="tests.test_fix_0_6_boot_backfill" name="test_downtime_labeling_db_and_trade_pnl_priority" time="0.012" /><testcase classname="tests.test_fix_0_6_boot_backfill" name="test_audit_log_written" time="0.008" /><testcase classname="tests.test_iter_ai_supervisor_autonomy" name="test_parked_proposal_is_applied_when_data_arrives" time="0.001" /><testcase classname="tests.test_iter_ai_supervisor_autonomy" name="test_parked_proposal_stays_parked_without_data" time="0.000" /><testcase classname="tests.test_iter_ai_supervisor_autonomy" name="test_review_is_noop_in_suggest_mode" time="0.000" /><testcase classname="tests.test_iter_ai_supervisor_autonomy" name="test_actionable_proposals_empty_in_auto_mode" time="0.000" /><testcase classname="tests.test_iter_ai_supervisor_autonomy" name="test_actionable_proposals_in_suggest_mode" time="0.000" /><testcase classname="tests.test_iter_ai_supervisor_autonomy" name="test_max_lessons_up_to_100" time="0.000" /><testcase classname="tests.test_iter_ai_supervisor_autonomy" name="test_supervisor_roles_cover_team" time="0.000" /><testcase classname="tests.test_iter_ai_supervisor_autonomy" name="test_evidence_text_contains_roles_and_samples" time="0.000" /><testcase classname="tests.test_iter_ai_supervisor_autonomy" name="test_normalize_report_drops_invalid_model_and_role" time="0.000" /><testcase classname="tests.test_swing_and_profit_lock.TestProfitLockLimits" name="test_secure_profit_requires_profit" time="0.000" /><testcase classname="tests.test_swing_and_profit_lock.TestProfitLockLimits" name="test_secure_profit_disabled" time="0.001" /><testcase classname="tests.test_swing_and_profit_lock.TestProfitLockLimits" name="test_secure_profit_ok_within_bounds" time="0.000" /><testcase classname="tests.test_swing_and_profit_lock.TestProfitLockLimits" name="test_secure_profit_pct_bounds" time="0.000" /><testcase classname="tests.test_swing_and_profit_lock.TestProfitLockLimits" name="test_secure_profit_min_margin_left" time="0.000" /><testcase classname="tests.test_swing_and_profit_lock.TestProfitLockLimits" name="test_remove_margin_leverage_cap_no_profit" time="0.000" /><testcase classname="tests.test_swing_and_profit_lock.TestProfitLockLimits" name="test_remove_margin_higher_cap_in_profit" time="0.000" /><testcase classname="tests.test_swing_and_profit_lock.TestProfitLockLimits" name="test_set_leverage_profit_cap" time="0.000" /><testcase classname="tests.test_swing_and_profit_lock.TestProfitLockLimits" name="test_allow_margin_off_blocks_secure_profit" time="0.000" /><testcase classname="tests.test_trend_surfer" name="test_registered_with_2h_timeframe" time="0.000" /><testcase classname="tests.test_trend_surfer" name="test_default_params_match_backtest_validation" time="0.000" /><testcase classname="tests.test_trend_surfer" name="test_efficiency_ratio_math" time="0.002" /><testcase classname="tests.test_trend_surfer" name="test_long_signal_in_clean_uptrend" time="0.003" /><testcase classname="tests.test_trend_surfer" name="test_no_signal_in_chop_regime_gate" time="0.002" /><testcase classname="tests.test_trend_surfer" name="test_allow_short_toggle" time="0.002" /><testcase classname="tests.test_trend_surfer" name="test_vectorized_matches_analyze_last_bar" time="0.002" /><testcase classname="tests.test_trend_surfer" name="test_warmup_fits_live_buffer" time="0.002" /><testcase classname="tests.test_trend_surfer" name="test_recommended_override_seed_in_server" time="0.038" /><testcase classname="tests.test_ai_fixes_iter2" name="test_dedupe_keeps_most_validated_version" time="0.000" /><testcase classname="tests.test_ai_fixes_iter2" name="test_dedupe_never_drops_locked_lessons" time="0.000" /><testcase classname="tests.test_ai_fixes_iter2" name="test_dedupe_leaves_distinct_lessons_alone" time="0.000" /><testcase classname="tests.test_ai_fixes_iter2" name="test_merge_lessons_dedupes_ai_duplicate_of_locked" time="0.000" /><testcase classname="tests.test_ai_fixes_iter2" name="test_merge_lessons_existing_behavior_intact" time="0.000" /><testcase classname="tests.test_ai_fixes_iter2" name="test_audit_dedupes_stored_lessons" time="0.001" /><testcase classname="tests.test_ai_fixes_iter2" name="test_today_block_lists_signals_and_trades" time="0.001" /><testcase classname="tests.test_ai_fixes_iter2" name="test_today_block_without_activity" time="0.000" /><testcase classname="tests.test_rule_engine" name="test_dynamic_indicator_canonicalization" time="0.000" /><testcase classname="tests.test_rule_engine" name="test_normalize_accepts_ai_style_definition" time="0.000" /><testcase classname="tests.test_rule_engine" name="test_fast_sim_dynamic_series_and_hour" time="0.005" /><testcase classname="tests.test_rule_engine" name="test_rule_cond_expression_and_range" time="0.001" /><testcase classname="tests.test_rule_engine" name="test_custom_strategy_analyze_fires_with_dynamic_rules" time="0.001" /><testcase classname="tests.test_rule_engine" name="test_backwards_compat_plain_rules_still_work" time="0.003" /><testcase classname="tests.test_rule_engine" name="test_fix_suggestions_for_unknown_tokens" time="0.001" /><testcase classname="tests.test_rule_engine" name="test_expression_parser_edge_cases" time="0.001" /><testcase classname="tests.test_etappe3_direction_bias" name="test_auto_bias_mode3" time="0.000" /><testcase classname="tests.test_etappe3_direction_bias" name="test_auto_bias_mode5" time="0.000" /><testcase classname="tests.test_etappe3_direction_bias" name="test_fixed_and_off_bias" time="0.000" /><testcase classname="tests.test_etappe3_direction_bias" name="test_simulate_pair_no_filter_trades_both_sides" time="0.007" /><testcase classname="tests.test_etappe3_direction_bias" name="test_simulate_pair_long_only" time="0.004" /><testcase classname="tests.test_etappe3_direction_bias" name="test_simulate_pair_short_only" time="0.004" /><testcase classname="tests.test_etappe3_direction_bias" name="test_simulate_pair_invalid_filter_ignored" time="0.006" /><testcase classname="tests.test_fee_breakdown" name="test_entry_fee_is_fee_percent_of_notional" time="0.000" /><testcase classname="tests.test_fee_breakdown" name="test_open_trade_estimates_close_fee_and_total" time="0.000" /><testcase classname="tests.test_fee_breakdown" name="test_closed_trade_splits_entry_and_exit_fee" time="0.000" /><testcase classname="tests.test_fee_breakdown" name="test_price_move_pct_direction_adjusted" time="0.000" /><testcase classname="tests.test_fee_breakdown" name="test_pnl_pct_margin_includes_fees_upnl_excludes" time="0.000" /><testcase classname="tests.test_fee_breakdown" name="test_effective_fee_uses_global_taker_setting" time="0.000" /><testcase classname="tests.test_fee_breakdown" name="test_effective_fee_default_without_setting" time="0.000" /><testcase classname="tests.test_iter_ai_json" name="test_valid_json_unchanged" time="0.000" /><testcase classname="tests.test_iter_ai_json" name="test_markdown_fence_and_prose" time="0.000" /><testcase classname="tests.test_iter_ai_json" name="test_trailing_comma_and_comments" time="0.000" /><testcase classname="tests.test_iter_ai_json" name="test_truncated_object_is_salvaged" time="0.000" /><testcase classname="tests.test_iter_ai_json" name="test_truncated_inside_string_is_salvaged" time="0.000" /><testcase classname="tests.test_iter_ai_json" name="test_braces_inside_strings_are_ignored" time="0.000" /><testcase classname="tests.test_iter_ai_json" name="test_empty_and_garbage_raise" time="0.000" /><testcase classname="tests.test_iter_tz_customparams_liquidity.TestTimeUtil" name="test_naive_iso_is_utc" time="0.000" /><testcase classname="tests.test_iter_tz_customparams_liquidity.TestTimeUtil" name="test_winter_time_is_utc_plus_1" time="0.000" /><testcase classname="tests.test_iter_tz_customparams_liquidity.TestTimeUtil" name="test_summer_time_is_utc_plus_2" time="0.000" /><testcase classname="tests.test_iter_tz_customparams_liquidity.TestTimeUtil" name="test_berlin_date_rolls_over_before_utc_midnight" time="0.000" /><testcase classname="tests.test_iter_tz_customparams_liquidity.TestTimeUtil" name="test_berlin_minutes" time="0.000" /><testcase classname="tests.test_iter_tz_customparams_liquidity.TestTimeUtil" name="test_now_iso_has_offset" time="0.000" /><testcase classname="tests.test_iter_tz_customparams_liquidity.TestTimeUtil" name="test_fallback_for_garbage" time="0.000" /><testcase classname="tests.test_iter_tz_customparams_liquidity.TestLiquidityLevels" name="test_swing_pivots_found" time="0.000" /><testcase classname="tests.test_iter_tz_customparams_liquidity.TestLiquidityLevels" name="test_equal_levels_cluster" time="0.000" /><testcase classname="tests.test_iter_tz_customparams_liquidity.TestLiquidityLevels" name="test_volume_profile_value_area" time="0.000" /><testcase classname="tests.test_iter_tz_customparams_liquidity.TestLiquidityLevels" name="test_levels_scored_and_sorted" time="0.001" /><testcase classname="tests.test_iter_tz_customparams_liquidity.TestLiquidityLevels" name="test_untested_pivot_detection" time="0.000" /><testcase classname="tests.test_iter_tz_customparams_liquidity.TestLiquidityLevels" name="test_heatmap_bins_normalised" time="0.002" /><testcase classname="tests.test_iter_tz_customparams_liquidity.TestLiquidityLevels" name="test_empty_candles_safe" time="0.000" /><testcase classname="tests.test_orderflow_and_lesson_reeval" name="test_orderflow_delta_direction" time="0.001" /><testcase classname="tests.test_orderflow_and_lesson_reeval" name="test_orderflow_needs_min_trades" time="0.000" /><testcase classname="tests.test_orderflow_and_lesson_reeval" name="test_orderflow_sell_sweep_absorbed" time="0.000" /><testcase classname="tests.test_ai_trader_quality_fixes" name="test_default_config_heatmap_off_liquidation_on" time="0.000" /><testcase classname="tests.test_orderflow_and_lesson_reeval" name="test_orderflow_large_prints_side" time="0.000" /><testcase classname="tests.test_ai_trader_quality_fixes" name="test_default_config_cost_savers_on" time="0.000" /><testcase classname="tests.test_ai_trader_quality_fixes" name="test_update_config_accepts_new_toggles" time="0.001" /><testcase classname="tests.test_orderflow_and_lesson_reeval" name="test_reeval_removes_outdated_only_unlocked" time="0.000" /><testcase classname="tests.test_orderflow_and_lesson_reeval" name="test_reeval_adjust_updates_detail" time="0.000" /><testcase classname="tests.test_ai_trader_quality_fixes" name="test_update_config_clamps_move_pct" time="0.000" /><testcase classname="tests.test_orderflow_and_lesson_reeval" name="test_reeval_valid_gets_fresh_stamp" time="0.000" /><testcase classname="tests.test_ai_trader_quality_fixes" name="test_model_clusters_are_marked_as_modelled" time="0.000" /><testcase classname="tests.test_robustness_features.TestNewRobustnessChecks" name="test_parse_new_config" time="0.000" /><testcase classname="tests.test_ai_trader_quality_fixes" name="test_liquidity_prompt_no_longer_sells_model_clusters_as_magnets" time="0.001" /><testcase classname="tests.test_robustness_features.TestNewRobustnessChecks" name="test_stressed_cfg" time="0.000" /><testcase classname="tests.test_robustness_features.TestNewRobustnessChecks" name="test_perturb_definition_and_params" time="0.000" /><testcase classname="tests.test_robustness_features.TestNewRobustnessChecks" name="test_stability_eval" time="0.000" /><testcase classname="tests.test_robustness_features.TestNewRobustnessChecks" name="test_monte_carlo" time="0.003" /><testcase classname="tests.test_ai_trader_quality_fixes" name="test_extra_blocks_lean_gates_static_content" time="0.002" /><testcase classname="tests.test_ai_trader_quality_fixes" name="test_lesson_topics_matches_title_only" time="0.000" /><testcase classname="tests.test_ai_trader_quality_fixes" name="test_leverage_conflict_newest_trader_instruction_wins" time="0.000" /><testcase classname="tests.test_ai_trader_quality_fixes" name="test_break_even_conflict_resolved_by_recency" time="0.000" /><testcase classname="tests.test_robustness_features.TestNewRobustnessChecks" name="test_regime_breakdown" time="0.001" /><testcase classname="tests.test_ai_trader_quality_fixes" name="test_ai_lesson_superseded_by_trader_lesson_same_topic" time="0.000" /><testcase classname="tests.test_ai_trader_quality_fixes" name="test_unrelated_lessons_untouched" time="0.000" /><testcase classname="tests.test_ai_trader_quality_fixes" name="test_ai_only_topic_not_consolidated" time="0.000" /><testcase classname="tests.test_robustness_features.TestNewRobustnessChecks" name="test_chunk_pnls_from_trades" time="0.003" /><testcase classname="tests.test_ai_trader_quality_fixes" name="test_winner_in_one_topic_never_superseded_by_another" time="0.000" /><testcase classname="tests.test_ai_trader_quality_fixes" name="test_lessons_text_excludes_superseded" time="0.000" /><testcase classname="tests.test_ai_trader_quality_fixes" name="test_active_lessons_keeps_flags_out_of_prompt_but_data_stored" time="0.000" /><testcase classname="tests.test_ai_trader_quality_fixes" name="test_merge_lessons_preserves_superseded_flags" time="0.000" /><testcase classname="tests.test_ai_trader_quality_fixes" name="test_smart_skip_when_market_unchanged" time="0.000" /><testcase classname="tests.test_ai_trader_quality_fixes" name="test_no_skip_on_manual_run" time="0.000" /><testcase classname="tests.test_ai_trader_quality_fixes" name="test_no_skip_when_disabled" time="0.000" /><testcase classname="tests.test_ai_lessons_merge" name="test_old_lessons_survive_a_run_with_few_new_lessons" time="0.000" /><testcase classname="tests.test_ai_trader_quality_fixes" name="test_no_skip_with_open_position_in_group" time="0.000" /><testcase classname="tests.test_ai_trader_quality_fixes" name="test_no_skip_when_open_positions_unknown" time="0.000" /><testcase classname="tests.test_ai_lessons_merge" name="test_repeated_runs_accumulate_up_to_limit" time="0.014" /><testcase classname="tests.test_ai_trader_quality_fixes" name="test_no_skip_on_significant_price_move" time="0.000" /><testcase classname="tests.test_ai_trader_quality_fixes" name="test_no_skip_when_last_decision_wanted_to_trade" time="0.000" /><testcase classname="tests.test_ai_trader_quality_fixes" name="test_no_skip_without_fresh_decision" time="0.000" /><testcase classname="tests.test_ai_trader_quality_fixes" name="test_max_two_consecutive_skips_then_forced_run" time="0.000" /><testcase classname="tests.test_ai_trader_quality_fixes" name="test_skip_requires_all_symbols_calm" time="0.000" /><testcase classname="tests.test_bugreport_fixes" name="test_close_dust_position_counts_as_closed" time="0.000" /><testcase classname="tests.test_bugreport_fixes" name="test_close_normal_position_still_flash_closes" time="2.003" /><testcase classname="tests.test_ai_lessons_merge" name="test_limit_is_respected" time="0.004" /><testcase classname="tests.test_ai_lessons_merge" name="test_duplicate_titles_are_updated_not_doubled" time="0.000" /><testcase classname="tests.test_ai_lessons_merge" name="test_removed_lessons_are_dropped" time="0.000" /><testcase classname="tests.test_ai_lessons_merge" name="test_entries_without_title_are_ignored" time="0.000" /><testcase classname="tests.test_exchange_close_truth.TestParseClosedPosition" name="test_parses_net_pnl" time="0.000" /><testcase classname="tests.test_exchange_close_truth.TestParseClosedPosition" name="test_unknown_position_id" time="0.000" /><testcase classname="tests.test_exchange_close_truth.TestParseClosedPosition" name="test_error_response" time="0.000" /><testcase classname="tests.test_exchange_close_truth.TestParseClosedPosition" name="test_broken_numbers" time="0.000" /><testcase classname="tests.test_exchange_close_truth.TestParseClosedPosition" name="test_fee_already_included_not_double_counted" time="0.000" /><testcase classname="tests.test_exchange_close_truth.TestParseClosedPosition" name="test_fee_excluded_gross_pnl_kept" time="0.000" /><testcase classname="tests.test_forex_volume_proxy" name="test_activity_volume_is_positive_and_scales_with_range" time="0.000" /><testcase classname="tests.test_forex_volume_proxy" name="test_relative_volume_neutral_without_volume_data" time="0.000" /><testcase classname="tests.test_forex_volume_proxy" name="test_relative_volume_unchanged_with_volume_data" time="0.000" /><testcase classname="tests.test_forex_volume_proxy" name="test_relative_volume_needs_enough_candles" time="0.000" /><testcase classname="tests.test_forex_volume_proxy" name="test_fast_series_rel_volume_neutral_without_volume" time="0.001" /><testcase classname="tests.test_forex_volume_proxy" name="test_vwap_falls_back_to_typical_price_without_volume" time="0.000" /><testcase classname="tests.test_funding_fee_guard.TestAdverseFundingPct" name="test_long_pays_positive_rate" time="0.000" /><testcase classname="tests.test_funding_fee_guard.TestAdverseFundingPct" name="test_long_receives_negative_rate" time="0.000" /><testcase classname="tests.test_funding_fee_guard.TestAdverseFundingPct" name="test_short_pays_negative_rate" time="0.000" /><testcase classname="tests.test_funding_fee_guard.TestAdverseFundingPct" name="test_short_receives_positive_rate" time="0.000" /><testcase classname="tests.test_funding_fee_guard.TestAdverseFundingPct" name="test_invalid_inputs_fail_open" time="0.000" /><testcase classname="tests.test_funding_fee_guard.TestAdverseFundingPct" name="test_hold_hours_mapping" time="0.000" /><testcase classname="tests.test_improvements_fee_lessons_aimanage.TestFeeGuardV3" name="test_high_crv_allows_tight_stop" time="0.000" /><testcase classname="tests.test_improvements_fee_lessons_aimanage.TestFeeGuardV3" name="test_medium_crv_allows_15pct_undershoot" time="0.000" /><testcase classname="tests.test_improvements_fee_lessons_aimanage.TestFeeGuardV3" name="test_low_crv_still_blocked" time="0.000" /><testcase classname="tests.test_improvements_fee_lessons_aimanage.TestFeeGuardV3" name="test_too_tight_even_with_high_crv" time="0.000" /><testcase classname="tests.test_improvements_fee_lessons_aimanage.TestFeeGuardV3" name="test_relax_can_be_disabled" time="0.000" /><testcase classname="tests.test_improvements_fee_lessons_aimanage.TestFeeGuardV3" name="test_regression_without_tp_unchanged" time="0.000" /><testcase classname="tests.test_improvements_orderflow_ml_news.TestFxOrderflow" name="test_buyer_dominant_delta_positive" time="0.001" /><testcase classname="tests.test_improvements_orderflow_ml_news.TestFxOrderflow" name="test_inverted_contract_flips_direction" time="0.000" /><testcase classname="tests.test_improvements_orderflow_ml_news.TestFxOrderflow" name="test_too_few_candles_returns_none" time="0.000" /><testcase classname="tests.test_improvements_orderflow_ml_news.TestFxOrderflow" name="test_flow_text_mentions_real_futures_volume" time="0.000" /><testcase classname="tests.test_improvements_orderflow_ml_news.TestFxOrderflow" name="test_futures_map_covers_all_forex" time="0.000" /><testcase classname="tests.test_improvements_orderflow_ml_news.TestFxOrderflow" name="test_snapshot_text_cache_expiry" time="0.000" /><testcase classname="tests.test_improvements_orderflow_ml_news.TestMlGateSizeFactor" name="test_low_auc_halves_position" time="0.000" /><testcase classname="tests.test_improvements_orderflow_ml_news.TestMlGateSizeFactor" name="test_good_auc_no_reduction" time="0.000" /><testcase classname="tests.test_improvements_orderflow_ml_news.TestMlGateSizeFactor" name="test_no_model_or_no_auc" time="0.000" /><testcase classname="tests.test_improvements_orderflow_ml_news.TestMlGateSizeFactor" name="test_scaling_can_be_disabled_and_tuned" time="0.000" /><testcase classname="tests.test_improvements_orderflow_ml_news.TestMlGateSizeFactor" name="test_status_exposes_size_factor" time="0.000" /><testcase classname="tests.test_improvements_orderflow_ml_news.TestMlGateSizeFactor" name="test_update_settings_roundtrip" time="0.001" /><testcase classname="tests.test_iter_tz_customparams_liquidity.TestParamSpace" name="test_periods_and_thresholds_present" time="0.000" /><testcase classname="tests.test_iter_tz_customparams_liquidity.TestParamSpace" name="test_meta_is_optimizer_compatible" time="0.000" /><testcase classname="tests.test_iter_tz_customparams_liquidity.TestParamSpace" name="test_indicator_only_rules_have_no_threshold_param" time="0.000" /><testcase classname="tests.test_iter_tz_customparams_liquidity.TestParamSpace" name="test_max_params_capped" time="0.000" /><testcase classname="tests.test_iter_tz_customparams_liquidity.TestParamSpace" name="test_apply_params_changes_rules_and_periods" time="0.000" /><testcase classname="tests.test_iter_tz_customparams_liquidity.TestParamSpace" name="test_apply_params_without_params_returns_same" time="0.000" /><testcase classname="tests.test_robustness_features.TestRollingWalkForward" name="test_parse_rolling_config" time="0.000" /><testcase classname="tests.test_robustness_features.TestRollingWalkForward" name="test_anchored_windows_split" time="0.001" /><testcase classname="tests.test_robustness_features.TestRollingWalkForward" name="test_rolling_windows_split" time="0.001" /><testcase classname="tests.test_robustness_features.TestRollingWalkForward" name="test_aggregate_rolling" time="0.000" /><testcase classname="tests.test_robustness_features.TestRollingWalkForward" name="test_combine_test_metrics" time="0.000" /><testcase classname="tests.test_robustness_features.TestRollingWalkForward" name="test_finalize_rolling_integration" time="0.257" /><testcase classname="tests.test_improvements_fee_lessons_aimanage.TestAiManageAllowed" name="test_own_ai_trades_always_allowed" time="0.000" /><testcase classname="tests.test_improvements_fee_lessons_aimanage.TestAiManageAllowed" name="test_foreign_strategy_blocked_by_default" time="0.000" /><testcase classname="tests.test_improvements_fee_lessons_aimanage.TestAiManageAllowed" name="test_checkbox_in_strategy_override_allows" time="0.000" /><testcase classname="tests.test_improvements_fee_lessons_aimanage.TestAiManageAllowed" name="test_coin_level_config_wins" time="0.000" /><testcase classname="tests.test_improvements_fee_lessons_aimanage.TestAiManageAllowed" name="test_defaults_contain_flag" time="0.000" /><testcase classname="tests.test_indicator_cache" name="test_fingerprint_is_stable_and_data_sensitive" time="0.003" /><testcase classname="tests.test_indicator_cache" name="test_put_get_roundtrip_disk_and_memory" time="0.002" /><testcase classname="tests.test_indicator_cache" name="test_fast_series_uses_and_populates_cache" time="0.002" /><testcase classname="tests.test_indicator_cache" name="test_clear_removes_files_and_memory" time="0.002" /><testcase classname="tests.test_indicator_cache" name="test_get_ignores_stale_length_gracefully" time="0.002" /><testcase classname="tests.test_iter49_empty_response_retry" name="test_empty_response_single_retry_succeeds" time="0.001" /><testcase classname="tests.test_iter49_empty_response_retry" name="test_empty_response_rotates_keys_then_next_model" time="0.001" /><testcase classname="tests.test_iter49_empty_response_retry" name="test_other_errors_still_skip_model_immediately" time="0.001" /><testcase classname="tests.test_iter49_empty_response_retry" name="test_all_empty_raises_last_error" time="0.001" /><testcase classname="tests.test_iter49_empty_response_retry" name="test_health_detail_explains_overload" time="0.001" /><testcase classname="tests.test_iter50_free_tier_protection" name="test_no_paid_model_in_fallback_orders" time="0.000" /><testcase classname="tests.test_iter50_free_tier_protection" name="test_role_preset_chains_never_contain_paid_models" time="0.001" /><testcase classname="tests.test_iter50_free_tier_protection" name="test_discovery_only_offers_free_openrouter_models" time="0.000" /><testcase classname="tests.test_iter50_free_tier_protection" name="test_explicit_paid_selection_still_works" time="0.000" /><testcase classname="tests.test_iter50_free_tier_protection" name="test_paid_models_are_openrouter_only_and_in_catalog" time="0.001" /><testcase classname="tests.test_profit_release_and_secure_profit" name="test_release_secured_margin_updates_lev_margin_liq" time="0.001" /><testcase classname="tests.test_profit_release_and_secure_profit" name="test_release_secured_margin_noop_when_lev_already_max" time="0.000" /><testcase classname="tests.test_profit_release_and_secure_profit" name="test_secure_profit_executes_margin_removal_when_in_profit" time="0.000" /><testcase classname="tests.test_profit_release_and_secure_profit" name="test_secure_profit_blocked_when_not_in_profit" time="0.000" /><testcase classname="tests.test_profit_release_and_secure_profit" name="test_remove_margin_gets_profit_lock_cap_when_in_profit" time="0.001" /><testcase classname="tests.test_qqq_range_chart_fixes.TestRangeAnalysis" name="test_detect_range" time="0.000" /><testcase classname="tests.test_qqq_range_chart_fixes.TestRangeAnalysis" name="test_no_range_in_trend" time="0.000" /><testcase classname="tests.test_qqq_range_chart_fixes.TestRangeAnalysis" name="test_wick_rejection_bottom" time="0.000" /><testcase classname="tests.test_qqq_range_chart_fixes.TestRangeAnalysis" name="test_range_text_smoke" time="0.014" /><testcase classname="tests.test_qqq_range_chart_fixes.TestRangeAnalysis" name="test_short_data_safe" time="0.000" /><testcase classname="tests.test_rule_timeframes.TestOptimizerIntegration" name="test_apply_params_sets_and_clears_tf" time="0.000" /><testcase classname="tests.test_rule_timeframes.TestOptimizerIntegration" name="test_rule_timeframe_space" time="0.000" /><testcase classname="tests.test_rule_timeframes.TestOptimizerIntegration" name="test_get_params_passes_tf_keys" time="0.000" /><testcase classname="tests.test_rule_timeframes.TestOptimizerIntegration" name="test_build_candidates_tf_variants" time="0.000" /><testcase classname="tests.test_rule_timeframes.TestOptimizerIntegration" name="test_rule_text_shows_tf" time="0.000" /><testcase classname="tests.test_ai_open_trades_view" name="test_open_trades_text_shows_all_modes_and_strategies" time="0.000" /><testcase classname="tests.test_ai_open_trades_view" name="test_open_trades_text_reports_out_of_focus_positions" time="0.000" /><testcase classname="tests.test_ai_open_trades_view" name="test_open_trades_text_empty" time="0.000" /><testcase classname="tests.test_ai_open_trades_view" name="test_open_trades_text_focus_with_no_matches_still_hints_others" time="0.000" /><testcase classname="tests.test_entry_order_registry.TestRegistry" name="test_register_and_find_match" time="0.001" /><testcase classname="tests.test_entry_order_registry.TestRegistry" name="test_resolve_removes_entry" time="0.001" /><testcase classname="tests.test_entry_order_registry.TestRegistry" name="test_mark_orphan_keeps_entry_findable" time="0.001" /><testcase classname="tests.test_entry_order_registry.TestRegistry" name="test_old_entries_not_matched_and_cleaned" time="0.000" /><testcase classname="tests.test_exchange_close_truth.TestBookExternalClose" name="test_exact_bitunix_pnl_used" time="0.000" /><testcase classname="tests.test_exchange_close_truth.TestBookExternalClose" name="test_fallback_estimate_without_position_id" time="0.000" /><testcase classname="tests.test_exchange_close_truth.TestBookExternalClose" name="test_mixed_position_keeps_estimate" time="0.000" /><testcase classname="tests.test_exchange_close_truth.TestBookExternalClose" name="test_paper_trade_never_queries_exchange" time="0.000" /><testcase classname="tests.test_funding_fee_guard.TestFeeGuardWithFunding" name="test_min_pct_includes_funding" time="0.000" /><testcase classname="tests.test_funding_fee_guard.TestFeeGuardWithFunding" name="test_trade_blocked_only_with_funding" time="0.000" /><testcase classname="tests.test_funding_fee_guard.TestFeeGuardWithFunding" name="test_wide_sl_passes_with_funding" time="0.000" /><testcase classname="tests.test_funding_fee_guard.TestFeeGuardWithFunding" name="test_guard_disabled_ignores_funding" time="0.000" /><testcase classname="tests.test_improvements_orderflow_ml_news.TestPaidModelRetry" name="test_paid_model_retries_same_key_before_fallback" time="0.021" /><testcase classname="tests.test_improvements_orderflow_ml_news.TestPaidModelRetry" name="test_paid_429_does_not_poison_key_for_free_models" time="0.011" /><testcase classname="tests.test_improvements_orderflow_ml_news.TestPaidModelRetry" name="test_free_model_still_marks_key_limited" time="0.001" /><testcase classname="tests.test_improvements_orderflow_ml_news.TestPaidModelRetry" name="test_payment_error_402_still_falls_back" time="0.001" /><testcase classname="tests.test_iter46_watchdog_leftover" name="test_leftover_cleaned_at_exchange" time="0.010" /><testcase classname="tests.test_iter46_watchdog_leftover" name="test_leftover_adopted_when_close_fails" time="0.005" /><testcase classname="tests.test_iter46_watchdog_leftover" name="test_unknown_position_still_adopted_as_manual" time="0.005" /><testcase classname="tests.test_iter46_watchdog_leftover" name="test_old_close_not_treated_as_leftover" time="0.005" /><testcase classname="tests.test_iter4_learn_view_and_schedule" name="test_legacy_lessons_get_ids_on_load" time="0.001" /><testcase classname="tests.test_iter4_learn_view_and_schedule" name="test_normalized_lessons_are_stable_on_second_load" time="0.000" /><testcase classname="tests.test_iter4_learn_view_and_schedule" name="test_schedule_is_applied_and_shorter_interval_takes_effect_now" time="0.001" /><testcase classname="tests.test_iter4_learn_view_and_schedule" name="test_schedule_falls_back_to_default_outside_windows" time="0.000" /><testcase classname="tests.test_iter_tz_customparams_liquidity.TestCustomStrategyIndicators" name="test_adx_rules_are_evaluated" time="0.002" /><testcase classname="tests.test_iter_tz_customparams_liquidity.TestCustomStrategyIndicators" name="test_keltner_and_donchian_available" time="0.001" /><testcase classname="tests.test_iter_tz_customparams_liquidity.TestCustomStrategyIndicators" name="test_threshold_param_changes_signal" time="0.001" /><testcase classname="tests.test_iter_tz_customparams_liquidity.TestCustomStrategyIndicators" name="test_fast_path_and_reference_path_agree" time="0.001" /><testcase classname="tests.test_profit_release_and_secure_profit.TestProfitReleasePlan" name="test_release_to_target_leverage" time="0.000" /><testcase classname="tests.test_profit_release_and_secure_profit.TestProfitReleasePlan" name="test_max_reduction_caps_at_200x" time="0.000" /><testcase classname="tests.test_profit_release_and_secure_profit.TestProfitReleasePlan" name="test_no_release_when_target_not_higher" time="0.000" /><testcase classname="tests.test_profit_release_and_secure_profit.TestProfitReleasePlan" name="test_no_release_on_empty_position" time="0.000" /><testcase classname="tests.test_qqq_range_chart_fixes.TestManualTradeGuard" name="test_ki_blocked_on_manual_and_external" time="0.001" /><testcase classname="tests.test_qqq_range_chart_fixes.TestManualTradeGuard" name="test_manual_source_allowed_on_website_manual_trade" time="0.000" /><testcase classname="tests.test_qqq_range_chart_fixes.TestManualTradeGuard" name="test_external_adopted_blocked_for_all_sources" time="0.000" /><testcase classname="tests.test_qqq_range_chart_fixes.TestManualTradeGuard" name="test_normal_trade_not_blocked_by_guard" time="0.000" /><testcase classname="tests.test_robustness_features.TestConstancy" name="test_uniform_chunks_pass" time="0.000" /><testcase classname="tests.test_robustness_features.TestConstancy" name="test_concentrated_profit_fails" time="0.000" /><testcase classname="tests.test_robustness_features.TestConstancy" name="test_negative_mean_fails" time="0.000" /><testcase classname="tests.test_robustness_features.TestConstancy" name="test_empty" time="0.000" /><testcase classname="tests.test_rule_timeframes.TestTimeframeHelpers" name="test_1d_supported" time="0.000" /><testcase classname="tests.test_rule_timeframes.TestTimeframeHelpers" name="test_normalize" time="0.000" /><testcase classname="tests.test_rule_timeframes.TestTimeframeHelpers" name="test_valid_rule_tf" time="0.000" /><testcase classname="tests.test_rule_timeframes.TestTimeframeHelpers" name="test_options_range" time="0.000" /><testcase classname="tests.test_rule_timeframes.TestRuleCondOverride" name="test_price_rule_on_5m" time="0.000" /><testcase classname="tests.test_rule_timeframes.TestRuleCondOverride" name="test_same_tf_equals_base_path" time="0.000" /><testcase classname="tests.test_rule_timeframes.TestRuleCondOverride" name="test_invalid_tf_falls_back" time="0.000" /><testcase classname="tests.test_rule_timeframes.TestRuleCondOverride" name="test_htf_matches_manual_aggregation" time="0.001" /><testcase classname="tests.test_rule_timeframes.TestNormalizeDefinition" name="test_invalid_tf_rejected" time="0.000" /><testcase classname="tests.test_rule_timeframes.TestNormalizeDefinition" name="test_lower_than_base_rejected" time="0.000" /><testcase classname="tests.test_rule_timeframes.TestNormalizeDefinition" name="test_equal_base_removed_and_alias_normalized" time="0.000" /><testcase classname="tests.test_rule_timeframes.TestNormalizeDefinition" name="test_definition_without_tf_unchanged" time="0.000" /><testcase classname="tests.test_scanner_freshness.TestNeedsBackfill" name="test_no_buffer_no_backfill" time="0.000" /><testcase classname="tests.test_scanner_freshness.TestNeedsBackfill" name="test_overlap_no_backfill" time="0.000" /><testcase classname="tests.test_scanner_freshness.TestNeedsBackfill" name="test_consecutive_no_backfill" time="0.000" /><testcase classname="tests.test_scanner_freshness.TestNeedsBackfill" name="test_gap_triggers_backfill" time="0.000" /><testcase classname="tests.test_swing_and_profit_lock.TestPnlPctMargin" name="test_margin_basis_matches_bitunix" time="0.000" /><testcase classname="tests.test_swing_and_profit_lock.TestPnlPctMargin" name="test_upnl_margin_matches_bitunix_after_partial" time="0.000" /><testcase classname="tests.test_swing_and_profit_lock.TestPnlPctMargin" name="test_margin_used_field_preferred" time="0.000" /><testcase classname="tests.test_swing_and_profit_lock.TestPnlPctMargin" name="test_closed_trade_has_margin_pct" time="0.000" /><testcase classname="tests.test_swing_and_profit_lock.TestAnalysisGroups" name="test_grouping" time="0.000" /><testcase classname="tests.test_swing_and_profit_lock.TestAnalysisGroups" name="test_disabled_returns_single_batch" time="0.000" /><testcase classname="tests.test_swing_and_profit_lock.TestAnalysisGroups" name="test_empty_groups_omitted" time="0.000" /><testcase classname="tests.test_swing_and_profit_lock.TestAnalysisGroups" name="test_group_analysis_config_default" time="0.000" /><testcase classname="tests.test_entry_order_registry.TestWatchdogAttribution" name="test_adopt_registered_limit_fill_as_ai_trade" time="0.001" /><testcase classname="tests.test_entry_order_registry.TestWatchdogAttribution" name="test_adopt_without_registry_stays_manual" time="0.001" /><testcase classname="tests.test_entry_order_registry.TestWatchdogAttribution" name="test_ai_adopt_without_tp_levels_not_managed_locally" time="0.000" /><testcase classname="tests.test_funding_fee_guard.TestParseFundingPayload" name="test_dict_payload" time="0.000" /><testcase classname="tests.test_funding_fee_guard.TestParseFundingPayload" name="test_list_payload_and_default_interval" time="0.000" /><testcase classname="tests.test_funding_fee_guard.TestParseFundingPayload" name="test_bad_payloads" time="0.000" /><testcase classname="tests.test_improvements_fee_lessons_aimanage.TestMasterPromptZeroSemantics" name="test_zero_limits_rendered_as_unlimited" time="0.000" /><testcase classname="tests.test_improvements_fee_lessons_aimanage.TestMasterPromptZeroSemantics" name="test_set_limits_still_rendered" time="0.000" /><testcase classname="tests.test_improvements_fee_lessons_aimanage.TestMasterPromptZeroSemantics" name="test_zero_means_no_block_in_enforcement" time="0.000" /><testcase classname="tests.test_improvements_orderflow_ml_news.TestNewsDeepDedupe" name="test_normalize_event_titles" time="0.000" /><testcase classname="tests.test_improvements_orderflow_ml_news.TestNewsDeepDedupe" name="test_same_event_does_not_retrigger" time="0.000" /><testcase classname="tests.test_improvements_orderflow_ml_news.TestNewsDeepDedupe" name="test_should_trigger_deep_regression" time="0.000" /><testcase classname="tests.test_iter_tz_customparams_liquidity.TestNormalizeDefinition" name="test_aliases_resolved" time="0.000" /><testcase classname="tests.test_iter_tz_customparams_liquidity.TestNormalizeDefinition" name="test_unknown_indicator_is_reported_not_silent" time="0.000" /><testcase classname="tests.test_iter_tz_customparams_liquidity.TestNormalizeDefinition" name="test_original_definition_untouched" time="0.000" /><testcase classname="tests.test_manual_web_trades" name="test_manual_trade_suppresses_signal" time="0.001" /><testcase classname="tests.test_manual_web_trades" name="test_normal_signal_unchanged" time="0.001" /><testcase classname="tests.test_manual_web_trades" name="test_trade_doc_maps_manual_to_external" time="0.001" /><testcase classname="tests.test_multicore.TestBacktestEquivalence" name="test_custom_strategy_pool_vs_sequential" time="0.066" /><testcase classname="tests.test_multicore.TestBacktestEquivalence" name="test_legacy_path_pool_vs_sequential" time="1.223" /><testcase classname="tests.test_multicore.TestBacktestEquivalence" name="test_builtin_strategy_in_child" time="0.034" /><testcase classname="tests.test_playbook_tf" name="test_best_tf_requires_min_trades" time="0.000" /><testcase classname="tests.test_playbook_tf" name="test_best_tf_empty" time="0.000" /><testcase classname="tests.test_playbook_tf" name="test_context_lines_sorted_by_pnl" time="0.000" /><testcase classname="tests.test_robustness_features.TestParseConfig" name="test_defaults_disabled" time="0.000" /><testcase classname="tests.test_robustness_features.TestParseConfig" name="test_enabled_and_clamped" time="0.000" /><testcase classname="tests.test_robustness_features.TestParseConfig" name="test_invalid_values_fall_back" time="0.000" /><testcase classname="tests.test_robustness_features.TestWalkForward" name="test_split_proportions" time="0.001" /><testcase classname="tests.test_robustness_features.TestWalkForward" name="test_wf_score_prefers_consistent" time="0.000" /><testcase classname="tests.test_robustness_features.TestWalkForward" name="test_wf_score_negative_when_test_loses" time="0.000" /><testcase classname="tests.test_robustness_features.TestDrawdownFilter" name="test_pass_and_fail" time="0.000" /><testcase classname="tests.test_robustness_features.TestDrawdownFilter" name="test_negative_pnl_always_fails" time="0.000" /><testcase classname="tests.test_robustness_features.TestDrawdownFilter" name="test_score_applies_dd_penalty" time="0.000" /><testcase classname="tests.test_robustness_features.TestFinalizeTop5" name="test_plain_top5_ranking" time="0.084" /><testcase classname="tests.test_robustness_features.TestFinalizeTop5" name="test_walk_forward_fields" time="0.100" /><testcase classname="tests.test_robustness_features.TestFinalizeTop5" name="test_dd_and_constancy_fields" time="0.275" /><testcase classname="tests.test_bugreport_fixes" name="test_modify_position_tp_sl_uses_documented_endpoint" time="0.000" /><testcase classname="tests.test_bugreport_fixes" name="test_ki_cannot_widen_stop_loss" time="0.000" /><testcase classname="tests.test_bugreport_fixes" name="test_ki_can_tighten_stop_loss" time="0.001" /><testcase classname="tests.test_bugreport_fixes" name="test_manual_sl_widen_stays_allowed" time="0.001" /><testcase classname="tests.test_swing_and_profit_lock.TestExposureText" name="test_empty" time="0.000" /><testcase classname="tests.test_swing_and_profit_lock.TestExposureText" name="test_one_sided_warning" time="0.000" /><testcase classname="tests.test_swing_and_profit_lock.TestExposureText" name="test_cluster_detection" time="0.000" /><testcase classname="tests.test_trades_visibility" name="test_open_trades_survive_limit_window" time="0.001" /><testcase classname="tests.test_trades_visibility" name="test_status_filter_unchanged" time="0.001" /><testcase classname="tests.test_trades_visibility" name="test_mode_filter_respected_for_open_extra" time="0.001" /><testcase classname="tests.test_watchdog_sync_only" name="test_sync_only_adopts_without_managing" time="0.001" /><testcase classname="tests.test_watchdog_sync_only" name="test_sync_only_no_duplicate_adoption" time="0.001" /><testcase classname="tests.test_watchdog_sync_only" name="test_sync_only_respects_adopt_unknown_off" time="0.000" /><testcase classname="tests.test_iter_tz_customparams_liquidity.TestClearScopes" name="test_strategy_scope_filter" time="0.000" /><testcase classname="tests.test_iter_tz_customparams_liquidity.TestClearScopes" name="test_strategy_scope_requires_strategy_id" time="0.000" /><testcase classname="tests.test_qqq_range_chart_fixes.TestSignalRulesSnapshot" name="test_custom_rules_state_has_timeframe" time="0.002" /><testcase classname="tests.test_qqq_range_chart_fixes.TestSignalRulesSnapshot" name="test_maybe_signal_snapshot" time="0.000" /><testcase classname="tests.test_robustness_features.TestTopTracker" name="test_dedupe_and_order" time="0.000" /><testcase classname="tests.test_robustness_features.TestTopTracker" name="test_trade_params_make_distinct_keys" time="0.000" /><testcase classname="tests.test_rule_timeframes.TestAggregationBaseMs" name="test_drop_partial_from_5m_source" time="0.000" /><testcase classname="tests.test_rule_timeframes.TestAggregationBaseMs" name="test_default_1m_unchanged" time="0.000" /><testcase classname="tests.test_rule_timeframes.TestHtfMapping" name="test_map_last_closed_bucket" time="0.000" /><testcase classname="tests.test_rule_timeframes.TestHtfMapping" name="test_no_lookahead" time="0.000" /><testcase classname="tests.test_rule_timeframes.TestLiveFastParity" name="test_analyze_matches_provider" time="0.003" /><testcase classname="tests.test_rule_timeframes.TestLiveFastParity" name="test_no_override_backwards_compatible" time="0.001" /><testcase classname="tests.test_rule_timeframes.TestScannerBuffer" name="test_buffer_limit_with_rule_tf" time="0.000" /><testcase classname="tests.test_rule_timeframes.TestScannerBuffer" name="test_buffer_limit_unchanged_without_tf" time="0.000" /><testcase classname="tests.test_swing_and_profit_lock.TestTradesTextHorizon" name="test_swing_label" time="0.000" /><testcase classname="tests.test_swing_and_profit_lock.TestTradesTextHorizon" name="test_scalp_default" time="0.000" /><testcase classname="tests.test_swing_and_profit_lock.TestSwingSignalClamps" name="test_swing_config_defaults" time="0.000" /><testcase classname="tests.test_swing_and_profit_lock.TestSwingSignalClamps" name="test_actions_contains_secure_profit" time="0.000" /><testcase classname="tests.test_improvements_orderflow_ml_news.TestStreamChainRateLimitRegression" name="test_stream_chain_429_yields_error_not_nameerror" time="0.001" /><testcase classname="tests.test_multicore.TestWorkersConfigured" name="test_env_semantics" time="0.000" /><testcase classname="tests.test_multicore.TestOptimizerEquivalence" name="test_evaluate_task_pool_vs_sequential" time="0.125" /><testcase classname="tests.test_qqq_range_chart_fixes.TestRejectCooldown" name="test_same_reason_suppressed_30min" time="0.001" /><testcase classname="tests.test_qqq_review_query_regression" name="test_review_query_excludes_manual_and_external" time="0.009" /><testcase classname="tests.test_robustness_features.TestGpuAccel" name="test_info_and_fallback_identical_to_pandas" time="0.005" /><testcase classname="tests.test_robustness_features.TestDayLimits" name="test_optimizer_clamps_at_5500" time="0.007" /><testcase classname="tests.test_scanner_freshness.TestIsStale" name="test_fresh_crypto_not_stale" time="0.000" /><testcase classname="tests.test_scanner_freshness.TestIsStale" name="test_old_crypto_is_stale" time="0.000" /><testcase classname="tests.test_scanner_freshness.TestIsStale" name="test_yahoo_instrument_never_stale" time="0.000" /></testsuite></testsuites>