<?xml version="1.0" encoding="utf-8"?><testsuites name="pytest tests"><testsuite name="pytest" errors="0" failures="0" skipped="0" tests="4" time="5.000" timestamp="2026-08-20T09:47:42.297273+00:00" hostname="agent-env-4a672bef-124e-41ff-ab96-6ba9ca895ae9"><testcase classname="tests.test_iter4_lesson_reject" name="test_reject_without_auth" time="0.250" /><testcase classname="tests.test_iter4_lesson_reject" name="test_reject_unknown_key_404" time="0.394" /><testcase classname="tests.test_iter4_lesson_reject" name="test_roundtrip_synthetic_candidate" time="2.687" /><testcase classname="tests.test_iter4_lesson_reject" name="test_bump_lesson_candidate_returns_none_when_blocked" time="1.617" /></testsuite></testsuites>