<?xml version="1.0" encoding="utf-8"?><testsuites name="pytest tests"><testsuite name="pytest" errors="0" failures="0" skipped="0" tests="5" time="0.974" timestamp="2026-08-23T14:08:01.913106+00:00" hostname="agent-env-226c6263-a3f4-41e3-8249-6a9a4ee762d4"><testcase classname="tests.test_ai_protection_api_e2e.TestAiProtectionApi" name="test_get_returns_defaults" time="0.155" /><testcase classname="tests.test_ai_protection_api_e2e.TestAiProtectionApi" name="test_patch_without_auth_rejected" time="0.113" /><testcase classname="tests.test_ai_protection_api_e2e.TestAiProtectionApi" name="test_patch_with_admin_updates" time="0.409" /><testcase classname="tests.test_ai_protection_api_e2e.TestAiProtectionApi" name="test_patch_invalid_field_only_400" time="0.126" /><testcase classname="tests.test_ai_protection_api_e2e.TestAiProtectionApi" name="test_reset_trigger_pct" time="0.117" /></testsuite></testsuites>