<?xml version="1.0" encoding="utf-8"?><testsuites name="pytest tests"><testsuite name="pytest" errors="0" failures="0" skipped="0" tests="16" time="0.180" timestamp="2026-09-07T11:20:56.509565+00:00" hostname="agent-env-7ba1b625-ba63-4c09-a2a1-939a51c9f148"><testcase classname="tests.test_active_scope_api" name="test_comparison_hides_inactive_pair_by_default" time="0.013" /><testcase classname="tests.test_active_scope_api" name="test_comparison_shows_inactive_pair_when_requested" time="0.005" /><testcase classname="tests.test_active_scope_api" name="test_comparison_counts_pair_once_activated" time="0.007" /><testcase classname="tests.test_active_scope_api" name="test_balance_paper_stats_exclude_inactive_pair" time="0.012" /><testcase classname="tests.test_active_scope_and_ai_review" name="test_active_keys_from_docs_only_paper_or_live" time="0.000" /><testcase classname="tests.test_active_scope_and_ai_review" name="test_cache_overrides_db_state" time="0.000" /><testcase classname="tests.test_active_scope_and_ai_review" name="test_is_active_handles_underscore_strategy_ids" time="0.000" /><testcase classname="tests.test_active_scope_and_ai_review" name="test_filter_active_keeps_manual_trades_and_drops_inactive" time="0.000" /><testcase classname="tests.test_active_scope_and_ai_review" name="test_coin_ranking_lesson_detected_and_blocked" time="0.000" /><testcase classname="tests.test_active_scope_and_ai_review" name="test_coin_ranking_rule_can_be_disabled" time="0.000" /><testcase classname="tests.test_active_scope_and_ai_review" name="test_asset_lessons_with_mechanism_are_not_rankings" time="0.000" /><testcase classname="tests.test_active_scope_and_ai_review" name="test_rules_text_and_labels_mention_new_rule" time="0.000" /><testcase classname="tests.test_active_scope_and_ai_review" name="test_lesson_policy_default_consistent_and_legacy_recognised" time="0.000" /><testcase classname="tests.test_active_scope_and_ai_review" name="test_dead_openrouter_free_slugs_removed_and_migrated" time="0.000" /><testcase classname="tests.test_active_scope_and_ai_review" name="test_role_presets_avoid_cerebras_and_have_valid_models" time="0.000" /><testcase classname="tests.test_active_scope_and_ai_review" name="test_fill_missing_fallback2_only_touches_empty_slots" time="0.000" /></testsuite></testsuites>