<?xml version="1.0" encoding="utf-8"?><testsuites name="pytest tests"><testsuite name="pytest" errors="0" failures="0" skipped="0" tests="34" time="0.641" timestamp="2026-08-20T09:31:15.411570+00:00" hostname="agent-env-4a672bef-124e-41ff-ab96-6ba9ca895ae9"><testcase classname="tests.test_improvements_fee_lessons_aimanage.TestFeeGuardV3" name="test_high_crv_allows_tight_stop" time="0.296" /><testcase classname="tests.test_improvements_fee_lessons_aimanage.TestFeeGuardV3" name="test_medium_crv_allows_15pct_undershoot" time="0.000" /><testcase classname="tests.test_improvements_fee_lessons_aimanage.TestFeeGuardV3" name="test_low_crv_still_blocked" time="0.000" /><testcase classname="tests.test_improvements_fee_lessons_aimanage.TestFeeGuardV3" name="test_too_tight_even_with_high_crv" time="0.000" /><testcase classname="tests.test_improvements_fee_lessons_aimanage.TestFeeGuardV3" name="test_relax_can_be_disabled" time="0.000" /><testcase classname="tests.test_improvements_fee_lessons_aimanage.TestFeeGuardV3" name="test_regression_without_tp_unchanged" time="0.000" /><testcase classname="tests.test_improvements_fee_lessons_aimanage.TestMasterPromptZeroSemantics" name="test_zero_limits_rendered_as_unlimited" time="0.000" /><testcase classname="tests.test_improvements_fee_lessons_aimanage.TestMasterPromptZeroSemantics" name="test_set_limits_still_rendered" time="0.000" /><testcase classname="tests.test_improvements_fee_lessons_aimanage.TestMasterPromptZeroSemantics" name="test_zero_means_no_block_in_enforcement" time="0.000" /><testcase classname="tests.test_improvements_fee_lessons_aimanage.TestAiManageAllowed" name="test_own_ai_trades_always_allowed" time="0.000" /><testcase classname="tests.test_improvements_fee_lessons_aimanage.TestAiManageAllowed" name="test_foreign_strategy_blocked_by_default" time="0.000" /><testcase classname="tests.test_improvements_fee_lessons_aimanage.TestAiManageAllowed" name="test_checkbox_in_strategy_override_allows" time="0.000" /><testcase classname="tests.test_improvements_fee_lessons_aimanage.TestAiManageAllowed" name="test_coin_level_config_wins" time="0.000" /><testcase classname="tests.test_improvements_fee_lessons_aimanage.TestAiManageAllowed" name="test_defaults_contain_flag" time="0.000" /><testcase classname="tests.test_improvements_orderflow_ml_news.TestFxOrderflow" name="test_buyer_dominant_delta_positive" time="0.001" /><testcase classname="tests.test_improvements_orderflow_ml_news.TestFxOrderflow" name="test_inverted_contract_flips_direction" time="0.000" /><testcase classname="tests.test_improvements_orderflow_ml_news.TestFxOrderflow" name="test_too_few_candles_returns_none" time="0.000" /><testcase classname="tests.test_improvements_orderflow_ml_news.TestFxOrderflow" name="test_flow_text_mentions_real_futures_volume" time="0.000" /><testcase classname="tests.test_improvements_orderflow_ml_news.TestFxOrderflow" name="test_futures_map_covers_all_forex" time="0.000" /><testcase classname="tests.test_improvements_orderflow_ml_news.TestFxOrderflow" name="test_snapshot_text_cache_expiry" time="0.000" /><testcase classname="tests.test_improvements_orderflow_ml_news.TestMlGateSizeFactor" name="test_low_auc_halves_position" time="0.001" /><testcase classname="tests.test_improvements_orderflow_ml_news.TestMlGateSizeFactor" name="test_good_auc_no_reduction" time="0.000" /><testcase classname="tests.test_improvements_orderflow_ml_news.TestMlGateSizeFactor" name="test_no_model_or_no_auc" time="0.000" /><testcase classname="tests.test_improvements_orderflow_ml_news.TestMlGateSizeFactor" name="test_scaling_can_be_disabled_and_tuned" time="0.000" /><testcase classname="tests.test_improvements_orderflow_ml_news.TestMlGateSizeFactor" name="test_status_exposes_size_factor" time="0.000" /><testcase classname="tests.test_improvements_orderflow_ml_news.TestMlGateSizeFactor" name="test_update_settings_roundtrip" time="0.001" /><testcase classname="tests.test_improvements_orderflow_ml_news.TestNewsDeepDedupe" name="test_normalize_event_titles" time="0.001" /><testcase classname="tests.test_improvements_orderflow_ml_news.TestNewsDeepDedupe" name="test_same_event_does_not_retrigger" time="0.000" /><testcase classname="tests.test_improvements_orderflow_ml_news.TestNewsDeepDedupe" name="test_should_trigger_deep_regression" time="0.000" /><testcase classname="tests.test_improvements_orderflow_ml_news.TestPaidModelRetry" name="test_paid_model_retries_same_key_before_fallback" time="0.022" /><testcase classname="tests.test_improvements_orderflow_ml_news.TestPaidModelRetry" name="test_paid_429_does_not_poison_key_for_free_models" time="0.042" /><testcase classname="tests.test_improvements_orderflow_ml_news.TestPaidModelRetry" name="test_free_model_still_marks_key_limited" time="0.001" /><testcase classname="tests.test_improvements_orderflow_ml_news.TestPaidModelRetry" name="test_payment_error_402_still_falls_back" time="0.003" /><testcase classname="tests.test_improvements_orderflow_ml_news.TestStreamChainRateLimitRegression" name="test_stream_chain_429_yields_error_not_nameerror" time="0.001" /></testsuite></testsuites>