<?xml version="1.0" encoding="utf-8"?><testsuites name="pytest tests"><testsuite name="pytest" errors="0" failures="0" skipped="0" tests="10" time="36.787" timestamp="2026-09-17T19:01:40.436121+00:00" hostname="agent-env-a418edaf-760b-43ee-9559-e7b5df06855f"><testcase classname="tests.test_regime_release_bridge_iter4" name="test_releases_shape" time="0.581" /><testcase classname="tests.test_regime_release_bridge_iter4" name="test_list_release_stage_none" time="25.413" /><testcase classname="tests.test_regime_release_bridge_iter4" name="test_release_check_shadow_fails_with_reasons" time="4.178" /><testcase classname="tests.test_regime_release_bridge_iter4" name="test_release_no_token_401" time="0.179" /><testcase classname="tests.test_regime_release_bridge_iter4" name="test_release_shadow_admin_400_with_all_reasons" time="4.362" /><testcase classname="tests.test_regime_release_bridge_iter4" name="test_release_none_missing_reason_400" time="0.208" /><testcase classname="tests.test_regime_release_bridge_iter4" name="test_release_invalid_stage_400" time="0.195" /><testcase classname="tests.test_regime_release_bridge_iter4" name="test_regime_phase_lab_field" time="0.337" /><testcase classname="tests.test_regime_release_bridge_iter4" name="test_ai_rewards_by_structural_regime" time="0.910" /><testcase classname="tests.test_regime_release_bridge_iter4" name="test_ai_proposal_decide_missing_pid_404" time="0.361" /></testsuite></testsuites>