<?xml version="1.0" encoding="utf-8"?><testsuites name="pytest tests"><testsuite name="pytest" errors="0" failures="0" skipped="0" tests="48" time="0.435" timestamp="2026-09-06T19:33:03.791881+00:00" hostname="agent-env-7d98effa-2007-480b-b1b7-7aea7de2bd35"><testcase classname="tests.test_ml_findings_and_alias" name="test_make_finding_shape_and_kind_fallback" time="0.000" /><testcase classname="tests.test_ml_findings_and_alias" name="test_memory_default_kinds_exclude_ml_finding" time="0.002" /><testcase classname="tests.test_ml_findings_and_alias" name="test_migrate_from_memory_moves_and_classifies" time="0.001" /><testcase classname="tests.test_ml_findings_and_alias" name="test_add_rules_and_recent_filter" time="0.001" /><testcase classname="tests.test_ml_findings_and_alias" name="test_cleanup_test_artifacts_only_orphans" time="0.000" /><testcase classname="tests.test_ml_findings_and_alias" name="test_alias_check_text_in_prompt" time="0.000" /><testcase classname="tests.test_ml_findings_and_alias" name="test_propose_alias_rejection_feeds_ki" time="0.000" /><testcase classname="tests.test_strategy_lab_to_playbook" name="test_candidate_setup_id_and_desc" time="0.000" /><testcase classname="tests.test_strategy_lab_to_playbook" name="test_migrate_to_playbook_moves_active_and_deletes_test_candidates" time="0.001" /><testcase classname="tests.test_data_recovery_and_trash" name="test_test_artifact_detection" time="0.001" /><testcase classname="tests.test_data_recovery_and_trash" name="test_pick_restorable_master_prefers_newest_real_version" time="0.001" /><testcase classname="tests.test_data_recovery_and_trash" name="test_test_lesson_detection" time="0.000" /><testcase classname="tests.test_data_recovery_and_trash" name="test_rebuild_trade_from_actions" time="0.000" /><testcase classname="tests.test_data_recovery_and_trash" name="test_rebuild_trade_with_signal_levels_and_manual_source" time="0.000" /><testcase classname="tests.test_data_recovery_and_trash" name="test_rebuild_trade_requires_close" time="0.000" /><testcase classname="tests.test_data_recovery_and_trash" name="test_rebuild_skips_manual_seconds_trades_as_test_artifacts" time="0.000" /><testcase classname="tests.test_data_recovery_and_trash" name="test_trade_trash_archive_and_restore" time="0.001" /><testcase classname="tests.test_data_recovery_and_trash" name="test_master_prompt_history_keep_and_restore" time="0.001" /><testcase classname="tests.test_data_recovery_and_trash" name="test_recovery_run_restores_master_and_cleans_lessons_dry_and_real" time="0.004" /><testcase classname="tests.test_seed_auto_and_tuning" name="test_auto_normalize_defaults_and_bounds" time="0.000" /><testcase classname="tests.test_seed_auto_and_tuning" name="test_auto_due_and_next_run" time="0.000" /><testcase classname="tests.test_seed_auto_and_tuning" name="test_tune_candidates_vary_only_risk_keys" time="0.000" /><testcase classname="tests.test_seed_auto_and_tuning" name="test_run_variant_with_params_and_tune_shape" time="0.016" /><testcase classname="tests.test_seed_auto_and_tuning" name="test_best_base_variant_and_passed_states" time="0.000" /><testcase classname="tests.test_setup_backtest_seeding" name="test_features_no_lookahead_15m_index" time="0.002" /><testcase classname="tests.test_setup_backtest_seeding" name="test_features_session_filter_and_atr_floor" time="0.008" /><testcase classname="tests.test_setup_backtest_seeding" name="test_breakout_detects_range_break_long" time="0.002" /><testcase classname="tests.test_setup_backtest_seeding" name="test_breakout_no_signal_in_pure_noise" time="0.004" /><testcase classname="tests.test_setup_backtest_seeding" name="test_mean_reversion_after_crash" time="0.002" /><testcase classname="tests.test_setup_backtest_seeding" name="test_all_detectors_run_on_synthetic_data" time="0.091" /><testcase classname="tests.test_setup_backtest_seeding" name="test_simulator_sl_before_tp_same_candle" time="0.000" /><testcase classname="tests.test_setup_backtest_seeding" name="test_simulator_tp1_then_be_and_tpf" time="0.000" /><testcase classname="tests.test_setup_backtest_seeding" name="test_simulator_fees_and_time_exit" time="0.000" /><testcase classname="tests.test_setup_backtest_seeding" name="test_clamp_signal_uses_class_limits" time="0.000" /><testcase classname="tests.test_setup_backtest_seeding" name="test_merge_requires_real_profitable_paper_trades" time="0.000" /><testcase classname="tests.test_setup_backtest_seeding" name="test_merge_weight_and_cap" time="0.000" /><testcase classname="tests.test_setup_backtest_seeding" name="test_setup_factor_backtest_promoted" time="0.000" /><testcase classname="tests.test_setup_backtest_seeding" name="test_passed_requires_edge_in_both_windows" time="0.000" /><testcase classname="tests.test_setup_backtest_seeding" name="test_next_variant_cycles_and_exhausts" time="0.000" /><testcase classname="tests.test_setup_backtest_seeding" name="test_no_edge_line" time="0.000" /><testcase classname="tests.test_setup_backtest_seeding" name="test_eligible_setups_respect_class_exclusions" time="0.000" /><testcase classname="tests.test_setup_backtest_seeding" name="test_run_variant_splits_is_oos" time="0.003" /><testcase classname="tests.test_setup_backtest_seeding" name="test_maturity_overview_backtest_field_default_none" time="0.000" /><testcase classname="tests.test_setup_backtest_seeding" name="test_maturity_overview_backtest_field_present" time="0.000" /><testcase classname="tests.test_setup_backtest_seeding" name="test_backtest_context_lines" time="0.000" /><testcase classname="tests.test_setup_backtest_seeding" name="test_refresh_backtest_boost_requires_real_paper_trades" time="0.002" /><testcase classname="tests.test_setup_backtest_seeding" name="test_refresh_backtest_boost_with_two_good_paper_trades" time="0.001" /><testcase classname="tests.test_setup_backtest_seeding" name="test_refresh_without_backtest_collection_is_unchanged" time="0.001" /></testsuite></testsuites>