<?xml version="1.0" encoding="utf-8"?><testsuites name="pytest tests"><testsuite name="pytest" errors="0" failures="0" skipped="0" tests="11" time="23.703" timestamp="2026-09-17T12:14:51.730889+00:00" hostname="agent-env-2ff8095f-5422-4cee-8d1c-408c1eac58c4"><testcase classname="tests.test_edges_api" name="test_health" time="21.539" /><testcase classname="tests.test_edges_api" name="test_ai_playbook_ok" time="0.131" /><testcase classname="tests.test_edges_api" name="test_edges_shape_and_rules" time="0.089" /><testcase classname="tests.test_edges_api" name="test_edges_filter_asset_class" time="0.133" /><testcase classname="tests.test_edges_api" name="test_recover_requires_admin" time="0.071" /><testcase classname="tests.test_edges_api" name="test_recover_admin_idempotent" time="0.447" /><testcase classname="tests.test_edges_api" name="test_activate_requires_admin" time="0.068" /><testcase classname="tests.test_edges_api" name="test_activate_missing_fields" time="0.062" /><testcase classname="tests.test_edges_api" name="test_activate_unknown_edge_id" time="0.070" /><testcase classname="tests.test_edges_api" name="test_activate_nonactive_edge_and_verify" time="0.495" /><testcase classname="tests.test_edges_api" name="test_overview_rules_and_structure" time="0.222" /></testsuite></testsuites>