<?xml version="1.0" encoding="utf-8"?><testsuites name="pytest tests"><testsuite name="pytest" errors="0" failures="0" skipped="0" tests="6" time="46.482" timestamp="2026-09-11T19:31:20.723102+00:00" hostname="agent-env-0751af28-4a0a-4fd8-942b-06cd8786baa8"><testcase classname="tests.test_iter56_pause_resume" name="test_admin_login" time="19.650" /><testcase classname="tests.test_iter56_pause_resume" name="test_ai_playbook_cache" time="0.364" /><testcase classname="tests.test_iter56_pause_resume" name="test_localworker_required_version" time="0.102" /><testcase classname="tests.test_iter56_pause_resume" name="test_pause_resume_unknown_and_auth" time="1.230" /><testcase classname="tests.test_iter56_pause_resume" name="test_backtest_pause_resume" time="18.063" /><testcase classname="tests.test_iter56_pause_resume" name="test_optimizer_pause_resume" time="6.690" /></testsuite></testsuites>