<?xml version="1.0" encoding="utf-8"?><testsuites name="pytest tests"><testsuite name="pytest" errors="0" failures="0" skipped="0" tests="8" time="15.595" timestamp="2026-08-17T07:51:03.733576+00:00" hostname="agent-env-2198fc6a-30e2-4cc8-a392-21b621dbea35"><testcase classname="tests.test_ai_equity_curve_api" name="test_shape_default_empty_db" time="14.279" /><testcase classname="tests.test_ai_equity_curve_api" name="test_valid_modes[all]" time="0.151" /><testcase classname="tests.test_ai_equity_curve_api" name="test_valid_modes[live]" time="0.112" /><testcase classname="tests.test_ai_equity_curve_api" name="test_valid_modes[collection]" time="0.119" /><testcase classname="tests.test_ai_equity_curve_api" name="test_mode_fallback_invalid_to_all" time="0.106" /><testcase classname="tests.test_ai_equity_curve_api" name="test_days_clamp_high" time="0.109" /><testcase classname="tests.test_ai_equity_curve_api" name="test_days_clamp_low_negative" time="0.168" /><testcase classname="tests.test_ai_equity_curve_api" name="test_days_arbitrary_within_range" time="0.116" /></testsuite></testsuites>