<?xml version="1.0" encoding="utf-8"?><testsuites name="pytest tests"><testsuite name="pytest" errors="0" failures="0" skipped="0" tests="69" time="1.130" timestamp="2026-09-12T21:43:34.360872+00:00" hostname="agent-env-e30efd5b-4186-4f69-bf9c-eed3a2769bed"><testcase classname="tests.test_entry_guard" name="test_entry_checks_record_and_to_list" time="0.000" /><testcase classname="tests.test_entry_guard" name="test_check_entry_blocks_when_trade_guard_blocks" time="0.001" /><testcase classname="tests.test_entry_guard" name="test_check_entry_regime_gate_blocks_and_collection_skips" time="0.001" /><testcase classname="tests.test_entry_guard" name="test_check_risk_budget_records_block_and_fail_open" time="0.001" /><testcase classname="tests.test_entry_guard" name="test_wiring_in_on_signal_and_trade_doc" time="0.032" /><testcase classname="tests.test_risk_budget" name="test_trade_risk_usdt" time="0.000" /><testcase classname="tests.test_risk_budget" name="test_open_risk_filters_mode_and_collection" time="0.000" /><testcase classname="tests.test_risk_budget" name="test_check_portfolio_limit" time="0.000" /><testcase classname="tests.test_risk_budget" name="test_check_cluster_limit_uses_instrument_group" time="0.000" /><testcase classname="tests.test_risk_budget" name="test_check_fail_open_without_equity_and_when_disabled" time="0.000" /><testcase classname="tests.test_risk_budget" name="test_hook_in_on_signal_before_order_and_not_for_collection" time="0.012" /><testcase classname="tests.test_phase1_trade_guard" name="test_paper_gain_does_not_mask_live_loss" time="0.001" /><testcase classname="tests.test_phase1_trade_guard" name="test_paper_losses_pause_only_paper" time="0.001" /><testcase classname="tests.test_phase1_trade_guard" name="test_collection_trade_never_counts" time="0.000" /><testcase classname="tests.test_phase1_trade_guard" name="test_consecutive_losses_counted_per_mode" time="0.000" /><testcase classname="tests.test_phase1_trade_guard" name="test_learning_required_blocks_entry" time="0.001" /><testcase classname="tests.test_phase1_trade_guard" name="test_learning_required_ignored_when_forced_learning_disabled" time="0.001" /><testcase classname="tests.test_phase1_trade_guard" name="test_anti_stacking_is_mode_specific" time="0.000" /><testcase classname="tests.test_phase1_trade_guard" name="test_pause_until_min_hours" time="0.000" /><testcase classname="tests.test_phase1_trade_guard" name="test_state_ids_and_mode_normalisation" time="0.000" /><testcase classname="tests.test_atr_market_block" name="test_blocks_below_threshold" time="0.000" /><testcase classname="tests.test_atr_market_block" name="test_allows_at_or_above_threshold" time="0.000" /><testcase classname="tests.test_atr_market_block" name="test_threshold_zero_or_invalid_disables_block" time="0.000" /><testcase classname="tests.test_atr_market_block" name="test_defaults_present_in_ai_config" time="0.000" /><testcase classname="tests.test_slippage_stats" name="test_long_worse_fill_is_positive" time="0.000" /><testcase classname="tests.test_slippage_stats" name="test_short_worse_fill_is_positive" time="0.000" /><testcase classname="tests.test_slippage_stats" name="test_invalid_prices_return_none" time="0.000" /><testcase classname="tests.test_slippage_stats" name="test_no_negative_zero" time="0.000" /><testcase classname="tests.test_slippage_stats" name="test_aggregate_groups_and_averages" time="0.000" /><testcase classname="tests.test_slippage_stats" name="test_aggregate_limit_fill_is_own_kind_and_short_signs" time="0.000" /><testcase classname="tests.test_slippage_stats" name="test_aggregate_skips_trades_without_measurement" time="0.000" /><testcase classname="tests.test_strategy_insights" name="test_trade_stats_aggregation" time="0.000" /><testcase classname="tests.test_strategy_insights" name="test_optimizer_best_latest_per_strategy" time="0.000" /><testcase classname="tests.test_strategy_insights" name="test_context_text_contains_strategies_and_notes" time="0.001" /><testcase classname="tests.test_strategy_insights" name="test_context_text_respects_max_chars" time="0.000" /><testcase classname="tests.test_strategy_insights" name="test_context_text_survives_empty_db" time="0.000" /><testcase classname="tests.test_strategy_insights" name="test_develop_creates_ghost_candidate_with_insights_context" time="0.001" /><testcase classname="tests.test_strategy_insights" name="test_develop_respects_should_create_false" time="0.001" /><testcase classname="tests.test_strategy_insights" name="test_develop_blocked_when_ai_create_disabled" time="0.000" /><testcase classname="tests.test_strategy_insights" name="test_develop_blocked_when_too_many_active_candidates" time="0.000" /><testcase classname="tests.test_strategy_insights" name="test_develop_invalid_rule_definition_is_dropped" time="0.001" /><testcase classname="tests.test_strategy_insights" name="test_auto_develop_runs_once_and_respects_interval" time="0.001" /><testcase classname="tests.test_strategy_insights" name="test_auto_develop_disabled" time="0.000" /><testcase classname="tests.test_strategy_insights" name="test_daily_quota_cooldown_until_utc_midnight" time="0.000" /><testcase classname="tests.test_strategy_insights" name="test_daily_quota_key_skipped_long" time="0.000" /><testcase classname="tests.test_fix_custom_ai_trades" name="test_on_signal_blocked_by_master_kill_switch" time="0.001" /><testcase classname="tests.test_fix_custom_ai_trades" name="test_trade_manager_open_blocked_by_master_kill_switch" time="0.000" /><testcase classname="tests.test_fix_custom_ai_trades" name="test_trade_manager_open_blocked_when_engine_disabled" time="0.000" /><testcase classname="tests.test_fix_custom_ai_trades" name="test_trade_manager_tick_skips_when_engine_disabled" time="0.000" /><testcase classname="tests.test_fix_custom_ai_trades" name="test_trade_manager_tick_runs_when_engine_enabled" time="0.000" /><testcase classname="tests.test_fix_custom_ai_trades" name="test_prompt_example_has_no_fixed_10x_leverage" time="0.000" /><testcase classname="tests.test_fix_custom_ai_trades" name="test_open_trade_clamps_leverage_to_manager_limit" time="0.000" /><testcase classname="tests.test_fix_custom_ai_trades" name="test_reject_deregisters_strategy_and_closes_trades" time="0.001" /><testcase classname="tests.test_fix_custom_ai_trades" name="test_delete_candidate_removes_everything" time="0.001" /><testcase classname="tests.test_fix_custom_ai_trades" name="test_register_for_testing_blocked_for_rejected" time="0.000" /><testcase classname="tests.test_fix_custom_ai_trades" name="test_open_trade_reports_guard_rejection" time="0.000" /><testcase classname="tests.test_fix_custom_ai_trades" name="test_sync_closes_externally_closed_live_position" time="0.000" /><testcase classname="tests.test_fix_custom_ai_trades" name="test_sync_keeps_position_that_is_still_open_on_bitunix" time="0.000" /><testcase classname="tests.test_fix_custom_ai_trades" name="test_sync_ignores_paper_trades" time="0.000" /><testcase classname="tests.test_fix_custom_ai_trades" name="test_delete_candidate_route_registered" time="0.575" /><testcase classname="tests.test_fix_custom_ai_trades" name="test_control_stop_trades_route_still_exists" time="0.000" /><testcase classname="tests.test_fix_custom_ai_trades" name="test_sync_bitunix_route_registered" time="0.000" /><testcase classname="tests.test_fix_custom_ai_trades" name="test_manual_close_books_external_close_when_position_gone" time="0.001" /><testcase classname="tests.test_fix_custom_ai_trades" name="test_manual_close_keeps_trade_open_when_position_still_exists" time="0.000" /><testcase classname="tests.test_fix_custom_ai_trades" name="test_adjust_levels_books_external_close_when_position_gone" time="0.000" /><testcase classname="tests.test_fix_custom_ai_trades" name="test_partial_close_books_external_close_when_position_gone" time="0.000" /><testcase classname="tests.test_fix_custom_ai_trades" name="test_trade_manager_strategy_name_without_custom_suffix" time="0.001" /><testcase classname="tests.test_fix_custom_ai_trades" name="test_lesson_audit_deletes_violating_lessons" time="0.001" /><testcase classname="tests.test_fix_custom_ai_trades" name="test_master_prompt_block_declares_supremacy_over_lessons" time="0.000" /></testsuite></testsuites>