<?xml version="1.0" encoding="utf-8"?><testsuites name="pytest tests"><testsuite name="pytest" errors="0" failures="0" skipped="0" tests="5" time="8.018" timestamp="2026-09-23T08:43:16.734582+00:00" hostname="agent-env-478b2e51-6d24-40ec-95a2-6e7cd86c2b8b"><testcase classname="tests.test_regime_readonly_iter17" name="test_regime_lab_list" time="2.490" /><testcase classname="tests.test_regime_readonly_iter17" name="test_regime_lab_detail_quality" time="4.756" /><testcase classname="tests.test_regime_readonly_iter17" name="test_regime_cockpit_health" time="0.565" /><testcase classname="tests.test_regime_readonly_iter17" name="test_regime_lab_engine_defaults" time="0.072" /><testcase classname="tests.test_regime_readonly_iter17" name="test_autotrade_regime_phase_optional" time="0.063" /></testsuite></testsuites>