<?xml version="1.0" encoding="utf-8"?><testsuites name="pytest tests"><testsuite name="pytest" errors="0" failures="1" skipped="0" tests="114" time="1.691" timestamp="2026-09-12T11:42:59.172405+00:00" hostname="agent-env-a4daa84e-78ff-44eb-9e23-ad3e1fe8535b"><testcase classname="tests.test_iter8_token_crv_lev" name="test_default_trade_frame_backwards_compatible" time="0.000" /><testcase classname="tests.test_setup_live_gate" name="test_new_setup_not_live_ready" time="0.000" /><testcase classname="tests.test_setup_live_gate" name="test_immature_setup_collects_first" time="0.000" /><testcase classname="tests.test_setup_live_gate" name="test_proven_setup_is_live_ready" time="0.000" /><testcase classname="tests.test_iter8_token_crv_lev" name="test_update_config_accepts_and_clamps_trade_frame" time="0.001" /><testcase classname="tests.test_iter8_token_crv_lev" name="test_crv_frame_raises_tp1_to_min" time="0.000" /><testcase classname="tests.test_setup_live_gate" name="test_neutral_setup_is_live_ready" time="0.000" /><testcase classname="tests.test_setup_live_gate" name="test_weak_setup_not_live_ready" time="0.000" /><testcase classname="tests.test_setup_live_gate" name="test_live_ready_computes_verdict_if_missing" time="0.000" /><testcase classname="tests.test_iter8_token_crv_lev" name="test_crv_frame_caps_tp1_at_max" time="0.000" /><testcase classname="tests.test_iter8_token_crv_lev" name="test_crv_frame_no_cap_when_max_zero" time="0.000" /><testcase classname="tests.test_iter8_token_crv_lev" name="test_lev_mode_coin_keeps_previous_behavior" time="0.000" /><testcase classname="tests.test_iter8_token_crv_lev" name="test_lev_mode_fixed_forces_leverage" time="0.000" /><testcase classname="tests.test_setup_live_gate" name="test_maturity_overview_all_setups_listed" time="0.000" /><testcase classname="tests.test_iter8_token_crv_lev" name="test_lev_mode_auto_caps_ai_choice" time="0.000" /><testcase classname="tests.test_iter8_token_crv_lev" name="test_lev_auto_swing_still_capped" time="0.000" /><testcase classname="tests.test_iter8_token_crv_lev" name="test_safe_lev_parsing" time="0.000" /><testcase classname="tests.test_iter8_token_crv_lev" name="test_trade_frame_block_in_analysis_prompt" time="0.008" /><testcase classname="tests.test_setup_live_gate" name="test_maturity_overview_disabled_setup_not_live" time="0.000" /><testcase classname="tests.test_setup_live_gate" name="test_refresh_posts_feed_message_on_transition" time="0.002" /><testcase classname="tests.test_setup_live_gate" name="test_refresh_no_feed_message_on_first_init" time="0.001" /><testcase classname="tests.test_local_engine_guard" name="test_guard_off_by_default" time="0.000" /><testcase classname="tests.test_local_engine_guard" name="test_guard_env_values[1-True]" time="0.000" /><testcase classname="tests.test_local_engine_guard" name="test_guard_env_values[true-True]" time="0.000" /><testcase classname="tests.test_local_engine_guard" name="test_guard_env_values[YES-True]" time="0.000" /><testcase classname="tests.test_local_engine_guard" name="test_guard_env_values[0-False]" time="0.000" /><testcase classname="tests.test_local_engine_guard" name="test_guard_env_values[-False]" time="0.000" /><testcase classname="tests.test_local_engine_guard" name="test_guard_env_values[no-False]" time="0.000" /><testcase classname="tests.test_local_engine_guard" name="test_scheduled_runs_skipped_when_guard_active" time="0.000"><failure message="RuntimeError: There is no current event loop in thread 'MainThread'.">tests/test_local_engine_guard.py:30: in test_scheduled_runs_skipped_when_guard_active
    res = asyncio.get_event_loop().run_until_complete(eng.run_analysis(manual=False))
          ^^^^^^^^^^^^^^^^^^^^^^^^
/usr/local/lib/python3.11/asyncio/events.py:681: in get_event_loop
    raise RuntimeError('There is no current event loop in thread %r.'
E   RuntimeError: There is no current event loop in thread 'MainThread'.</failure></testcase><testcase classname="tests.test_iter8_token_crv_lev" name="test_lean_system_prompt_same_schema_but_shorter" time="0.000" /><testcase classname="tests.test_iter8_token_crv_lev" name="test_lean_prompt_selects_lean_system" time="0.006" /><testcase classname="tests.test_iter8_token_crv_lev" name="test_hold_reason_instruction_in_both_prompts" time="0.000" /><testcase classname="tests.test_iter8_token_crv_lev" name="test_liquidity_block_only_for_crypto_group" time="0.006" /><testcase classname="tests.test_iter8_token_crv_lev" name="test_trade_manager_uses_lean_review_context" time="0.006" /><testcase classname="tests.test_iter8_token_crv_lev" name="test_extra_blocks_review_purpose_documented" time="0.004" /><testcase classname="tests.test_local_engine_guard" name="test_status_reports_engine_locally_off" time="0.001" /><testcase classname="tests.test_iter8_token_crv_lev" name="test_market_observer_reuses_summary_when_unchanged" time="0.001" /><testcase classname="tests.test_playbook_demotion" name="test_live_divergent_reports_weak_overall_verdict" time="0.000" /><testcase classname="tests.test_playbook_demotion" name="test_demotion_candidates_only_library_setups" time="0.000" /><testcase classname="tests.test_iter8_token_crv_lev" name="test_market_observer_regenerates_on_move" time="0.000" /><testcase classname="tests.test_playbook_demotion" name="test_migrate_disabled_moves_locks_to_demotion" time="0.000" /><testcase classname="tests.test_playbook_demotion" name="test_refresh_demotes_instead_of_locking" time="0.002" /><testcase classname="tests.test_iter8_token_crv_lev" name="test_learner_skips_daily_run_without_new_results" time="0.008" /><testcase classname="tests.test_playbook_demotion" name="test_refresh_migrates_old_locks" time="0.001" /><testcase classname="tests.test_playbook_demotion" name="test_refresh_repromotes_after_good_paper_trades_and_no_pingpong" time="0.002" /><testcase classname="tests.test_playbook_demotion" name="test_context_text_mentions_demotion_not_lock" time="0.002" /><testcase classname="tests.test_iter8_token_crv_lev" name="test_learner_prompt_lean_gates_research_and_ml" time="0.004" /><testcase classname="tests.test_playbook_demotion" name="test_maturity_overview_uses_demotion_phase_and_judge_stats" time="0.000" /><testcase classname="tests.test_playbook_demotion" name="test_status_reports_no_hard_locks" time="0.002" /><testcase classname="tests.test_improvements_orderflow_ml_news.TestFxOrderflow" name="test_buyer_dominant_delta_positive" time="0.001" /><testcase classname="tests.test_improvements_orderflow_ml_news.TestFxOrderflow" name="test_inverted_contract_flips_direction" time="0.000" /><testcase classname="tests.test_iter8_token_crv_lev" name="test_stop_trades_no_longer_closes_positions" time="0.688" /><testcase classname="tests.test_improvements_orderflow_ml_news.TestFxOrderflow" name="test_too_few_candles_returns_none" time="0.000" /><testcase classname="tests.test_improvements_orderflow_ml_news.TestFxOrderflow" name="test_flow_text_mentions_real_futures_volume" time="0.000" /><testcase classname="tests.test_improvements_orderflow_ml_news.TestFxOrderflow" name="test_futures_map_covers_all_forex" time="0.000" /><testcase classname="tests.test_improvements_orderflow_ml_news.TestFxOrderflow" name="test_snapshot_text_cache_expiry" time="0.000" /><testcase classname="tests.test_improvements_orderflow_ml_news.TestMlGateSizeFactor" name="test_low_auc_halves_position" time="0.001" /><testcase classname="tests.test_improvements_orderflow_ml_news.TestMlGateSizeFactor" name="test_good_auc_no_reduction" time="0.000" /><testcase classname="tests.test_improvements_orderflow_ml_news.TestMlGateSizeFactor" name="test_no_model_or_no_auc" time="0.000" /><testcase classname="tests.test_improvements_orderflow_ml_news.TestMlGateSizeFactor" name="test_scaling_can_be_disabled_and_tuned" time="0.000" /><testcase classname="tests.test_improvements_orderflow_ml_news.TestMlGateSizeFactor" name="test_status_exposes_size_factor" time="0.000" /><testcase classname="tests.test_improvements_orderflow_ml_news.TestMlGateSizeFactor" name="test_update_settings_roundtrip" time="0.001" /><testcase classname="tests.test_setup_weighting.TestWeightFor" name="test_no_stats_is_neutral" time="0.000" /><testcase classname="tests.test_setup_weighting.TestWeightFor" name="test_proven_setup_gets_boost" time="0.000" /><testcase classname="tests.test_setup_weighting.TestWeightFor" name="test_weak_setup_gets_damped" time="0.000" /><testcase classname="tests.test_setup_weighting.TestWeightFor" name="test_shrinkage_few_trades_stays_near_neutral" time="0.000" /><testcase classname="tests.test_setup_weighting.TestWeightFor" name="test_bounds_enforced" time="0.000" /><testcase classname="tests.test_improvements_2906.TestDeepDepthRouting" name="test_depth_for_severity" time="0.000" /><testcase classname="tests.test_improvements_2906.TestDeepDepthRouting" name="test_should_trigger_deep_unchanged" time="0.000" /><testcase classname="tests.test_improvements_2906.TestDeepDepthRouting" name="test_daily_cap" time="0.000" /><testcase classname="tests.test_improvements_2906.TestDeepDepthRouting" name="test_deep_update_system_exists" time="0.000" /><testcase classname="tests.test_improvements_2906.TestDeepDepthRouting" name="test_run_deep_analysis_accepts_depth" time="0.000" /><testcase classname="tests.test_improvements_2906.TestLocalJobRestore" name="test_restore_job_recreates_optimizer_job" time="0.140" /><testcase classname="tests.test_improvements_2906.TestLocalJobRestore" name="test_restore_unknown_returns_none" time="0.000" /><testcase classname="tests.test_improvements_2906.TestLocalJobRestore" name="test_apply_progress_restores_instead_of_cancel" time="0.000" /><testcase classname="tests.test_improvements_2906.TestLocalJobRestore" name="test_apply_progress_unknown_job_cancels" time="0.000" /><testcase classname="tests.test_improvements_2906.TestLocalJobRestore" name="test_restore_running_jobs_skips_stale" time="0.146" /><testcase classname="tests.test_setup_weighting.TestAdjustConfidence" name="test_neutral_weight_no_change" time="0.000" /><testcase classname="tests.test_setup_weighting.TestAdjustConfidence" name="test_boost_and_damp_bounded" time="0.000" /><testcase classname="tests.test_setup_weighting.TestAdjustConfidence" name="test_zero_confidence_untouched" time="0.000" /><testcase classname="tests.test_setup_weighting.TestAdjustConfidence" name="test_clamped_to_0_100" time="0.000" /><testcase classname="tests.test_multiasset_deep_analysis.TestNewsWatcherMultiAsset" name="test_watcher_prompt_covers_all_classes" time="0.000" /><testcase classname="tests.test_multiasset_deep_analysis.TestNewsWatcherMultiAsset" name="test_affects_resolve_commodities_and_indices" time="0.000" /><testcase classname="tests.test_multiasset_deep_analysis.TestNewsWatcherMultiAsset" name="test_affects_resolve_forex_aliases" time="0.000" /><testcase classname="tests.test_multiasset_deep_analysis.TestNewsWatcherMultiAsset" name="test_generic_tokens_ignored" time="0.000" /><testcase classname="tests.test_improvements_orderflow_ml_news.TestPaidModelRetry" name="test_paid_model_retries_same_key_before_fallback" time="0.021" /><testcase classname="tests.test_improvements_orderflow_ml_news.TestPaidModelRetry" name="test_paid_429_does_not_poison_key_for_free_models" time="0.011" /><testcase classname="tests.test_improvements_orderflow_ml_news.TestPaidModelRetry" name="test_free_model_still_marks_key_limited" time="0.001" /><testcase classname="tests.test_improvements_orderflow_ml_news.TestPaidModelRetry" name="test_payment_error_402_still_falls_back" time="0.001" /><testcase classname="tests.test_deep_scope.TestRelVol" name="test_none_with_too_little_data" time="0.000" /><testcase classname="tests.test_deep_scope.TestRelVol" name="test_flat_market_ratio_near_one" time="0.002" /><testcase classname="tests.test_deep_scope.TestRelVol" name="test_spike_detected_as_elevated" time="0.002" /><testcase classname="tests.test_multiasset_deep_analysis.TestPromptFraming" name="test_analysis_prompts_setup_as_weighted_factor" time="0.000" /><testcase classname="tests.test_multiasset_deep_analysis.TestPromptFraming" name="test_deep_prompts_multiasset_and_own_baseline" time="0.000" /><testcase classname="tests.test_multiasset_deep_analysis.TestPromptFraming" name="test_playbook_context_mentions_weighting_rule" time="0.002" /><testcase classname="tests.test_playbook_tf" name="test_best_tf_requires_min_trades" time="0.000" /><testcase classname="tests.test_playbook_tf" name="test_best_tf_empty" time="0.000" /><testcase classname="tests.test_playbook_tf" name="test_context_lines_sorted_by_pnl" time="0.000" /><testcase classname="tests.test_improvements_orderflow_ml_news.TestNewsDeepDedupe" name="test_normalize_event_titles" time="0.000" /><testcase classname="tests.test_improvements_orderflow_ml_news.TestNewsDeepDedupe" name="test_same_event_does_not_retrigger" time="0.000" /><testcase classname="tests.test_improvements_orderflow_ml_news.TestNewsDeepDedupe" name="test_should_trigger_deep_regression" time="0.000" /><testcase classname="tests.test_setup_weighting.TestCombinedWeight" name="test_asset_stats_refine_only_with_enough_trades" time="0.000" /><testcase classname="tests.test_setup_weighting.TestCombinedWeight" name="test_all_none_is_neutral" time="0.000" /><testcase classname="tests.test_setup_weighting.TestContextLine" name="test_none_without_significant_data" time="0.000" /><testcase classname="tests.test_setup_weighting.TestContextLine" name="test_line_lists_deviating_setups" time="0.000" /><testcase classname="tests.test_deep_scope.TestRadar" name="test_crypto_excluded_and_noncrypto_flagged" time="0.003" /><testcase classname="tests.test_deep_scope.TestRadar" name="test_symbols_without_buffer_skipped" time="0.000" /><testcase classname="tests.test_deep_scope.TestBlockText" name="test_empty_without_rows" time="0.000" /><testcase classname="tests.test_deep_scope.TestBlockText" name="test_block_contains_flag_and_guidance" time="0.000" /><testcase classname="tests.test_improvements_2906.TestRamPruning" name="test_optimizer_create_job_prunes_export_trades" time="0.000" /><testcase classname="tests.test_improvements_2906.TestRamPruning" name="test_backtester_create_job_prunes_exports" time="0.000" /><testcase classname="tests.test_improvements_orderflow_ml_news.TestStreamChainRateLimitRegression" name="test_stream_chain_429_yields_error_not_nameerror" time="0.001" /><testcase classname="tests.test_iter8_token_crv_lev" name="test_active_fallback_tracked_and_cleared" time="0.001" /><testcase classname="tests.test_iter8_token_crv_lev" name="test_backup_key_is_plain_key_rotation_not_fallback" time="0.001" /></testsuite></testsuites>