<?xml version="1.0" encoding="utf-8"?><testsuites name="pytest tests"><testsuite name="pytest" errors="0" failures="0" skipped="0" tests="57" time="85.200" timestamp="2026-09-03T18:37:17.650483+00:00" hostname="agent-env-41b2a547-e335-42b4-be66-c0068d17c0c8"><testcase classname="tests.test_live_close_fix" name="test_manual_close_fails_when_exchange_rejects" time="2.003" /><testcase classname="tests.test_forex_ibkr_live" name="test_plan_legs_splits_on_tp1_percent" time="0.000" /><testcase classname="tests.test_forex_ibkr_live" name="test_plan_legs_single_when_tp1_disabled_or_too_small" time="0.000" /><testcase classname="tests.test_forex_ibkr_live" name="test_be_price_covers_fees_both_sides" time="0.000" /><testcase classname="tests.test_forex_ibkr_live" name="test_pnl_usd_quote_and_base_pairs" time="0.000" /><testcase classname="tests.test_forex_ibkr_live" name="test_parse_order_status_variants" time="0.000" /><testcase classname="tests.test_forex_ibkr_live" name="test_health_server_detection" time="0.000" /><testcase classname="tests.test_forex_ibkr_live" name="test_map_orders_by_ref_and_extract_ids" time="0.000" /><testcase classname="tests.test_forex_ibkr_live" name="test_fx_order_ticket_shape" time="0.000" /><testcase classname="tests.test_forex_ibkr_live" name="test_forex_fee_percent_min_commission_per_leg" time="0.159" /><testcase classname="tests.test_forex_ibkr_live" name="test_trade_fee_percent_uses_broker_model" time="0.000" /><testcase classname="tests.test_forex_ibkr_live" name="test_fee_guard_forex_uses_ibkr_fee_and_two_legs" time="0.000" /><testcase classname="tests.test_forex_ibkr_live" name="test_open_live_forex_places_two_oca_brackets" time="12.259" /><testcase classname="tests.test_live_close_fix" name="test_manual_close_succeeds_and_verifies_flat_position" time="2.504" /><testcase classname="tests.test_live_close_fix" name="test_missing_position_id_is_resolved_before_closing" time="3.304" /><testcase classname="tests.test_live_close_fix" name="test_close_is_ok_when_position_already_gone" time="0.001" /><testcase classname="tests.test_live_close_fix" name="test_partial_close_aborts_on_exchange_error" time="2.003" /><testcase classname="tests.test_live_close_fix" name="test_adjust_levels_prefers_modifying_the_existing_tpsl_order" time="0.001" /><testcase classname="tests.test_live_close_fix" name="test_adjust_levels_pushes_to_exchange_and_reports_rejection" time="0.001" /><testcase classname="tests.test_live_close_fix" name="test_live_position_qty_parsing[rows0-0.0]" time="0.001" /><testcase classname="tests.test_live_close_fix" name="test_live_position_qty_parsing[rows1-0.5]" time="0.001" /><testcase classname="tests.test_live_close_fix" name="test_live_position_qty_parsing[rows2-0.0]" time="0.000" /><testcase classname="tests.test_forex_ibkr" name="test_forex_symbols_have_ibkr_broker" time="0.000" /><testcase classname="tests.test_forex_ibkr" name="test_crypto_stays_bitunix" time="0.000" /><testcase classname="tests.test_forex_ibkr" name="test_fee_percent_for_crypto_unchanged" time="0.000" /><testcase classname="tests.test_forex_ibkr" name="test_forex_fee_uses_commission_default" time="0.160" /><testcase classname="tests.test_forex_ibkr" name="test_base_qty_for_notional" time="0.000" /><testcase classname="tests.test_forex_ibkr" name="test_pnl_usd_quote_usd" time="0.000" /><testcase classname="tests.test_forex_ibkr" name="test_pnl_usd_jpy_quote_converted" time="0.000" /><testcase classname="tests.test_fee_breakdown" name="test_entry_fee_is_fee_percent_of_notional" time="0.000" /><testcase classname="tests.test_fee_breakdown" name="test_open_trade_estimates_close_fee_and_total" time="0.000" /><testcase classname="tests.test_fee_breakdown" name="test_closed_trade_splits_entry_and_exit_fee" time="0.000" /><testcase classname="tests.test_fee_breakdown" name="test_price_move_pct_direction_adjusted" time="0.000" /><testcase classname="tests.test_fee_breakdown" name="test_pnl_pct_margin_includes_fees_upnl_excludes" time="0.000" /><testcase classname="tests.test_fee_breakdown" name="test_effective_fee_uses_global_taker_setting" time="0.000" /><testcase classname="tests.test_fee_breakdown" name="test_effective_fee_default_without_setting" time="0.000" /><testcase classname="tests.test_funding_fee_guard.TestAdverseFundingPct" name="test_long_pays_positive_rate" time="0.000" /><testcase classname="tests.test_funding_fee_guard.TestAdverseFundingPct" name="test_long_receives_negative_rate" time="0.000" /><testcase classname="tests.test_funding_fee_guard.TestAdverseFundingPct" name="test_short_pays_negative_rate" time="0.000" /><testcase classname="tests.test_funding_fee_guard.TestAdverseFundingPct" name="test_short_receives_positive_rate" time="0.000" /><testcase classname="tests.test_funding_fee_guard.TestAdverseFundingPct" name="test_invalid_inputs_fail_open" time="0.000" /><testcase classname="tests.test_funding_fee_guard.TestAdverseFundingPct" name="test_hold_hours_mapping" time="0.000" /><testcase classname="tests.test_funding_fee_guard.TestFeeGuardWithFunding" name="test_min_pct_includes_funding" time="0.000" /><testcase classname="tests.test_funding_fee_guard.TestFeeGuardWithFunding" name="test_trade_blocked_only_with_funding" time="0.000" /><testcase classname="tests.test_funding_fee_guard.TestFeeGuardWithFunding" name="test_wide_sl_passes_with_funding" time="0.000" /><testcase classname="tests.test_funding_fee_guard.TestFeeGuardWithFunding" name="test_guard_disabled_ignores_funding" time="0.000" /><testcase classname="tests.test_funding_fee_guard.TestParseFundingPayload" name="test_dict_payload" time="0.000" /><testcase classname="tests.test_funding_fee_guard.TestParseFundingPayload" name="test_list_payload_and_default_interval" time="0.000" /><testcase classname="tests.test_funding_fee_guard.TestParseFundingPayload" name="test_bad_payloads" time="0.000" /><testcase classname="tests.test_forex_ibkr_live" name="test_open_live_forex_single_bracket_without_tp1" time="12.896" /><testcase classname="tests.test_forex_ibkr_live" name="test_move_stop_modifies_all_open_legs" time="12.180" /><testcase classname="tests.test_forex_ibkr_live" name="test_close_live_forex_uses_real_remaining_position" time="20.870" /><testcase classname="tests.test_forex_ibkr_live" name="test_sync_books_tp1_fill_and_moves_runner_sl_to_breakeven" time="12.002" /><testcase classname="tests.test_forex_ibkr_live" name="test_sync_books_close_when_position_flat" time="12.001" /><testcase classname="tests.test_forex_ibkr_live" name="test_status_reports_health_server_hint" time="0.001" /><testcase classname="tests.test_forex_ibkr_live" name="test_manage_trade_guard_flags_for_ibkr" time="0.000" /><testcase classname="tests.test_forex_ibkr_live" name="test_proxy_module_is_stdlib_only" time="0.002" /></testsuite></testsuites>