<?xml version="1.0" encoding="utf-8"?><testsuites name="pytest tests"><testsuite name="pytest" errors="0" failures="0" skipped="0" tests="18" time="2.351" timestamp="2026-09-21T18:55:26.301721+00:00" hostname="agent-env-cdb8587b-d2a6-4c39-9e80-118d3f699eed"><testcase classname="tests.test_iter14_regime_lab_history_and_shadow.TestRenameAnalysis" name="test_rename_requires_admin" time="0.158" /><testcase classname="tests.test_iter14_regime_lab_history_and_shadow.TestRegression" name="test_list" time="0.244" /><testcase classname="tests.test_iter14_regime_lab_history_and_shadow.TestRegression" name="test_active" time="0.132" /><testcase classname="tests.test_iter14_regime_lab_history_and_shadow.TestRenameAnalysis" name="test_rename_empty_name" time="0.299" /><testcase classname="tests.test_iter14_regime_lab_history_and_shadow.TestRegression" name="test_engine_defaults" time="0.190" /><testcase classname="tests.test_iter14_regime_lab_history_and_shadow.TestRenameAnalysis" name="test_rename_unknown_aid" time="0.171" /><testcase classname="tests.test_iter14_regime_lab_history_and_shadow.TestRegression" name="test_autopilot_runs" time="0.137" /><testcase classname="tests.test_iter14_regime_lab_history_and_shadow.TestRenameAnalysis" name="test_rename_roundtrip_and_reset" time="0.508" /><testcase classname="tests.test_iter14_regime_lab_history_and_shadow.TestRegression" name="test_releases" time="0.189" /><testcase classname="tests.test_iter14_regime_lab_history_and_shadow.TestRegression" name="test_delete_unknown_404" time="0.305" /><testcase classname="tests.test_iter14_regime_lab_history_and_shadow.TestEngineSnapshots" name="test_snapshot_requires_admin" time="0.195" /><testcase classname="tests.test_iter14_regime_lab_history_and_shadow.TestCalibrationHistory" name="test_history_includes_autopilot_seed" time="0.189" /><testcase classname="tests.test_iter14_regime_lab_history_and_shadow.TestEngineSnapshots" name="test_snapshot_missing_engine_config" time="0.148" /><testcase classname="tests.test_iter14_regime_lab_history_and_shadow.TestCalibrationHistory" name="test_history_exclude_autopilot" time="0.164" /><testcase classname="tests.test_iter14_regime_lab_history_and_shadow.TestEngineSnapshots" name="test_snapshot_create_and_list" time="0.287" /><testcase classname="tests.test_iter14_regime_lab_history_and_shadow.TestShadowBackfill" name="test_backfill_requires_admin" time="0.148" /><testcase classname="tests.test_iter14_regime_lab_history_and_shadow.TestShadowBackfill" name="test_backfill_admin_ok" time="0.173" /><testcase classname="tests.test_iter14_regime_lab_history_and_shadow.TestAnalysisDetail" name="test_detail_has_symbols_requested_and_skipped" time="0.174" /></testsuite></testsuites>