<?xml version="1.0" encoding="utf-8"?><testsuites name="pytest tests"><testsuite name="pytest" errors="0" failures="0" skipped="0" tests="5" time="1.362" timestamp="2026-08-20T09:31:55.201202+00:00" hostname="agent-env-4a672bef-124e-41ff-ab96-6ba9ca895ae9"><testcase classname="tests.test_iter3_live_bugfix" name="test_ai_master_prompt_returns_rules_dict" time="0.006" /><testcase classname="tests.test_iter3_live_bugfix" name="test_ai_status_ok" time="0.006" /><testcase classname="tests.test_iter3_live_bugfix" name="test_ai_insights_has_lesson_candidates" time="1.170" /><testcase classname="tests.test_iter3_live_bugfix" name="test_lessons_candidates_approve_404_for_missing_key" time="0.119" /><testcase classname="tests.test_iter3_live_bugfix" name="test_autotrade_strategy_scalping_ai_manage_default_false" time="0.002" /></testsuite></testsuites>