<?xml version="1.0" encoding="utf-8"?><testsuites name="pytest tests"><testsuite name="pytest" errors="0" failures="0" skipped="0" tests="4" time="34.473" timestamp="2026-09-08T14:07:00.022338+00:00" hostname="agent-env-62072c19-fefa-468b-a5b7-8459849a6124"><testcase classname="tests.test_fixes_api_db_iter51.TestUsedMarginIgnoresCollection" name="test_collection_trade_not_counted" time="0.009" /><testcase classname="tests.test_fixes_api_db_iter51.TestHealth" name="test_health_alive" time="32.986" /><testcase classname="tests.test_fixes_api_db_iter51.TestReviseSetupInactive" name="test_revise_setup_clears_inactive_and_stores_trade_target" time="0.007" /><testcase classname="tests.test_fixes_api_db_iter51.TestSyncPositionTP1External" name="test_external_partial_close_marks_tp1_and_moves_to_breakeven" time="0.009" /></testsuite></testsuites>