<?xml version="1.0" encoding="utf-8"?><testsuites name="pytest tests"><testsuite name="pytest" errors="0" failures="0" skipped="1" tests="12" time="41.192" timestamp="2026-08-28T17:06:20.431898+00:00" hostname="agent-env-97c94635-d6dd-4d63-b961-75f2008224e6"><testcase classname="tests.test_iter29_copilot_regime" name="test_copilot_status_ready_shared_and_deepseek" time="32.768" /><testcase classname="tests.test_iter29_copilot_regime" name="test_copilot_model_set_and_reset" time="0.944" /><testcase classname="tests.test_iter29_copilot_regime" name="test_copilot_apply_rejects_settings_proposal" time="0.130" /><testcase classname="tests.test_iter29_copilot_regime" name="test_copilot_history_ok" time="0.140" /><testcase classname="tests.test_iter29_copilot_regime" name="test_copilot_chat_settings_proposal" time="0.000"><skipped type="pytest.skip" message="live LLM call skipped (set COPILOT_LLM=1 to enable)">/app/backend/tests/test_iter29_copilot_regime.py:112: live LLM call skipped (set COPILOT_LLM=1 to enable)</skipped></testcase><testcase classname="tests.test_iter29_copilot_regime" name="test_regime_phase_btcusdt" time="5.853" /><testcase classname="tests.test_iter29_copilot_regime" name="test_strategy_coin_config_regime_filter_persist" time="0.496" /><testcase classname="tests.test_iter29_copilot_regime" name="test_core_endpoints_alive[/api/settings]" time="0.137" /><testcase classname="tests.test_iter29_copilot_regime" name="test_core_endpoints_alive[/api/optimizer/active]" time="0.151" /><testcase classname="tests.test_iter29_copilot_regime" name="test_core_endpoints_alive[/api/copilot/history]" time="0.173" /><testcase classname="tests.test_iter29_copilot_regime" name="test_core_endpoints_alive[/api/strategies]" time="0.179" /><testcase classname="tests.test_iter29_copilot_regime" name="test_auth_login_regression" time="0.135" /></testsuite></testsuites>