<?xml version="1.0" encoding="utf-8"?><testsuites name="pytest tests"><testsuite name="pytest" errors="0" failures="0" skipped="0" tests="6" time="12.797" timestamp="2026-08-17T07:32:08.640168+00:00" hostname="agent-env-2198fc6a-30e2-4cc8-a392-21b621dbea35"><testcase classname="tests.test_guard_cockpit_api" name="test_health" time="12.145" /><testcase classname="tests.test_guard_cockpit_api" name="test_guard_stats_public_no_auth" time="0.094" /><testcase classname="tests.test_guard_cockpit_api" name="test_guard_stats_default_shape" time="0.042" /><testcase classname="tests.test_guard_cockpit_api" name="test_guard_stats_days_clamp_high" time="0.081" /><testcase classname="tests.test_guard_cockpit_api" name="test_guard_stats_days_clamp_low" time="0.042" /><testcase classname="tests.test_guard_cockpit_api" name="test_fee_guard_stats_regression" time="0.057" /></testsuite></testsuites>