<?xml version="1.0" encoding="utf-8"?><testsuites name="pytest tests"><testsuite name="pytest" errors="0" failures="0" skipped="0" tests="10" time="22.732" timestamp="2026-09-16T11:16:00.502684+00:00" hostname="agent-env-6814e24a-0ba4-4f53-b508-4117013779af"><testcase classname="tests.test_iter8_audit_fixes_e2e" name="test_health" time="19.576" /><testcase classname="tests.test_iter8_audit_fixes_e2e" name="test_dynamic_list" time="1.409" /><testcase classname="tests.test_iter8_audit_fixes_e2e" name="test_approve_without_evidence_returns_409" time="0.280" /><testcase classname="tests.test_iter8_audit_fixes_e2e" name="test_approve_override_without_note_returns_400" time="0.119" /><testcase classname="tests.test_iter8_audit_fixes_e2e" name="test_apply_before_approve_returns_409" time="0.144" /><testcase classname="tests.test_iter8_audit_fixes_e2e" name="test_approve_with_override_and_note_ok" time="0.157" /><testcase classname="tests.test_iter8_audit_fixes_e2e" name="test_apply_after_approve_not_409" time="0.119" /><testcase classname="tests.test_iter8_audit_fixes_e2e" name="test_confirm_without_open_switch_returns_400" time="0.122" /><testcase classname="tests.test_iter8_audit_fixes_e2e" name="test_evidence_bundle" time="0.121" /><testcase classname="tests.test_iter8_audit_fixes_e2e" name="test_delete_archives" time="0.262" /></testsuite></testsuites>