<?xml version="1.0" encoding="utf-8"?><testsuites name="pytest tests"><testsuite name="pytest" errors="0" failures="0" skipped="0" tests="8" time="21.899" timestamp="2026-09-07T08:47:12.177499+00:00" hostname="agent-env-03c9ece0-2baf-4afd-8607-41d3a622aeb7"><testcase classname="tests.test_postmortem_api_iter49" name="test_summary_all_seeded" time="19.945" /><testcase classname="tests.test_postmortem_api_iter49" name="test_summary_mode_split_live_paper_sums_to_all" time="0.433" /><testcase classname="tests.test_postmortem_api_iter49" name="test_trade_detail_seeded" time="0.143" /><testcase classname="tests.test_postmortem_api_iter49" name="test_trade_detail_missing_returns_pending" time="0.124" /><testcase classname="tests.test_postmortem_api_iter49" name="test_context_empty_when_not_enough_data" time="0.121" /><testcase classname="tests.test_postmortem_api_iter49" name="test_run_requires_admin" time="0.122" /><testcase classname="tests.test_postmortem_api_iter49" name="test_run_with_admin_idempotent" time="0.396" /><testcase classname="tests.test_postmortem_api_iter49" name="test_regression_health_ai_status" time="0.267" /></testsuite></testsuites>