<?xml version="1.0" encoding="utf-8"?><testsuites name="pytest tests"><testsuite name="pytest" errors="0" failures="0" skipped="2" tests="94" time="51.514" timestamp="2026-09-01T23:49:09.672738+00:00" hostname="agent-env-0ee16007-00f3-47bd-ba82-07649fe3f143"><testcase classname="" name="tests.test_phase5_ml_gate_api" time="0.000"><skipped message="collection skipped">('/app/backend/tests/test_phase5_ml_gate_api.py', 30, 'Skipped: Zu wenig ML-Gate-Daten in dieser Umgebung (Prod-Regressionstests)')</skipped></testcase><testcase classname="tests.test_ai_iter2_governance" name="test_macro_keys_recognised" time="0.000" /><testcase classname="tests.test_ai_iter2_governance" name="test_provider_health_reports_fallback_and_limits" time="0.001" /><testcase classname="tests.test_ai_iter3_api" name="test_ai_status_has_schedule_active_and_providers_health" time="0.121" /><testcase classname="tests.test_ai_iter3_api" name="test_providers_health_shape" time="0.059" /><testcase classname="tests.test_ai_lab" name="test_chain_appends_available_providers" time="0.001" /><testcase classname="tests.test_ai_learning" name="test_engine_scope_keys" time="0.000" /><testcase classname="tests.test_ai_learning" name="test_spec_text_mentions_keys" time="0.000" /><testcase classname="tests.test_ai_learning" name="test_default_config_has_new_keys" time="0.000" /><testcase classname="tests.test_ai_protection_and_priority.TestAiProtectionPolicy" name="test_unknown_keys_ignored" time="0.001" /><testcase classname="tests.test_ai_protection_and_priority.TestProviderPriority" name="test_live_roles_critical" time="0.000" /><testcase classname="tests.test_ai_protection_and_priority.TestProviderPriority" name="test_collection_roles_low" time="0.000" /><testcase classname="tests.test_ai_protection_and_priority.TestProviderPriority" name="test_unknown_role_normal" time="0.000" /><testcase classname="tests.test_ai_protection_and_priority.TestProviderPriority" name="test_low_priority_uses_only_primary_key" time="0.000" /><testcase classname="tests.test_ai_protection_and_priority.TestProviderPriority" name="test_critical_and_normal_keep_all_keys" time="0.000" /><testcase classname="tests.test_ai_quality_fixes_integration" name="test_status_contains_new_config_keys" time="0.147" /><testcase classname="tests.test_ai_quality_fixes_integration" name="test_regression_endpoints_200[/api/ai/providers/health]" time="0.118" /><testcase classname="tests.test_ai_status_grouping" name="test_group_by_provider_rate_limited_and_skipped" time="0.001" /><testcase classname="tests.test_ai_status_grouping" name="test_ai_status_has_grouped_keys" time="0.266" /><testcase classname="tests.test_ai_team_regression" name="test_new_providers_in_catalog" time="0.000" /><testcase classname="tests.test_ai_team_regression" name="test_provider_for_model" time="0.000" /><testcase classname="tests.test_ai_team_regression" name="test_same_provider_chain_preferred_first" time="0.000" /><testcase classname="tests.test_ai_team_regression" name="test_generate_chain_no_keys_raises" time="0.001" /><testcase classname="tests.test_ai_trader_iter10.TestAIStatus" name="test_ai_status_has_new_config_keys" time="0.287" /><testcase classname="tests.test_ai_trader_iter2_fixes" name="test_schedule_keeps_model_and_provider" time="0.000" /><testcase classname="tests.test_backlog_p1_p2_fixes" name="test_provider_internal_substitute_is_flagged_outside_team" time="0.001" /><testcase classname="tests.test_copilot_advisor" name="test_copilot_keys_prefer_own_keys" time="0.000" /><testcase classname="tests.test_copilot_advisor" name="test_copilot_keys_fallback_to_trader_keys" time="0.000" /><testcase classname="tests.test_copilot_advisor" name="test_copilot_keys_none" time="0.000" /><testcase classname="tests.test_fixes_guard_402_lessons" name="test_402_keys_not_retried_every_cycle" time="0.000" /><testcase classname="tests.test_fixes_guard_402_lessons" name="test_short_rate_limit_keys_still_retried_as_fallback" time="0.000" /><testcase classname="tests.test_fixes_guard_402_lessons" name="test_mixed_cooldowns_free_key_wins" time="0.000" /><testcase classname="tests.test_fixes_guard_402_lessons" name="test_expired_short_cooldown_frees_key" time="0.000" /><testcase classname="tests.test_fixes_guard_402_lessons" name="test_402_cooldown_lasts_until_utc_midnight" time="0.000" /><testcase classname="tests.test_fixes_guard_402_lessons" name="test_correlation_guard_on_and_off_need_trader" time="0.000" /><testcase classname="tests.test_fixes_guard_402_lessons" name="test_expired_lesson_becomes_dormant_not_deleted" time="0.000" /><testcase classname="tests.test_fixes_guard_402_lessons" name="test_long_dormant_lesson_finally_removed" time="0.000" /><testcase classname="tests.test_fixes_guard_402_lessons" name="test_locked_lesson_never_expires_or_dormant" time="0.000" /><testcase classname="tests.test_fixes_guard_402_lessons" name="test_merge_preserves_dormant_and_reactivates" time="0.000" /><testcase classname="tests.test_fixes_guard_402_lessons" name="test_renewal_grows_with_confirmations" time="0.000" /><testcase classname="tests.test_fixes_guard_402_lessons" name="test_absolute_rule_detection" time="0.000" /><testcase classname="tests.test_fixes_guard_402_lessons" name="test_dormant_text_prompt_block" time="0.000" /><testcase classname="tests.test_fixes_guard_402_lessons" name="test_reeval_veraltet_parks_instead_of_delete" time="0.000" /><testcase classname="tests.test_fixes_guard_402_lessons" name="test_429_streak_skips_without_poisoning_other_keys" time="0.001" /><testcase classname="tests.test_fixes_guard_402_lessons" name="test_reactivate_clears_dormant_and_extends_validity" time="0.000" /><testcase classname="tests.test_fixes_guard_402_lessons" name="test_park_sets_dormant_and_keeps_lesson" time="0.000" /><testcase classname="tests.test_improvements_0_6" name="test_provider_keys_pick_up_high_backup_numbers" time="0.000" /><testcase classname="tests.test_improvements_orderflow_ml_news.TestPaidModelRetry" name="test_payment_error_402_still_falls_back" time="0.001" /><testcase classname="tests.test_iter11_mae_api.TestIter10Regression" name="test_closed_trades_have_peak_and_trough_keys" time="0.152"><skipped type="pytest.skip" message="keine geschlossenen Trades in dieser DB">/app/backend/tests/test_iter11_mae_api.py:124: keine geschlossenen Trades in dieser DB</skipped></testcase><testcase classname="tests.test_iter43_advisor_and_catalog" name="test_models_watch_status_has_expected_keys" time="0.134" /><testcase classname="tests.test_iter47_pending_models_and_keystatus" name="test_admin_login" time="0.139" /><testcase classname="tests.test_iter47_pending_models_and_keystatus" name="test_ai_status_key_status" time="0.124" /><testcase classname="tests.test_iter47_pending_models_and_keystatus" name="test_catalog_has_pending_models" time="0.076" /><testcase classname="tests.test_iter47_pending_models_and_keystatus" name="test_approve_without_token_returns_401" time="0.287" /><testcase classname="tests.test_iter47_pending_models_and_keystatus" name="test_approve_unknown_model_returns_400" time="0.136" /><testcase classname="tests.test_iter47_pending_models_and_keystatus" name="test_approve_then_verify_and_cleanup" time="0.706" /><testcase classname="tests.test_iter47_pending_models_and_keystatus" name="test_roles_toggle_deep_on_news" time="0.350" /><testcase classname="tests.test_iter48_maker_api_e2e" name="test_ai_knowledge_forbids_maker_keys" time="0.000" /><testcase classname="tests.test_iter48_maker_mode.TestParseOrderFill" name="test_partial_and_alt_keys" time="0.000" /><testcase classname="tests.test_iter48_maker_mode.TestEngineMakerRules" name="test_forbidden_keys_for_ki" time="0.000" /><testcase classname="tests.test_iter49_empty_response_retry" name="test_empty_response_rotates_keys_then_next_model" time="0.001" /><testcase classname="tests.test_iter4_master_prompt_lesson_policy" name="test_regression_get_endpoints[/api/ai/providers/health]" time="0.678" /><testcase classname="tests.test_iter_fb2_capital_e2e" name="test_status_reports_backup_keys" time="0.137" /><testcase classname="tests.test_iteration15_fallback_shape" name="test_provider_internal_substitute_flagged_live" time="0.001" /><testcase classname="tests.test_key_402_handling" name="test_payment_error_detected" time="0.000" /><testcase classname="tests.test_key_402_handling" name="test_402_cooldown_lasts_until_utc_midnight" time="0.000" /><testcase classname="tests.test_key_402_handling" name="test_402_keys_do_not_block_healthy_keys" time="0.001" /><testcase classname="tests.test_key_402_handling" name="test_real_429_streak_still_skips_same_org" time="0.001" /><testcase classname="tests.test_key_rotation_improvements.TestCooldownClassification" name="test_minute_limit_short_cooldown" time="0.000" /><testcase classname="tests.test_key_rotation_improvements.TestCooldownClassification" name="test_daily_limit_until_midnight" time="0.000" /><testcase classname="tests.test_key_rotation_improvements.TestCooldownClassification" name="test_unknown_429_default_cooldown" time="0.000" /><testcase classname="tests.test_key_rotation_improvements.TestCooldownClassification" name="test_payment_until_midnight" time="0.000" /><testcase classname="tests.test_key_rotation_improvements.TestUpstreamOverload" name="test_detection" time="0.000" /><testcase classname="tests.test_key_rotation_improvements.TestUpstreamOverload" name="test_chain_skips_keys_on_upstream_overload" time="0.001" /><testcase classname="tests.test_key_rotation_improvements.TestUpstreamOverload" name="test_normal_429_still_rotates_keys" time="0.001" /><testcase classname="tests.test_key_rotation_improvements.TestKeyStatusEndpoint" name="test_requires_admin" time="0.185" /><testcase classname="tests.test_key_rotation_improvements.TestKeyStatusEndpoint" name="test_returns_key_list" time="0.675" /><testcase classname="tests.test_phase4_api_roundtrip" name="test_ai_status_has_new_keys" time="0.290" /><testcase classname="tests.test_phase4_api_roundtrip" name="test_update_new_keys_roundtrip" time="0.548" /><testcase classname="tests.test_phase4_api_roundtrip" name="test_regression_existing_keys" time="0.621" /><testcase classname="tests.test_playbook_backups_notify" name="test_multiple_backup_keys_order" time="0.001" /><testcase classname="tests.test_playbook_backups_notify" name="test_fail_lines_groups_by_provider_and_reason" time="0.000" /><testcase classname="tests.test_regime_extras" name="test_regimes_carry_trend_and_vol_keys_for_colors" time="0.035" /><testcase classname="tests.test_regime_extras" name="test_provider_cache_key_includes_strategy_params" time="0.000" /><testcase classname="tests.test_regime_extras" name="test_provider_cache_returns_different_signals_per_params" time="0.004" /><testcase classname="tests.test_regime_gate" name="test_default_coin_cfg_contains_filter_keys" time="0.000" /><testcase classname="tests.test_regime_iter2_miniphase_mtf_volume.TestEngineDefaultsIter2" name="test_defaults_expose_new_keys" time="0.242" /><testcase classname="tests.test_regime_iter3_live_fix.TestEngineDefaultsRegression" name="test_defaults_still_have_iter2_keys" time="0.255" /><testcase classname="tests.test_regime_reactive_and_worker.TestEngineDefaults" name="test_engine_defaults_reactive_keys" time="0.244" /><testcase classname="tests.test_regression_iter15_guard_lessons_api.TestStatusAndAuth" name="test_status_200_with_key_and_provider_fields" time="37.462" /><testcase classname="tests.test_robustness_features.TestTopTracker" name="test_trade_params_make_distinct_keys" time="0.000" /><testcase classname="tests.test_rule_timeframes.TestLiveFastParity" name="test_analyze_matches_provider" time="0.004" /><testcase classname="tests.test_rule_timeframes.TestOptimizerIntegration" name="test_get_params_passes_tf_keys" time="0.000" /><testcase classname="tests.test_session_review_fixes" name="test_ai_status_providers_health" time="4.521" /></testsuite></testsuites>