<?xml version="1.0" encoding="utf-8"?><testsuites name="pytest tests"><testsuite name="pytest" errors="0" failures="0" skipped="0" tests="3" time="20.678" timestamp="2026-09-24T17:45:15.475849+00:00" hostname="agent-env-f508db40-1a8c-4898-96fa-3a5d50458500"><testcase classname="tests.test_iter26_htf_and_reevaluate" name="test_reevaluate_unknown_aid_returns_404" time="20.131" /><testcase classname="tests.test_iter26_htf_and_reevaluate" name="test_reevaluate_local_without_worker_returns_503_or_404" time="0.081" /><testcase classname="tests.test_iter26_htf_and_reevaluate" name="test_engine_defaults_include_htf_keys" time="0.134" /></testsuite></testsuites>