<?xml version="1.0" encoding="utf-8"?><testsuites name="pytest tests"><testsuite name="pytest" errors="0" failures="0" skipped="0" tests="46" time="2.298" timestamp="2026-09-24T17:10:31.120171+00:00" hostname="agent-env-f508db40-1a8c-4898-96fa-3a5d50458500"><testcase classname="tests.test_regime_pruefung_2309" name="test_required_history_grows_with_detector_needs" time="0.204" /><testcase classname="tests.test_pruefung_2409" name="test_pol_case_sl_behind_real_liq_is_detected" time="0.000" /><testcase classname="tests.test_pruefung_2409" name="test_pol_case_tops_up_margin_when_capital_is_free" time="0.000" /><testcase classname="tests.test_pruefung_2409" name="test_pol_case_moves_sl_before_liq_without_free_capital" time="0.000" /><testcase classname="tests.test_pruefung_2409" name="test_close_when_price_already_beyond_safe_sl" time="0.000" /><testcase classname="tests.test_pruefung_2409" name="test_long_side_and_safe_case" time="0.000" /><testcase classname="tests.test_pruefung_2409" name="test_implied_mmr_from_exchange_numbers" time="0.000" /><testcase classname="tests.test_pruefung_2409" name="test_entry_deviation" time="0.000" /><testcase classname="tests.test_pruefung_2409" name="test_liquidation_flag_from_history" time="0.000" /><testcase classname="tests.test_pruefung_2409" name="test_watchdog_parses_exchange_liq_price" time="0.000" /><testcase classname="tests.test_pruefung_2409" name="test_shadow_counts_of_deleted_analyses_are_orphaned" time="0.000" /><testcase classname="tests.test_pruefung_2409" name="test_reference_v2_window_is_independent_of_model_horizons" time="0.029" /><testcase classname="tests.test_pruefung_2409" name="test_always_sideways_has_no_skill_and_low_balanced" time="0.042" /><testcase classname="tests.test_pruefung_2409" name="test_quality_grade_capped_by_balanced_reference" time="0.000" /><testcase classname="tests.test_pruefung_2409" name="test_ablation_delta_prefers_reference_v2" time="0.000" /><testcase classname="tests.test_pruefung_2409" name="test_autopilot_score_prefers_balanced_reference_and_direction_phase" time="0.000" /><testcase classname="tests.test_pruefung_2409" name="test_macro_f1_and_kappa_punish_trend_nervous_and_constant_detectors" time="0.000" /><testcase classname="tests.test_pruefung_2409" name="test_autopilot_score_prefers_f1_over_balanced" time="0.000" /><testcase classname="tests.test_pruefung_2409" name="test_quality_grade_uses_f1_when_present" time="0.000" /><testcase classname="tests.test_pruefung_2409" name="test_kombi_pivot_scan_does_not_flip_forever_after_crash_wick" time="0.001" /><testcase classname="tests.test_pruefung_2409" name="test_reactive_detector_source_uses_exclusive_rebase_window" time="0.010" /><testcase classname="tests.test_regime_release" name="test_validate_release_green_and_hash_stable" time="0.000" /><testcase classname="tests.test_regime_release" name="test_validate_release_each_missing_proof_one_reason" time="0.001" /><testcase classname="tests.test_regime_release" name="test_validate_activation_boundaries" time="0.000" /><testcase classname="tests.test_regime_release" name="test_apply_stage_history_grows_and_revoke" time="0.000" /><testcase classname="tests.test_regime_release" name="test_proposal_paths" time="0.000" /><testcase classname="tests.test_regime_release" name="test_set_stage_unique_per_class_and_revoke_immediate" time="0.001" /><testcase classname="tests.test_regime_release" name="test_handle_recommendation_cooldown_and_needs_data" time="0.002" /><testcase classname="tests.test_regime_release" name="test_validate_release_scope_both_normalized_to_combined" time="0.000" /><testcase classname="tests.test_regime_release" name="test_apply_proposal_reruns_activation_gate" time="0.003" /><testcase classname="tests.test_engine_split_and_regime_core" name="test_ai_engine_class_has_all_moved_methods" time="0.018" /><testcase classname="tests.test_engine_split_and_regime_core" name="test_ai_engine_mixin_mro_and_reexports" time="0.000" /><testcase classname="tests.test_engine_split_and_regime_core" name="test_tuning_guard_still_blocks_correlation_guard_after_split" time="0.000" /><testcase classname="tests.test_engine_split_and_regime_core" name="test_regime_core_facade" time="0.138" /><testcase classname="tests.test_regime_pruefung_2309" name="test_reactive_warmup_covers_ema_anchor_and_pivots" time="0.029" /><testcase classname="tests.test_regime_pruefung_2309" name="test_context_marks_insufficient_history_as_stale" time="0.035" /><testcase classname="tests.test_regime_pruefung_2309" name="test_live_label_is_window_independent_with_required_history[ema-9]" time="0.183" /><testcase classname="tests.test_regime_pruefung_2309" name="test_live_label_is_window_independent_with_required_history[ema-5]" time="0.225" /><testcase classname="tests.test_regime_pruefung_2309" name="test_live_label_is_window_independent_with_required_history[reactive-3]" time="0.654" /><testcase classname="tests.test_regime_pruefung_2309" name="test_reference_compare_splits_holdout_and_inner" time="0.003" /><testcase classname="tests.test_regime_pruefung_2309" name="test_quality_grade_is_capped_by_reference" time="0.000" /><testcase classname="tests.test_regime_pruefung_2309" name="test_quality_summary_uses_reference_from_entry" time="0.000" /><testcase classname="tests.test_regime_pruefung_2309" name="test_select_best_row_prefers_reference_chain" time="0.000" /><testcase classname="tests.test_regime_pruefung_2309" name="test_symbol_payload_contains_reference_for_all_detectors" time="0.153" /><testcase classname="tests.test_regime_pruefung_2309" name="test_probe_metric_ema_self_agreement_exceeds_reference_on_noisy_data" time="0.040" /><testcase classname="tests.test_regime_pruefung_2309" name="test_bridge_health_flags_short_structural_history" time="0.001" /></testsuite></testsuites>