<?xml version="1.0" encoding="utf-8"?><testsuites name="pytest tests"><testsuite name="pytest" errors="0" failures="0" skipped="0" tests="17" time="21.576" timestamp="2026-09-06T18:41:42.326253+00:00" hostname="agent-env-7d98effa-2007-480b-b1b7-7aea7de2bd35"><testcase classname="tests.test_iter46_recovery_trash_seeding.TestSeedingAuto" name="test_backtest_shape" time="18.211" /><testcase classname="tests.test_iter46_recovery_trash_seeding.TestRecovery" name="test_preview" time="18.366" /><testcase classname="tests.test_iter46_recovery_trash_seeding.TestSeedingAuto" name="test_auto_endpoint" time="0.214" /><testcase classname="tests.test_iter46_recovery_trash_seeding.TestRecovery" name="test_run_and_idempotent" time="0.428" /><testcase classname="tests.test_iter46_recovery_trash_seeding.TestSeedingAuto" name="test_last_result_shape" time="0.150" /><testcase classname="tests.test_iter46_recovery_trash_seeding.TestSeedingAuto" name="test_update_auto_and_clamps" time="0.978" /><testcase classname="tests.test_iter46_recovery_trash_seeding.TestRecovery" name="test_report" time="0.115" /><testcase classname="tests.test_iter46_recovery_trash_seeding.TestTradeTrash" name="test_trash_cycle" time="0.726" /><testcase classname="tests.test_iter46_recovery_trash_seeding.TestRegression" name="test_autotrade_trades" time="0.169" /><testcase classname="tests.test_iter46_recovery_trash_seeding.TestTradeTrash" name="test_restore_unknown_404" time="0.125" /><testcase classname="tests.test_iter46_recovery_trash_seeding.TestRegression" name="test_performance" time="0.149" /><testcase classname="tests.test_iter46_recovery_trash_seeding.TestTradeTrash" name="test_discard_unknown_404" time="0.168" /><testcase classname="tests.test_iter46_recovery_trash_seeding.TestRegression" name="test_lessons" time="0.199" /><testcase classname="tests.test_iter46_recovery_trash_seeding.TestMasterPrompt" name="test_history_and_restore_cycle" time="0.533" /><testcase classname="tests.test_iter46_recovery_trash_seeding.TestAuth" name="test_login" time="0.000" /><testcase classname="tests.test_iter46_recovery_trash_seeding.TestLessons" name="test_lessons_history_restore" time="1.110" /><testcase classname="tests.test_iter46_recovery_trash_seeding.TestMasterPrompt" name="test_restore_unknown_version_404" time="0.144" /></testsuite></testsuites>