<?xml version="1.0" encoding="utf-8"?><testsuites name="pytest tests"><testsuite name="pytest" errors="0" failures="0" skipped="1" tests="24" time="35.524" timestamp="2026-08-18T05:07:20.172393+00:00" hostname="agent-env-a829f260-41a4-40a8-a774-a3824a745863"><testcase classname="tests.test_iter48_maker_mode.TestParseOrderFill" name="test_filled" time="0.136" /><testcase classname="tests.test_iter48_maker_mode.TestParseOrderFill" name="test_partial_and_alt_keys" time="0.000" /><testcase classname="tests.test_iter48_maker_mode.TestParseOrderFill" name="test_garbage_safe" time="0.000" /><testcase classname="tests.test_iter48_maker_mode" name="test_maker_entry_filled" time="3.004" /><testcase classname="tests.test_iter48_maker_mode" name="test_maker_entry_short_price_above_mark" time="3.001" /><testcase classname="tests.test_iter48_maker_mode" name="test_maker_entry_timeout_falls_back_and_cancels" time="12.011" /><testcase classname="tests.test_iter48_maker_mode" name="test_maker_entry_partial_keeps_fill" time="12.007" /><testcase classname="tests.test_iter48_maker_mode" name="test_maker_entry_postonly_rejected_falls_back" time="3.004" /><testcase classname="tests.test_iter48_maker_mode" name="test_maker_entry_place_rejected_falls_back" time="0.000" /><testcase classname="tests.test_iter48_maker_mode.TestEngineMakerRules" name="test_suspend_hours_sets_and_clears" time="0.011" /><testcase classname="tests.test_iter48_maker_mode.TestEngineMakerRules" name="test_tuning_guard_maker" time="0.000" /><testcase classname="tests.test_iter48_maker_mode.TestEngineMakerRules" name="test_forbidden_keys_for_ki" time="0.000" /><testcase classname="tests.test_iter48_maker_mode.TestMakerApi" name="test_toggle_wait_and_resume" time="0.737" /><testcase classname="tests.test_iter48_maker_api_e2e" name="test_ai_status_has_maker_fields" time="0.204" /><testcase classname="tests.test_iter48_maker_api_e2e" name="test_toggle_maker_mode_on" time="0.204" /><testcase classname="tests.test_iter48_maker_api_e2e" name="test_maker_wait_clamped" time="0.195" /><testcase classname="tests.test_iter48_maker_api_e2e" name="test_maker_suspend_hours_sets_iso" time="0.204" /><testcase classname="tests.test_iter48_maker_api_e2e" name="test_maker_resume_clears_suspend" time="0.205" /><testcase classname="tests.test_iter48_maker_api_e2e" name="test_reset_maker_config" time="0.211" /><testcase classname="tests.test_iter48_maker_api_e2e" name="test_ai_knowledge_forbids_maker_keys" time="0.000" /><testcase classname="tests.test_iter48_maker_api_e2e" name="test_ai_knowledge_accepts_suspend_hours" time="0.000" /><testcase classname="tests.test_iter48_maker_api_e2e" name="test_tuning_guard_maker" time="0.000"><skipped type="pytest.skip" message="no _tuning_guard exported">/app/backend/tests/test_iter48_maker_api_e2e.py:118: no _tuning_guard exported</skipped></testcase><testcase classname="tests.test_iter48_maker_api_e2e" name="test_trade_explain_has_order_kind" time="0.110" /><testcase classname="tests.test_iter48_maker_api_e2e" name="test_ai_lab_trash" time="0.116" /></testsuite></testsuites>