<?xml version="1.0" encoding="utf-8"?><testsuites name="pytest tests"><testsuite name="pytest" errors="0" failures="0" skipped="1" tests="192" time="2.043" timestamp="2026-09-16T08:41:53.520534+00:00" hostname="agent-env-73eb789d-8203-4591-b1de-a879974670cd"><testcase classname="tests.analysis_regression.test_ap04_release_confirm.TestReleaseModel" name="test_initial_release_draft_without_verdict" time="0.000" /><testcase classname="tests.analysis_regression.test_ap12_evidence.TestEvidenceBundle" name="test_ready_when_all_green" time="0.001" /><testcase classname="tests.analysis_regression.test_ap04_release_confirm.TestReleaseModel" name="test_initial_release_validated_with_passed_verdict" time="0.000" /><testcase classname="tests.analysis_regression.test_ap12_evidence.TestEvidenceBundle" name="test_draft_release_blocks" time="0.000" /><testcase classname="tests.analysis_regression.test_ap04_release_confirm.TestReleaseModel" name="test_failed_verdict_stays_draft" time="0.000" /><testcase classname="tests.analysis_regression.test_ap04_release_confirm.TestReleaseModel" name="test_definition_change_makes_validation_stale" time="0.000" /><testcase classname="tests.analysis_regression.test_ap12_evidence.TestEvidenceBundle" name="test_stale_definition_blocks" time="0.000" /><testcase classname="tests.analysis_regression.test_ap12_evidence.TestEvidenceBundle" name="test_legacy_doc_not_ready" time="0.000" /><testcase classname="tests.analysis_regression.test_ap04_release_confirm.TestReleaseModel" name="test_legacy_docs_without_release_are_not_gated" time="0.000" /><testcase classname="tests.analysis_regression.test_ap04_release_confirm.TestReleaseModel" name="test_approve_clears_block_and_binds_current_fingerprint" time="0.000" /><testcase classname="tests.analysis_regression.test_ap12_evidence.TestEvidenceBundle" name="test_missing_analysis_blocks" time="0.000" /><testcase classname="tests.analysis_regression.test_ap04_release_confirm.TestReleaseModel" name="test_revised_release_same_definition_keeps_release" time="0.000" /><testcase classname="tests.analysis_regression.test_ap12_evidence.TestEvidenceBundle" name="test_unpinned_dataset_blocks" time="0.000" /><testcase classname="tests.analysis_regression.test_ap12_evidence.TestEvidenceBundle" name="test_wf_missing_failed_and_stale_block" time="0.000" /><testcase classname="tests.analysis_regression.test_ap12_evidence.TestEvidenceBundle" name="test_failed_application_and_critical_safety_block" time="0.000" /><testcase classname="tests.analysis_regression.test_ap12_evidence.TestEvidenceBundle" name="test_wf_scope_prefers_coin_over_combined" time="0.000" /><testcase classname="tests.analysis_regression.test_ap04_release_confirm.TestReleaseModel" name="test_revised_release_changed_definition_bumps_revision" time="0.000" /><testcase classname="tests.analysis_regression.test_ap12_evidence.TestEvidenceBundle" name="test_good_pnl_alone_is_not_approval" time="0.001" /><testcase classname="tests.analysis_regression.test_ap01_watchdog_ownership.TestLeftoverEvidence" name="test_no_closed_trade_is_no_leftover" time="0.000" /><testcase classname="tests.analysis_regression.test_ap01_watchdog_ownership.TestLeftoverEvidence" name="test_same_position_id_is_leftover" time="0.000" /><testcase classname="tests.analysis_regression.test_ap02_fill_protection_budget.TestRecoveredFillQty" name="test_partial_fill_books_actual_qty" time="0.000" /><testcase classname="tests.analysis_regression.test_ap01_watchdog_ownership.TestLeftoverEvidence" name="test_different_known_position_ids_never_leftover" time="0.000" /><testcase classname="tests.analysis_regression.test_ap02_fill_protection_budget.TestRecoveredFillQty" name="test_full_fill_books_planned_qty" time="0.000" /><testcase classname="tests.analysis_regression.test_ap02_fill_protection_budget.TestRecoveredFillQty" name="test_more_than_planned_caps_at_planned" time="0.000" /><testcase classname="tests.analysis_regression.test_ap01_watchdog_ownership.TestLeftoverEvidence" name="test_large_qty_without_id_is_not_leftover" time="0.000" /><testcase classname="tests.analysis_regression.test_ap01_watchdog_ownership.TestLeftoverEvidence" name="test_opened_after_close_is_not_leftover" time="0.000" /><testcase classname="tests.analysis_regression.test_ap02_fill_protection_budget.TestRecoveredFillQty" name="test_below_half_is_no_recovery" time="0.000" /><testcase classname="tests.analysis_regression.test_ap01_watchdog_ownership.TestLeftoverEvidence" name="test_small_position_before_close_without_matching_id_is_not_leftover" time="0.000" /><testcase classname="tests.analysis_regression.test_ap02_fill_protection_budget.TestRecoveredFillQty" name="test_unknown_untracked_is_no_recovery" time="0.000" /><testcase classname="tests.analysis_regression.test_ap02_fill_protection_budget.TestRecoveredFillQty" name="test_zero_planned_is_no_recovery" time="0.000" /><testcase classname="tests.analysis_regression.test_ap01_watchdog_ownership.TestLeftoverEvidence" name="test_unknown_source_qty_is_no_evidence" time="0.000" /><testcase classname="tests.analysis_regression.test_ap02_fill_protection_budget.TestRecoveredFillQty" name="test_garbage_input_is_no_recovery" time="0.000" /><testcase classname="tests.analysis_regression.test_ap10_ui_states.TestWalkforwardStatus" name="test_no_walkforward" time="0.000" /><testcase classname="tests.analysis_regression.test_ap02_fill_protection_budget.TestRiskBudgetFailClosed" name="test_missing_equity_blocks_new_trade" time="0.000" /><testcase classname="tests.analysis_regression.test_ap10_ui_states.TestWalkforwardStatus" name="test_passed_and_failed" time="0.000" /><testcase classname="tests.analysis_regression.test_ap10_ui_states.TestWalkforwardStatus" name="test_mixed_scopes_not_passed" time="0.000" /><testcase classname="tests.analysis_regression.test_ap02_fill_protection_budget.TestRiskBudgetFailClosed" name="test_zero_equity_blocks_new_trade" time="0.000" /><testcase classname="tests.analysis_regression.test_ap10_ui_states.TestWalkforwardStatus" name="test_stale_when_assignment_changed_after_wf" time="0.000" /><testcase classname="tests.analysis_regression.test_ap02_fill_protection_budget.TestRiskBudgetFailClosed" name="test_fail_open_only_by_explicit_config" time="0.000" /><testcase classname="tests.analysis_regression.test_ap10_ui_states.TestWalkforwardStatus" name="test_not_stale_when_assignment_older" time="0.000" /><testcase classname="tests.analysis_regression.test_ap10_ui_states.TestWalkforwardStatus" name="test_other_scope_assignment_does_not_stale" time="0.000" /><testcase classname="tests.analysis_regression.test_ap02_fill_protection_budget.TestRiskBudgetFailClosed" name="test_disabled_budget_still_allows" time="0.000" /><testcase classname="tests.analysis_regression.test_ap02_fill_protection_budget.TestRiskBudgetFailClosed" name="test_normal_budget_block_still_works" time="0.000" /><testcase classname="tests.analysis_regression.test_ap10_ui_states.TestWalkforwardStatus" name="test_missing_created_at_is_safe" time="0.000" /><testcase classname="tests.analysis_regression.test_ap02_fill_protection_budget.TestRiskBudgetFailClosed" name="test_normal_budget_pass_still_works" time="0.000" /><testcase classname="tests.analysis_regression.test_ap03_strategy_plan.TestResolverStates" name="test_unknown_regime_is_unmapped" time="0.000" /><testcase classname="tests.analysis_regression.test_ap03_strategy_plan.TestResolverStates" name="test_empty_config_is_baseline" time="0.000" /><testcase classname="tests.analysis_regression.test_ap04_release_confirm.TestConfirmCAS" name="test_valid_confirm_applies_and_clears_pending" time="0.001" /><testcase classname="tests.analysis_regression.test_ap03_strategy_plan.TestResolverStates" name="test_regime_without_config_uses_fallback" time="0.000" /><testcase classname="tests.analysis_regression.test_ap03_strategy_plan.TestResolverStates" name="test_multi_mapping_unmapped_regime_has_no_strategy" time="0.000" /><testcase classname="tests.analysis_regression.test_ap04_release_confirm.TestConfirmCAS" name="test_stale_confirm_after_new_observation_conflicts" time="0.001" /><testcase classname="tests.analysis_regression.test_ap03_strategy_plan.TestResolverStates" name="test_sub_strategy_rules_exposed" time="0.000" /><testcase classname="tests.analysis_regression.test_ap03_strategy_plan.TestResolverStates" name="test_non_opt_keys_are_not_smuggled" time="0.000" /><testcase classname="tests.analysis_regression.test_ap04_release_confirm.TestConfirmCAS" name="test_wrong_command_id_conflicts" time="0.001" /><testcase classname="tests.analysis_regression.test_ap07_research_validation.TestR10Selection" name="test_select_best_never_uses_holdout" time="0.000" /><testcase classname="tests.analysis_regression.test_ap07_research_validation.TestR10Selection" name="test_fallback_is_train_not_holdout" time="0.000" /><testcase classname="tests.analysis_regression.test_ap04_release_confirm.TestConfirmCAS" name="test_expired_pending_conflicts_and_is_cleared" time="0.001" /><testcase classname="tests.analysis_regression.test_ap07_research_validation.TestR10Selection" name="test_inner_anchor_within_train_window" time="0.002" /><testcase classname="tests.analysis_regression.test_ap04_release_confirm.TestConfirmCAS" name="test_draft_release_blocks_confirm" time="0.001" /><testcase classname="tests.analysis_regression.test_ap04_release_confirm.TestConfirmCAS" name="test_apply_error_recorded_as_failed_and_retryable" time="0.001" /><testcase classname="tests.analysis_regression.test_ap07_research_validation.TestR10Selection" name="test_evidence_verdict" time="0.000" /><testcase classname="tests.analysis_regression.test_ap07_research_validation.TestR10Selection" name="test_ema_and_kombi_wiring" time="0.006" /><testcase classname="tests.analysis_regression.test_ap13_research_ext.TestUncertaintyCalibration" name="test_hit_points_compare_direction_not_labels" time="0.000" /><testcase classname="tests.analysis_regression.test_ap13_research_ext.TestUncertaintyCalibration" name="test_bins_merge_and_gap" time="0.000" /><testcase classname="tests.analysis_regression.test_ap13_research_ext.TestUncertaintyCalibration" name="test_report_symbol_basis_only_with_data_strength" time="0.000" /><testcase classname="tests.analysis_regression.test_ap13_research_ext.TestUncertaintyCalibration" name="test_report_insufficient_pool_named" time="0.000" /><testcase classname="tests.analysis_regression.test_ap13_research_ext.TestUncertaintyCalibration" name="test_reactive_payload_exposes_live_conf" time="0.007" /><testcase classname="tests.analysis_regression.test_ap07_research_validation.TestR10Selection" name="test_attempt_counter_increments" time="0.001" /><testcase classname="tests.analysis_regression.test_ap03_strategy_plan.TestMergeOverrides" name="test_stale_dynamic_keys_removed_on_partial_followup" time="0.000" /><testcase classname="tests.analysis_regression.test_ap03_strategy_plan.TestMergeOverrides" name="test_a_to_b_to_baseline_equals_direct_baseline" time="0.000" /><testcase classname="tests.analysis_regression.test_ap03_strategy_plan.TestMergeOverrides" name="test_manual_keys_survive_dynamic_cycles" time="0.000" /><testcase classname="tests.analysis_regression.test_ap03_strategy_plan.TestMergeOverrides" name="test_stale_dynamic_params_removed" time="0.000" /><testcase classname="tests.analysis_regression.test_ap03_strategy_plan.TestMergeOverrides" name="test_params_none_leaves_params_untouched" time="0.000" /><testcase classname="tests.analysis_regression.test_ap11_worker_contract.TestPackageManifest" name="test_manifest_hashes_commit_fingerprint" time="0.016" /><testcase classname="tests.analysis_regression.test_ap13_research_ext.TestUncertaintyCalibration" name="test_symbol_payload_stores_uncertainty" time="0.045" /><testcase classname="tests.analysis_regression.test_ap11_worker_contract.TestPackageManifest" name="test_subpackage_allowlist_recursive_py_only" time="0.001" /><testcase classname="tests.analysis_regression.test_ap11_worker_contract.TestPackageManifest" name="test_no_secrets_or_configs_in_package" time="0.001" /><testcase classname="tests.analysis_regression.test_ap11_worker_contract.TestPackageManifest" name="test_zip_contains_subpackage_and_init" time="0.081" /><testcase classname="tests.analysis_regression.test_ap11_worker_contract.TestApplyResultContract" name="test_hash_mismatch_rejected_with_reason" time="0.001" /><testcase classname="tests.analysis_regression.test_ap11_worker_contract.TestApplyResultContract" name="test_matching_hash_accepted_with_evidence" time="0.039" /><testcase classname="tests.analysis_regression.test_ap11_worker_contract.TestApplyResultContract" name="test_old_worker_without_echo_still_accepted" time="0.038" /><testcase classname="tests.analysis_regression.test_ap11_worker_contract.TestPackageManifest" name="test_worker_echoes_input_hash" time="0.000" /><testcase classname="tests.analysis_regression.test_ap02_fill_protection_budget.TestSlExchangeStatus" name="test_verified_true_is_confirmed" time="0.000" /><testcase classname="tests.analysis_regression.test_ap02_fill_protection_budget.TestSlExchangeStatus" name="test_verified_false_is_missing" time="0.000" /><testcase classname="tests.analysis_regression.test_ap02_fill_protection_budget.TestSlExchangeStatus" name="test_none_is_unknown_not_false" time="0.000" /><testcase classname="tests.analysis_regression.test_ap02_fill_protection_budget.TestSlExchangeStatus" name="test_no_position_id_is_unknown" time="0.000" /><testcase classname="tests.analysis_regression.test_ap05_dataset_candles.TestR06DatasetManifest" name="test_manifest_roundtrip_and_verify_ok" time="0.001" /><testcase classname="tests.analysis_regression.test_ap05_dataset_candles.TestR06DatasetManifest" name="test_changed_history_is_reported" time="0.001" /><testcase classname="tests.analysis_regression.test_ap05_dataset_candles.TestR06DatasetManifest" name="test_dataset_status_legacy_vs_pinned" time="0.000" /><testcase classname="tests.analysis_regression.test_ap05_dataset_candles.TestR06DatasetManifest" name="test_fetch_histories_contract_uses_anchors_and_manifest" time="0.001" /><testcase classname="tests.analysis_regression.test_ap06_reference_sim.TestR08SameBarTp1TpFull" name="test_long_tp1_partial_before_tpfull_plus4" time="0.002" /><testcase classname="tests.analysis_regression.test_ap06_reference_sim.TestR08SameBarTp1TpFull" name="test_short_mirror_plus4" time="0.000" /><testcase classname="tests.analysis_regression.test_ap06_reference_sim.TestR08SameBarTp1TpFull" name="test_sl_priority_over_tp_same_bar" time="0.000" /><testcase classname="tests.analysis_regression.test_ap06_reference_sim.TestR08SameBarTp1TpFull" name="test_tp1_only_keeps_position_open_until_end" time="0.000" /><testcase classname="tests.analysis_regression.test_ap08_market_context.TestDirectionContract" name="test_direction_from_regime_id_all_modes" time="0.000" /><testcase classname="tests.analysis_regression.test_ap08_market_context.TestDirectionContract" name="test_legacy_label_adapter_is_named_and_bounded" time="0.000" /><testcase classname="tests.analysis_regression.test_ap08_market_context.TestDirectionContract" name="test_observer_context_is_separate_layer" time="0.000" /><testcase classname="tests.analysis_regression.test_ap08_market_context.TestDirectionContract" name="test_observer_features_carry_layer" time="0.001" /><testcase classname="tests.analysis_regression.test_ap09_provenance.TestT05FingerprintSchema2" name="test_non_sizing_config_change_changes_combined" time="0.000" /><testcase classname="tests.analysis_regression.test_ap09_provenance.TestT05FingerprintSchema2" name="test_min_confidence_not_in_sizing_hash" time="0.000" /><testcase classname="tests.analysis_regression.test_ap09_provenance.TestT05FingerprintSchema2" name="test_legacy_schema1_unchanged" time="0.000" /><testcase classname="tests.analysis_regression.test_ap09_provenance.TestT05FingerprintSchema2" name="test_regime_artifact_part_of_v2" time="0.000" /><testcase classname="tests.analysis_regression.test_ap10_ui_states.TestFrontendStateMarkers" name="test_regimelab_wf_states" time="0.000" /><testcase classname="tests.analysis_regression.test_ap10_ui_states.TestFrontendStateMarkers" name="test_regimelab_wf_provenance" time="0.000" /><testcase classname="tests.analysis_regression.test_ap10_ui_states.TestFrontendStateMarkers" name="test_regimelab_dataset_status_in_detail" time="0.000" /><testcase classname="tests.analysis_regression.test_ap10_ui_states.TestFrontendStateMarkers" name="test_dynamicpanel_applied_state" time="0.000" /><testcase classname="tests.analysis_regression.test_ap11_worker_contract.TestInputHash" name="test_deterministic_and_order_independent" time="0.000" /><testcase classname="tests.analysis_regression.test_ap11_worker_contract.TestInputHash" name="test_transport_key_excluded" time="0.000" /><testcase classname="tests.analysis_regression.test_ap11_worker_contract.TestInputHash" name="test_different_payload_different_hash" time="0.000" /><testcase classname="tests.analysis_regression.test_ap11_worker_contract.TestInputHash" name="test_non_serializable_safe" time="0.000" /><testcase classname="tests.analysis_regression.test_ap11_worker_contract.TestApplyResultContract" name="test_duplicate_result_upload_is_idempotent" time="0.036" /><testcase classname="tests.analysis_regression.test_ap13_research_ext.TestAblationVariants" name="test_reactive_full_first_and_components" time="0.000" /><testcase classname="tests.analysis_regression.test_ap13_research_ext.TestAblationVariants" name="test_disabled_component_is_skipped" time="0.000" /><testcase classname="tests.analysis_regression.test_ap13_research_ext.TestAblationVariants" name="test_kombi_and_ema_alternatives" time="0.000" /><testcase classname="tests.analysis_regression.test_ap13_research_ext.TestAblationVariants" name="test_base_config_not_mutated" time="0.000" /><testcase classname="tests.analysis_regression.test_ap01_dynamic_apply.TestTransitionScope" name="test_close_query_is_scoped_to_own_strategies_and_excludes_manual" time="0.000" /><testcase classname="tests.analysis_regression.test_ap01_dynamic_apply.TestTransitionScope" name="test_multi_mapping_strategies_included" time="0.000" /><testcase classname="tests.analysis_regression.test_ap01_dynamic_apply.TestTransitionScope" name="test_foreign_and_manual_trades_not_matched" time="0.000" /><testcase classname="tests.analysis_regression.test_ap01_dynamic_apply.TestApplyConfigsResolver" name="test_apply_then_baseline_removes_stale_overrides" time="0.001" /><testcase classname="tests.analysis_regression.test_ap01_dynamic_apply.TestApplyConfigsResolver" name="test_manual_config_keys_survive" time="0.001" /><testcase classname="tests.analysis_regression.test_ap01_dynamic_apply.TestApplyConfigsResolver" name="test_sub_strategy_rules_attached_to_override" time="0.000" /><testcase classname="tests.analysis_regression.test_ap01_watchdog_ownership.TestAdoptForeignPositionNotClosed" name="test_foreign_large_position_after_bot_close_is_adopted_not_closed" time="0.001" /><testcase classname="tests.analysis_regression.test_ap01_watchdog_ownership.TestAdoptForeignPositionNotClosed" name="test_true_rest_same_position_id_is_cleaned" time="0.000" /><testcase classname="tests.analysis_regression.test_ap01_watchdog_ownership.TestAdoptForeignPositionNotClosed" name="test_double_run_is_idempotent_no_second_close" time="0.001" /><testcase classname="tests.analysis_regression.test_ap02_fill_protection_budget.TestUnknownSlRisk" name="test_missing_sl_counts_conservative_risk_not_zero" time="0.000" /><testcase classname="tests.analysis_regression.test_ap02_fill_protection_budget.TestUnknownSlRisk" name="test_open_risk_includes_unknown_sl_trades" time="0.000" /><testcase classname="tests.analysis_regression.test_ap02_fill_protection_budget.TestUnknownSlRisk" name="test_sl_in_profit_still_zero_risk" time="0.000" /><testcase classname="tests.analysis_regression.test_ap03_strategy_plan.TestResolverDeterminism" name="test_identical_inputs_identical_hash" time="0.000" /><testcase classname="tests.analysis_regression.test_ap03_strategy_plan.TestResolverDeterminism" name="test_two_parameter_variants_have_different_hashes" time="0.000" /><testcase classname="tests.analysis_regression.test_ap03_strategy_plan.TestResolverDeterminism" name="test_two_assets_same_regime_same_overrides" time="0.000" /><testcase classname="tests.analysis_regression.test_ap04_release_confirm.TestApplyGateAndArchive" name="test_manual_apply_blocked_for_draft_then_allowed_after_approve" time="0.001" /><testcase classname="tests.analysis_regression.test_ap04_release_confirm.TestApplyGateAndArchive" name="test_delete_archives_with_scoped_unapply_and_keeps_log" time="0.001" /><testcase classname="tests.analysis_regression.test_ap04_release_confirm.TestApplyGateAndArchive" name="test_list_exposes_release_status" time="0.000" /><testcase classname="tests.analysis_regression.test_ap04_release_confirm.TestSetupLiveGateFailClosed" name="test_bypass_default_is_off" time="0.000" /><testcase classname="tests.analysis_regression.test_ap04_release_confirm.TestSetupLiveGateFailClosed" name="test_gate_exception_is_fail_closed" time="0.001" /><testcase classname="tests.analysis_regression.test_ap04_release_confirm.TestSetupLiveGateFailClosed" name="test_gate_disabled_still_returns_none" time="0.000" /><testcase classname="tests.analysis_regression.test_ap05_dataset_candles.TestR07HalfOpenSegments" name="test_segments_payload_uses_last_included_candle" time="0.000" /><testcase classname="tests.analysis_regression.test_ap05_dataset_candles.TestR07HalfOpenSegments" name="test_reader_counts_every_candle_exactly_once" time="0.000" /><testcase classname="tests.analysis_regression.test_ap05_dataset_candles.TestR07HalfOpenSegments" name="test_legacy_ranges_without_end_exclusive_keep_old_reader" time="0.000" /><testcase classname="tests.analysis_regression.test_ap06_reference_sim.TestR08OpenEndPosition" name="test_open_position_is_marked_to_market_not_dropped" time="0.000" /><testcase classname="tests.analysis_regression.test_ap06_reference_sim.TestR08OpenEndPosition" name="test_flat_end_close_is_breakeven" time="0.000" /><testcase classname="tests.analysis_regression.test_ap06_reference_sim.TestR08OpenEndPosition" name="test_no_trade_no_end_forced" time="0.000" /><testcase classname="tests.analysis_regression.test_ap08_market_context.TestContextStates" name="test_unknown_stale_ok" time="0.000" /><testcase classname="tests.analysis_regression.test_ap08_market_context.TestContextStates" name="test_model_fingerprint_stable_and_sensitive" time="0.000" /><testcase classname="tests.analysis_regression.test_ap08_market_context.TestContextStates" name="test_gate_failure_marks_cached_entry_stale" time="0.001" /><testcase classname="tests.analysis_regression.test_ap09_provenance.TestT07OutcomeVersion" name="test_version_changes_on_pnl_revision" time="0.000" /><testcase classname="tests.analysis_regression.test_ap09_provenance.TestT07OutcomeVersion" name="test_sync_marks_after_consumer_success" time="0.001" /><testcase classname="tests.analysis_regression.test_ap09_provenance.TestT07OutcomeVersion" name="test_pnl_revision_resets_sync_flag" time="0.001" /><testcase classname="tests.analysis_regression.test_ap13_research_ext.TestAssetPooling" name="test_weighted_pool_and_class_separation" time="0.000" /><testcase classname="tests.analysis_regression.test_ap13_research_ext.TestAssetPooling" name="test_deviation_stays_visible" time="0.000" /><testcase classname="tests.analysis_regression.test_ap13_research_ext.TestAssetPooling" name="test_missing_weight_falls_back_to_one" time="0.000" /><testcase classname="tests.analysis_regression.test_ap13_research_ext.TestAblationJob" name="test_run_ablation_offline_end_to_end" time="0.275" /><testcase classname="tests.analysis_regression.test_ap11_worker_contract.TestApplyResultContract" name="test_late_result_after_cancel_ignored" time="0.001" /><testcase classname="tests.analysis_regression.test_ap14_characterization_gaps.TestWatchdogLeftoverGap" name="test_small_foreign_without_position_id_should_not_flash_close[-0.0]" time="0.001" /><testcase classname="tests.analysis_regression.test_ap14_characterization_gaps.TestWatchdogLeftoverGap" name="test_small_foreign_without_position_id_should_not_flash_close[P-FOREIGN-0.0]" time="0.001" /><testcase classname="tests.analysis_regression.test_ap14_characterization_gaps.TestWatchdogLeftoverGap" name="test_small_foreign_without_position_id_should_not_flash_close[P-FOREIGN-1700000000000.0]" time="0.001" /><testcase classname="tests.analysis_regression.test_ap14_characterization_gaps.TestWatchdogLeftoverGap" name="test_small_foreign_without_position_id_should_not_flash_close[None-0.0]" time="0.001" /><testcase classname="tests.analysis_regression.test_ap02_fill_protection_budget.TestCheckNewTradeEndToEnd" name="test_live_without_equity_is_blocked_fail_closed" time="0.000" /><testcase classname="tests.analysis_regression.test_ap02_fill_protection_budget.TestCheckNewTradeEndToEnd" name="test_with_equity_and_room_is_allowed" time="0.000" /><testcase classname="tests.analysis_regression.test_ap05_dataset_candles.TestR16KMeansPrecision" name="test_constant_feature_yields_positive_serialized_std" time="0.004" /><testcase classname="tests.analysis_regression.test_ap05_dataset_candles.TestR16KMeansPrecision" name="test_legacy_model_with_zero_std_is_floored" time="0.000" /><testcase classname="tests.analysis_regression.test_ap05_dataset_candles.TestR11PartialCandlePolicy" name="test_aggregate_drops_partial_bucket" time="0.000" /><testcase classname="tests.analysis_regression.test_ap05_dataset_candles.TestR11PartialCandlePolicy" name="test_regime_paths_use_closed_buckets_only" time="0.003" /><testcase classname="tests.analysis_regression.test_ap05_dataset_candles.TestR14CacheOverlapReload" name="test_merge_tail_replaces_frozen_partial_candle" time="0.001" /><testcase classname="tests.analysis_regression.test_ap05_dataset_candles.TestR14CacheOverlapReload" name="test_get_candles_refetches_with_overlap" time="0.001" /><testcase classname="tests.analysis_regression.test_ap06_reference_sim.TestR08WarmupEntryAnchor" name="test_entries_before_anchor_are_skipped" time="0.001" /><testcase classname="tests.analysis_regression.test_ap06_reference_sim.TestR08WarmupEntryAnchor" name="test_segment_warmup_trade_no_longer_blocks_segment_entry" time="0.000" /><testcase classname="tests.analysis_regression.test_ap07_research_validation.TestR05CausalLabels" name="test_live_labels_are_prefix_stable" time="0.005" /><testcase classname="tests.analysis_regression.test_ap07_research_validation.TestR05CausalLabels" name="test_result_payloads_carry_label_basis" time="0.007" /><testcase classname="tests.analysis_regression.test_ap09_provenance.TestT08Evidence" name="test_collection_separated_from_paper_live" time="0.000" /><testcase classname="tests.analysis_regression.test_ap09_provenance.TestT08Evidence" name="test_lesson_bump_requires_fresh_trades" time="0.001" /><testcase classname="tests.analysis_regression.test_ap09_provenance.TestW02BlockBootstrap" name="test_block_bootstrap_wider_than_iid_for_correlated_data" time="0.034" /><testcase classname="tests.analysis_regression.test_ap09_provenance.TestW02BlockBootstrap" name="test_promotion_check_uses_block_default" time="0.008" /><testcase classname="tests.analysis_regression.test_ap12_evidence.TestWiring" name="test_router_endpoint_exists_readonly" time="0.003" /><testcase classname="tests.analysis_regression.test_ap12_evidence.TestWiring" name="test_frontend_evidence_ui" time="0.000" /><testcase classname="tests.analysis_regression.test_ap13_research_ext.TestComponentVerdicts" name="test_verdict_classes" time="0.000" /><testcase classname="tests.analysis_regression.test_ap13_research_ext.TestComponentVerdicts" name="test_fallback_metric_without_inner_window" time="0.000" /><testcase classname="tests.analysis_regression.test_ap14_characterization_gaps.TestReleaseEvidenceGap" name="test_approve_clears_activation_block_but_evidence_can_still_block" time="0.000" /><testcase classname="tests.analysis_regression.test_ap14_characterization_gaps.TestReleaseEvidenceGap" name="test_definition_fingerprint_ignores_other_model_fields" time="0.000" /><testcase classname="tests.analysis_regression.test_ap14_characterization_gaps.TestEvidenceScopeAndSafetyGaps" name="test_wf_for_doc_rejects_other_coin_when_scope_missing" time="0.000" /><testcase classname="tests.analysis_regression.test_ap14_characterization_gaps.TestEvidenceScopeAndSafetyGaps" name="test_ready_for_live_is_false_without_safety_payload" time="0.000" /><testcase classname="tests.analysis_regression.test_ap01_dynamic_apply.TestRefreshHasNoTradingEffect" name="test_transition_protect_only_called_inside_apply_branch" time="0.002" /><testcase classname="tests.analysis_regression.test_ap03_coin_params_ownership" name="test_stale_dynamic_coin_params_removed" time="0.001" /><testcase classname="tests.analysis_regression.test_ap07_research_validation.TestR10InnerWindowMetrics" name="test_inner_and_holdout_windows_are_disjoint" time="0.002" /><testcase classname="tests.analysis_regression.test_ap08_market_context.TestSharedIdentityLabVsGate" name="test_same_artifact_same_direction_in_lab_and_gate_path" time="0.046" /><testcase classname="tests.analysis_regression.test_ap10_ui_states.TestListWiring" name="test_list_endpoint_uses_helper" time="0.005" /><testcase classname="tests.analysis_regression.test_ap11_worker_contract.TestEnqueueCarriesHash" name="test_enqueue_sets_hash_on_job_meta_and_payload" time="0.000" /><testcase classname="tests.analysis_regression.test_ap14_characterization_gaps.TestDiscoverySubStrategyGap" name="test_apply_configs_writes_dynamic_sub_strategy_only_to_coin_config" time="0.001" /><testcase classname="tests.analysis_regression.test_ap14_characterization_gaps.TestMergeOverridesManualRestoreGap" name="test_manual_value_not_restored_after_dynamic_cycle" time="0.000" /><testcase classname="tests.analysis_regression.test_ap14_characterization_gaps.TestConfirmConcurrencyGap" name="test_two_concurrent_confirms_should_not_both_succeed" time="0.051"><skipped type="pytest.xfail" message="Bekannte Lücke: gleichzeitiges Confirm kann doppelt durchlaufen" /></testcase><testcase classname="tests.analysis_regression.test_ap13_research_ext.TestAblationJob" name="test_selection_never_reads_holdout" time="0.002" /><testcase classname="tests.analysis_regression.test_ap13_research_ext.TestAblationJob" name="test_router_and_analysis_wiring" time="0.003" /></testsuite></testsuites>