<?xml version="1.0" encoding="utf-8"?><testsuites name="pytest tests"><testsuite name="pytest" errors="0" failures="1" skipped="1" tests="18" time="83.981" timestamp="2026-08-27T09:14:28.433389+00:00" hostname="agent-env-40ccf68c-da28-40b0-96b8-27802f30d53d"><testcase classname="tests.test_iter27_copilot_hype_settings.TestHyperliquid" name="test_coins_contains_hype" time="20.263" /><testcase classname="tests.test_iter27_copilot_hype_settings.TestHyperliquid" name="test_klines_hype_real_candles" time="0.384" /><testcase classname="tests.test_iter27_copilot_hype_settings.TestSettingsPersistence" name="test_unknown_key_ignored" time="0.226" /><testcase classname="tests.test_iter27_copilot_hype_settings.TestSettingsPersistence" name="test_known_key_saved_and_persists" time="0.110" /><testcase classname="tests.test_iter27_copilot_hype_settings.TestCustomStrategy" name="test_create_custom_strategy_persisted" time="0.376" /><testcase classname="tests.test_iter27_copilot_hype_settings.TestOptimizerApply" name="test_apply_params" time="0.114" /><testcase classname="tests.test_iter27_copilot_hype_settings.TestCopilot" name="test_status" time="0.058" /><testcase classname="tests.test_iter27_copilot_hype_settings.TestCopilot" name="test_chat_requires_auth" time="0.063" /><testcase classname="tests.test_iter27_copilot_hype_settings.TestCopilot" name="test_chat_empty_message_400" time="0.059" /><testcase classname="tests.test_iter27_copilot_hype_settings.TestCopilot" name="test_chat_real_llm" time="60.053"><failure message="AssertionError: &lt;!DOCTYPE html&gt;&#10;  &lt;!--[if lt IE 7]&gt; &lt;html class=&quot;no-js ie6 oldie&quot; lang=&quot;en-US&quot;&gt; &lt;![endif]--&gt;&#10;  &lt;!--[if IE 7]&gt;    &lt;html class=&quot;no-js ie7 oldie&quot; lang=&quot;en-US&quot;&gt; &lt;![endif]--&gt;&#10;  &lt;!--[if IE 8]&gt;    &lt;html class=&quot;no-js ie8 oldie&quot; lang=&quot;en-US&quot;&gt; &lt;![endif]--&gt;&#10;  &lt;!--[if gt IE 8]&gt;&lt;!--&gt; &lt;html class=&quot;no-js&quot; lang=&quot;en-US&quot;&gt; &lt;!--&lt;![endif]--&gt;&#10;  &lt;head&gt;&#10;  &#10;  &lt;title&gt;preview.emergentagent.com | 502: Bad gateway&lt;/title&gt;&#10;  &lt;meta charset=&quot;UTF-8&quot; /&gt;&#10;  &lt;meta http-equiv=&quot;Content-Type&quot; content=&quot;text/html; charset=UTF-8&quot; /&gt;&#10;  &lt;meta http-equiv=&quot;X-UA&#10;assert 502 == 200&#10; +  where 502 = &lt;Response [502]&gt;.status_code">tests/test_iter27_copilot_hype_settings.py:160: in test_chat_real_llm
    assert r.status_code == 200, r.text[:500]
E   AssertionError: &lt;!DOCTYPE html&gt;
E     &lt;!--[if lt IE 7]&gt; &lt;html class="no-js ie6 oldie" lang="en-US"&gt; &lt;![endif]--&gt;
E     &lt;!--[if IE 7]&gt;    &lt;html class="no-js ie7 oldie" lang="en-US"&gt; &lt;![endif]--&gt;
E     &lt;!--[if IE 8]&gt;    &lt;html class="no-js ie8 oldie" lang="en-US"&gt; &lt;![endif]--&gt;
E     &lt;!--[if gt IE 8]&gt;&lt;!--&gt; &lt;html class="no-js" lang="en-US"&gt; &lt;!--&lt;![endif]--&gt;
E     &lt;head&gt;
E     
E     &lt;title&gt;preview.emergentagent.com | 502: Bad gateway&lt;/title&gt;
E     &lt;meta charset="UTF-8" /&gt;
E     &lt;meta http-equiv="Content-Type" content="text/html; charset=UTF-8" /&gt;
E     &lt;meta http-equiv="X-UA
E   assert 502 == 200
E    +  where 502 = &lt;Response [502]&gt;.status_code</failure></testcase><testcase classname="tests.test_iter27_copilot_hype_settings.TestCopilot" name="test_review_detects_inconsistency" time="0.156" /><testcase classname="tests.test_iter27_copilot_hype_settings.TestCopilot" name="test_review_ok_metrics" time="0.060" /><testcase classname="tests.test_iter27_copilot_hype_settings.TestCopilot" name="test_apply_params_proposal" time="0.859" /><testcase classname="tests.test_iter27_copilot_hype_settings.TestCopilot" name="test_apply_invalid_definition_422" time="0.058" /><testcase classname="tests.test_iter27_copilot_hype_settings.TestCopilot" name="test_apply_bad_type_400" time="0.049" /><testcase classname="tests.test_iter27_copilot_hype_settings.TestCopilot" name="test_apply_unknown_strategy_400" time="0.058" /><testcase classname="tests.test_iter27_copilot_hype_settings.TestCopilot" name="test_history_and_clear" time="0.744" /><testcase classname="tests.test_iter27_copilot_hype_settings.TestCopilot" name="test_copilot_note_in_memory" time="0.052"><skipped type="pytest.skip" message="no /api/ai/memory endpoint">/app/backend/tests/test_iter27_copilot_hype_settings.py:230: no /api/ai/memory endpoint</skipped></testcase></testsuite></testsuites>