<?xml version="1.0" encoding="utf-8"?><testsuites name="pytest tests"><testsuite name="pytest" errors="0" failures="0" skipped="0" tests="9" time="20.003" timestamp="2026-09-09T14:53:25.733098+00:00" hostname="agent-env-11c7af96-7686-4a5b-ad3a-d768ff19f9e5"><testcase classname="tests.test_iter53_variants_setup_backtest.TestStrategyRenameDuplicate" name="test_rename_without_auth_forbidden" time="7.964" /><testcase classname="tests.test_iter53_variants_setup_backtest.TestStrategyRenameDuplicate" name="test_rename_empty_name_422" time="0.499" /><testcase classname="tests.test_iter53_variants_setup_backtest.TestStrategyRenameDuplicate" name="test_rename_unknown_id_404" time="0.170" /><testcase classname="tests.test_iter53_variants_setup_backtest.TestStrategyRenameDuplicate" name="test_full_lifecycle_builtin_variant" time="2.267" /><testcase classname="tests.test_iter53_variants_setup_backtest.TestStrategyRenameDuplicate" name="test_rename_builtin_and_restore" time="0.759" /><testcase classname="tests.test_iter53_variants_setup_backtest.TestStrategyRenameDuplicate" name="test_custom_create_duplicate_rename_delete" time="1.363" /><testcase classname="tests.test_iter53_variants_setup_backtest.TestPlaybookBacktest" name="test_playbook_backtest_fields" time="0.210" /><testcase classname="tests.test_iter53_variants_setup_backtest.TestPlaybookBacktest" name="test_playbook_backtest_auto_update_and_reset" time="1.082" /><testcase classname="tests.test_iter53_variants_setup_backtest.TestPlaybookBacktest" name="test_playbook_backtest_run" time="5.592" /></testsuite></testsuites>