<?xml version="1.0" encoding="utf-8"?><testsuites name="pytest tests"><testsuite name="pytest" errors="0" failures="0" skipped="0" tests="6" time="29.567" timestamp="2026-09-03T11:07:00.408226+00:00" hostname="agent-env-08569cec-212c-4c67-b6aa-ea6a7cdffdb9"><testcase classname="tests.test_iter40_forex_mr_copilot_queue" name="test_ibkr_status_not_configured" time="0.206" /><testcase classname="tests.test_iter40_forex_mr_copilot_queue" name="test_strategies_contains_mr_strategies" time="0.146" /><testcase classname="tests.test_iter40_forex_mr_copilot_queue" name="test_settings_forex_fees_present_and_updatable" time="0.680" /><testcase classname="tests.test_iter40_forex_mr_copilot_queue" name="test_copilot_chat_start_and_poll" time="12.857" /><testcase classname="tests.test_iter40_forex_mr_copilot_queue" name="test_series_optimizer_create_and_result" time="11.202" /><testcase classname="tests.test_iter40_forex_mr_copilot_queue" name="test_backtest_forex_mr_zscore" time="4.413" /></testsuite></testsuites>