<?xml version="1.0" encoding="utf-8"?><testsuites name="pytest tests"><testsuite name="pytest" errors="0" failures="0" skipped="0" tests="5" time="11.775" timestamp="2026-08-21T08:37:07.110863+00:00" hostname="agent-env-339786d5-84fc-45b9-b597-a4e664ebdedb"><testcase classname="tests.test_iter_new_features_review" name="test_login_returns_token" time="6.440" /><testcase classname="tests.test_iter_new_features_review" name="test_watchdog_status_defaults" time="0.141" /><testcase classname="tests.test_iter_new_features_review" name="test_ai_config_runner_secure_clamps" time="0.376" /><testcase classname="tests.test_iter_new_features_review" name="test_ai_strategy_settings_clamp_and_restore" time="0.260" /><testcase classname="tests.test_iter_new_features_review" name="test_strategy_develop_calls_llm" time="4.489" /></testsuite></testsuites>