<?xml version="1.0" encoding="utf-8"?><testsuites name="pytest tests"><testsuite name="pytest" errors="0" failures="1" skipped="1" tests="55" time="24.453" timestamp="2026-09-01T23:30:57.945157+00:00" hostname="agent-env-0ee16007-00f3-47bd-ba82-07649fe3f143"><testcase classname="tests.test_iter31_worker_token_review.TestTokenEndpoint" name="test_token_requires_admin" time="0.167" /><testcase classname="tests.test_iter31_worker_token_review.TestTokenEndpoint" name="test_token_with_admin" time="0.334" /><testcase classname="tests.test_iter31_worker_token_review.TestWorkerPoll" name="test_valid_token" time="0.287" /><testcase classname="tests.test_iter31_worker_token_review.TestWorkerPoll" name="test_wrong_token" time="0.148" /><testcase classname="tests.test_iter31_worker_token_review.TestWorkerPoll" name="test_missing_header" time="0.147" /><testcase classname="tests.test_iter31_worker_token_review.TestWorkerPoll" name="test_missing_worker_id" time="0.267" /><testcase classname="tests.test_iter31_worker_token_review.TestSelfHealing" name="test_mongo_token_change_is_healed" time="7.606" /><testcase classname="tests.test_iter31_worker_token_review.TestSelfHealing" name="test_stale_token_still_rejected" time="3.664" /><testcase classname="tests.test_iter31_worker_token_review.TestRegenerate" name="test_regenerate_rotates_token" time="7.787" /><testcase classname="tests.test_iter31_worker_token_review.TestRegenerate" name="test_regenerate_requires_admin" time="0.189" /><testcase classname="tests.test_iter31_worker_token_review.TestStatusAndPackage" name="test_status_public" time="0.144" /><testcase classname="tests.test_iter31_worker_token_review.TestStatusAndPackage" name="test_manifest_complete" time="0.132" /><testcase classname="tests.test_iter31_worker_token_review.TestStatusAndPackage" name="test_package_zip" time="0.334" /><testcase classname="tests.test_worker_token_fix.TestGetToken" name="test_no_cache_without_db" time="0.001" /><testcase classname="tests.test_worker_token_fix.TestGetToken" name="test_reads_existing_token_from_db" time="0.000" /><testcase classname="tests.test_worker_token_fix.TestGetToken" name="test_generates_and_persists_when_missing" time="0.000" /><testcase classname="tests.test_worker_token_fix.TestGetToken" name="test_refresh_heals_stale_cache" time="0.001" /><testcase classname="tests.test_worker_token_fix.TestGetToken" name="test_refresh_throttled" time="0.000" /><testcase classname="tests.test_worker_token_fix.TestWorkerAuthE2E" name="test_ui_token_accepted_by_poll" time="0.400" /><testcase classname="tests.test_worker_token_fix.TestWorkerAuthE2E" name="test_wrong_token_rejected" time="0.114" /><testcase classname="tests.test_worker_token_fix.TestWorkerAuthE2E" name="test_missing_token_rejected" time="0.140" /><testcase classname="tests.test_worker_token_fix.TestWorkerAuthE2E" name="test_token_endpoint_requires_admin" time="0.252" /><testcase classname="tests.test_worker_token_fix.TestOpenRouterDailyLimit" name="test_free_models_per_day_is_daily" time="0.000" /><testcase classname="tests.test_worker_token_fix.TestOpenRouterDailyLimit" name="test_minute_limit_stays_short" time="0.000" /><testcase classname="tests.test_iter31_restore_and_regression.TestAuth" name="test_login_and_verify" time="0.227" /><testcase classname="tests.test_iter31_restore_and_regression.TestAuth" name="test_login_bad_password" time="0.080" /><testcase classname="tests.test_iter31_restore_and_regression.TestOptimizerStatusFallback" name="test_old_finished_run_returns_done" time="0.145"><skipped type="pytest.skip" message="no optimizer runs in DB">/app/backend/tests/test_iter31_restore_and_regression.py:63: no optimizer runs in DB</skipped></testcase><testcase classname="tests.test_iter31_restore_and_regression.TestOptimizerStatusFallback" name="test_unknown_job_returns_404" time="0.079" /><testcase classname="tests.test_iter31_restore_and_regression.TestBacktestStatusFallback" name="test_old_finished_backtest" time="0.162" /><testcase classname="tests.test_iter31_restore_and_regression.TestBacktestStatusFallback" name="test_unknown_backtest_404" time="0.077" /><testcase classname="tests.test_iter31_restore_and_regression.TestLocalJobRestore" name="test_status_restores_running_job" time="0.077" /><testcase classname="tests.test_iter31_restore_and_regression.TestLocalJobRestore" name="test_active_lists_restored_job" time="0.077" /><testcase classname="tests.test_iter31_restore_and_regression.TestLocalJobRestore" name="test_cleanup_reset" time="0.147" /><testcase classname="tests.test_iter31_restore_and_regression.TestLocalWorker" name="test_status_ok" time="0.074" /><testcase classname="tests.test_iter31_restore_and_regression.TestCoreRegression" name="test_health" time="0.072" /><testcase classname="tests.test_iter31_restore_and_regression.TestCoreRegression" name="test_strategies" time="0.115" /><testcase classname="tests.test_iter31_restore_and_regression.TestCoreRegression" name="test_optimizer_results" time="0.077" /><testcase classname="tests.test_iter31_restore_and_regression.TestCoreRegression" name="test_optimizer_history" time="0.074" /><testcase classname="tests.test_local_worker.TestLocalWorkerEndpoints" name="test_status_endpoint_shape" time="0.002" /><testcase classname="tests.test_local_worker.TestLocalWorkerEndpoints" name="test_worker_endpoints_require_token" time="0.004" /><testcase classname="tests.test_local_worker.TestLocalWorkerEndpoints" name="test_settings_write_requires_admin_and_roundtrip" time="0.007" /><testcase classname="tests.test_local_worker.TestLocalWorkerEndpoints" name="test_token_requires_admin" time="0.002" /><testcase classname="tests.test_local_worker.TestLocalWorkerEndpoints" name="test_package_zip" time="0.054" /><testcase classname="tests.test_local_worker.TestLocalWorkerEndpoints" name="test_local_run_without_worker_rejected" time="0.004" /><testcase classname="tests.test_local_worker.TestLocalJobRoundtrip" name="test_backtest_roundtrip" time="0.059" /><testcase classname="tests.test_local_worker.TestLocalJobRoundtrip" name="test_optimizer_roundtrip_with_cancel" time="0.051" /><testcase classname="tests.test_local_worker.TestLocalJobRoundtrip" name="test_data_job_roundtrip" time="0.047" /><testcase classname="tests.test_local_worker.TestLocalJobRoundtrip" name="test_data_endpoints_validate" time="0.005" /><testcase classname="tests.test_local_worker.TestCloudRegression" name="test_cloud_backtest_still_works" time="0.049" /><testcase classname="tests.test_local_worker.TestCloudRegression" name="test_existing_endpoints_unchanged" time="0.018" /><testcase classname="tests.test_worker_package.TestWorkerPackageFiles" name="test_local_worker_files_exist_on_disk" time="0.000" /><testcase classname="tests.test_worker_package.TestWorkerPackageFiles" name="test_local_worker_not_gitignored" time="0.000"><failure message="AssertionError: .gitignore-Schutz für local_worker/ fehlt (Whitelist-Eintrag)&#10;assert '!local_worker/' in '# See https://help.github.com/articles/ignoring-files/ for more about ignoring files.\n\n# IDE and editors\n.idea/\n....ck\nfrontend/node_modules/.cache/default-development/0.pack\nfrontend/node_modules/.cache/default-development/3.pack\n'">E   AssertionError: .gitignore-Schutz für local_worker/ fehlt (Whitelist-Eintrag)
    assert '!local_worker/' in '# See https://help.github.com/articles/ignoring-files/ for more about ignoring files.\n\n# IDE and editors\n.idea/\n....ck\nfrontend/node_modules/.cache/default-development/0.pack\nfrontend/node_modules/.cache/default-development/3.pack\n'</failure></testcase><testcase classname="tests.test_worker_package.TestWorkerPackageFiles" name="test_worker_version_matches_server_requirement" time="0.002" /><testcase classname="tests.test_worker_package.TestWorkerPackageEndpoint" name="test_manifest_complete" time="0.002" /><testcase classname="tests.test_worker_package.TestWorkerPackageEndpoint" name="test_package_zip_contains_required_files" time="0.058" /></testsuite></testsuites>