<?xml version="1.0" encoding="utf-8"?><testsuites name="pytest tests"><testsuite name="pytest" errors="0" failures="0" skipped="1" tests="10" time="70.477" timestamp="2026-09-18T16:18:29.513291+00:00" hostname="agent-env-677d07b3-497a-4924-b168-3903d3125248"><testcase classname="tests.test_regime_cockpit_api.TestRegimeCockpitSymbol" name="test_btcusdt_days14" time="0.269" /><testcase classname="tests.test_regime_cockpit_api.TestRegimeCockpitSymbol" name="test_ethusdt_days7" time="0.811" /><testcase classname="tests.test_regime_cockpit_api.TestRegimeCockpitSymbol" name="test_days_clamped_low" time="0.126" /><testcase classname="tests.test_regime_cockpit_api.TestRegimeCockpitSymbol" name="test_days_clamped_high" time="10.097" /><testcase classname="tests.test_regime_cockpit_api.TestRegimeCockpitSymbol" name="test_unknown_symbol_no_500" time="56.250" /><testcase classname="tests.test_regime_cockpit_api.TestRegimeCockpitOverview" name="test_overview_with_two_symbols" time="0.163" /><testcase classname="tests.test_regime_cockpit_api.TestRegimeCockpitOverview" name="test_overview_cache_second_call_fast" time="0.265" /><testcase classname="tests.test_regime_cockpit_api.TestDynamicList" name="test_orphaned_flag_present" time="0.147" /><testcase classname="tests.test_regime_cockpit_api.TestAiConfigRegimeContext" name="test_regime_context_enabled_default" time="0.465" /><testcase classname="tests.test_regime_cockpit_api.TestAiConfigRegimeContext" name="test_regime_context_toggle" time="1.802"><skipped type="pytest.skip" message="no writable config endpoint accepted the toggle">/app/tests/test_regime_cockpit_api.py:182: no writable config endpoint accepted the toggle</skipped></testcase></testsuite></testsuites>