<?xml version="1.0" encoding="utf-8"?><testsuites name="pytest tests"><testsuite name="pytest" errors="0" failures="0" skipped="0" tests="8" time="33.008" timestamp="2026-09-14T14:42:09.858495+00:00" hostname="agent-env-b2abecd8-c340-41eb-87c8-110ce71ad00a"><testcase classname="tests.smoke_regression_test" name="test_health" time="32.329" /><testcase classname="tests.smoke_regression_test" name="test_login_success" time="0.074" /><testcase classname="tests.smoke_regression_test" name="test_login_wrong_password" time="0.074" /><testcase classname="tests.smoke_regression_test" name="test_ai_playbook" time="0.111" /><testcase classname="tests.smoke_regression_test" name="test_safety_status" time="0.141" /><testcase classname="tests.smoke_regression_test" name="test_ai_status" time="0.070" /><testcase classname="tests.smoke_regression_test" name="test_autotrade_slippage_stats" time="0.070" /><testcase classname="tests.smoke_regression_test" name="test_policy_lab_status" time="0.067" /></testsuite></testsuites>