<?xml version="1.0" encoding="utf-8"?><testsuites name="pytest tests"><testsuite name="pytest" errors="4" failures="10" skipped="12" tests="1676" time="93.570" timestamp="2026-09-16T08:33:52.882787+00:00" hostname="agent-env-73eb789d-8203-4591-b1de-a879974670cd"><testcase classname="" name="tests.test_phase5_ml_gate_api" time="0.000"><skipped message="collection skipped">('/app/review/KI-Trader/backend/tests/test_phase5_ml_gate_api.py', 30, 'Skipped: Zu wenig ML-Gate-Daten in dieser Umgebung (Prod-Regressionstests)')</skipped></testcase><testcase classname="" name="tests.test_review_16_8_fees_and_computed" time="0.000"><error message="collection failure">tests/test_review_16_8_fees_and_computed.py:28: in &lt;module&gt;
    BASE_URL = _load_backend_url()
               ^^^^^^^^^^^^^^^^^^^
tests/test_review_16_8_fees_and_computed.py:22: in _load_backend_url
    for ln in env_path.read_text().splitlines():
              ^^^^^^^^^^^^^^^^^^^^
/usr/local/lib/python3.11/pathlib.py:1058: in read_text
    with self.open(mode='r', encoding=encoding, errors=errors) as f:
         ^^^^^^^^^^^^^^^^^^^^^^^^^^^^^^^^^^^^^^^^^^^^^^^^^^^^^
/usr/local/lib/python3.11/pathlib.py:1044: in open
    return io.open(self, mode, buffering, encoding, errors, newline)
           ^^^^^^^^^^^^^^^^^^^^^^^^^^^^^^^^^^^^^^^^^^^^^^^^^^^^^^^^^
E   FileNotFoundError: [Errno 2] No such file or directory: '/app/review/KI-Trader/frontend/.env'</error><error message="collection failure">tests/test_review_16_8_fees_and_computed.py:28: in &lt;module&gt;
    BASE_URL = _load_backend_url()
               ^^^^^^^^^^^^^^^^^^^
tests/test_review_16_8_fees_and_computed.py:22: in _load_backend_url
    for ln in env_path.read_text().splitlines():
              ^^^^^^^^^^^^^^^^^^^^
/usr/local/lib/python3.11/pathlib.py:1058: in read_text
    with self.open(mode='r', encoding=encoding, errors=errors) as f:
         ^^^^^^^^^^^^^^^^^^^^^^^^^^^^^^^^^^^^^^^^^^^^^^^^^^^^^
/usr/local/lib/python3.11/pathlib.py:1044: in open
    return io.open(self, mode, buffering, encoding, errors, newline)
           ^^^^^^^^^^^^^^^^^^^^^^^^^^^^^^^^^^^^^^^^^^^^^^^^^^^^^^^^^
E   FileNotFoundError: [Errno 2] No such file or directory: '/app/review/KI-Trader/frontend/.env'</error></testcase><testcase classname="" name="tests.test_stale_regime_api" time="0.000"><error message="collection failure">tests/test_stale_regime_api.py:20: in &lt;module&gt;
    ADMIN_PASSWORD = os.environ["ADMIN_PASSWORD"]
                     ^^^^^^^^^^^^^^^^^^^^^^^^^^^^
&lt;frozen os&gt;:679: in __getitem__
    ???
E   KeyError: 'ADMIN_PASSWORD'</error><error message="collection failure">tests/test_stale_regime_api.py:20: in &lt;module&gt;
    ADMIN_PASSWORD = os.environ["ADMIN_PASSWORD"]
                     ^^^^^^^^^^^^^^^^^^^^^^^^^^^^
&lt;frozen os&gt;:679: in __getitem__
    ???
E   KeyError: 'ADMIN_PASSWORD'</error></testcase><testcase classname="tests.test_ai_lab" name="test_compute_features_needs_enough_candles" time="0.000" /><testcase classname="tests.test_ai_trader_iter2_fixes" name="test_be_formula_covers_entry_and_exit_fees_long" time="0.000" /><testcase classname="tests.test_ai_lab" name="test_compute_features_uptrend" time="0.001" /><testcase classname="tests.test_ai_trader_iter2_fixes" name="test_be_formula_covers_entry_and_exit_fees_short" time="0.000" /><testcase classname="tests.test_ai_trader_iter2_fixes" name="test_old_be_formula_was_slightly_below_true_be" time="0.000" /><testcase classname="tests.test_ai_trader_iter2_fixes" name="test_live_be_uses_exact_fee_formula" time="0.091" /><testcase classname="tests.test_ai_lab" name="test_classify_regime_branches" time="0.000" /><testcase classname="tests.test_ai_lab" name="test_snapshot_to_text" time="0.001" /><testcase classname="tests.test_ai_lab" name="test_digest_backtests_empty_and_filled" time="0.000" /><testcase classname="tests.test_ai_lab" name="test_digest_optimizer_reports_holdout_and_params" time="0.000" /><testcase classname="tests.test_ai_lab" name="test_digest_regime_runs_and_analyses" time="0.000" /><testcase classname="tests.test_ai_lab" name="test_build_prompt_contains_all_sections" time="0.000" /><testcase classname="tests.test_ai_lab" name="test_label_of" time="0.000" /><testcase classname="tests.test_ai_lab" name="test_nearest_snapshot_respects_gap" time="0.000" /><testcase classname="tests.test_ai_lab" name="test_feature_row_uses_market_state_and_order" time="0.000" /><testcase classname="tests.test_ai_lab" name="test_build_dataset_filters_and_counts" time="0.000" /><testcase classname="tests.test_ai_lab" name="test_to_matrix_shape" time="0.000" /><testcase classname="tests.test_ai_lab" name="test_importances_text" time="0.000" /><testcase classname="tests.test_ai_lab" name="test_train_sync_produces_model_when_libs_present" time="0.001"><skipped type="pytest.skip" message="optuna/xgboost nicht installiert">/app/review/KI-Trader/backend/tests/test_ai_lab.py:198: optuna/xgboost nicht installiert</skipped></testcase><testcase classname="tests.test_ai_lab" name="test_default_roles_have_presets_for_every_role" time="0.000" /><testcase classname="tests.test_ai_lab" name="test_new_roles_registered" time="0.000" /><testcase classname="tests.test_ai_lab" name="test_load_keeps_preset_when_user_never_configured" time="0.001" /><testcase classname="tests.test_ai_lab" name="test_load_respects_user_choice" time="0.000" /><testcase classname="tests.test_ai_lab" name="test_update_marks_user_configured_and_reset_restores_preset" time="0.001" /><testcase classname="tests.test_ai_lab" name="test_research_role_specific_fields_are_sanitized" time="0.000" /><testcase classname="tests.test_ai_lab" name="test_market_observer_fields" time="0.000" /><testcase classname="tests.test_ai_lab" name="test_chain_appends_available_providers" time="0.000" /><testcase classname="tests.test_ai_lab" name="test_load_migration_keeps_enabled_flags" time="0.000" /><testcase classname="tests.test_ai_lab" name="test_in_active_hours_unchanged" time="0.000" /><testcase classname="tests.test_ai_lab" name="test_knowledge_store_remember_and_recall_without_supabase" time="0.001" /><testcase classname="tests.test_ai_lab" name="test_knowledge_store_remember_many_and_context_text" time="0.001" /><testcase classname="tests.test_ai_lab" name="test_supabase_config_strips_rest_suffix" time="0.000" /><testcase classname="tests.test_ai_lab" name="test_check_limits_allows_and_blocks" time="0.000" /><testcase classname="tests.test_ai_lab" name="test_resolve_price_absolute_and_pct" time="0.000" /><testcase classname="tests.test_ai_lab" name="test_trades_text_contains_key_numbers" time="0.000" /><testcase classname="tests.test_ai_lab" name="test_liq_price_moves_with_leverage" time="0.000" /><testcase classname="tests.test_ai_lab" name="test_pick_candidate_prefers_optimizer_run" time="0.000" /><testcase classname="tests.test_ai_lab" name="test_closed_loop_defaults_off" time="0.000" /><testcase classname="tests.test_ai_lab" name="test_trade_manager_role_registered" time="0.000" /><testcase classname="tests.test_regime_engine" name="test_ols_stats_recovers_slope_and_tstat" time="0.001" /><testcase classname="tests.test_regime_engine" name="test_ols_stats_flat_series_has_small_tstat" time="0.001" /><testcase classname="tests.test_regime_engine" name="test_rolling_zscore_is_backward_only" time="0.000" /><testcase classname="tests.test_regime_engine" name="test_adx_rises_in_trend_and_falls_in_chop" time="0.003" /><testcase classname="tests.test_regime_engine" name="test_strong_uptrend_is_labelled_up" time="0.038" /><testcase classname="tests.test_regime_engine" name="test_strong_downtrend_is_labelled_down" time="0.031" /><testcase classname="tests.test_ai_trader_iter2_fixes" name="test_backtester_be_uses_exact_fee_formula" time="0.010" /><testcase classname="tests.test_regime_engine" name="test_slow_long_decline_is_not_sideways" time="0.043" /><testcase classname="tests.test_ai_trader_iter2_fixes" name="test_live_sl_sync_only_when_improved" time="0.143" /><testcase classname="tests.test_regime_engine" name="test_sideways_is_labelled_sideways" time="0.038" /><testcase classname="tests.test_regime_engine" name="test_random_walk_has_no_directional_bias" time="0.044" /><testcase classname="tests.test_regime_engine" name="test_regime_switch_is_detected_and_not_too_late" time="0.039" /><testcase classname="tests.test_ai_trader_iter2_fixes" name="test_watchdog_default_manage_external_off" time="0.000" /><testcase classname="tests.test_ai_trader_iter2_fixes" name="test_watchdog_skips_manual_position_without_local_trade" time="0.001" /><testcase classname="tests.test_ai_trader_iter2_fixes" name="test_watchdog_skips_adopted_external_position" time="0.001" /><testcase classname="tests.test_ai_trader_iter2_fixes" name="test_watchdog_clears_fail_counter_for_external" time="0.000" /><testcase classname="tests.test_ai_trader_iter2_fixes" name="test_watchdog_update_settings_accepts_manage_external" time="0.024" /><testcase classname="tests.test_regime_engine" name="test_more_than_two_regimes_over_mixed_market" time="0.072" /><testcase classname="tests.test_ai_trader_iter2_fixes" name="test_distribution_empty_without_events" time="0.000" /><testcase classname="tests.test_ai_trader_iter2_fixes" name="test_distribution_buckets_real_events_by_side" time="0.000" /><testcase classname="tests.test_ai_trader_iter2_fixes" name="test_distribution_window_is_hours_not_minutes" time="0.000" /><testcase classname="tests.test_ai_trader_iter2_fixes" name="test_liq_window_still_compatible" time="0.000" /><testcase classname="tests.test_ai_trader_iter2_fixes" name="test_old_events_fall_out_of_distribution" time="0.000" /><testcase classname="tests.test_ai_trader_iter2_fixes" name="test_prompt_uses_measured_not_model_clusters" time="0.005" /><testcase classname="tests.test_ai_trader_iter2_fixes" name="test_schedule_keeps_model_and_provider" time="0.000" /><testcase classname="tests.test_ai_trader_iter2_fixes" name="test_effective_window_returns_window_with_model" time="0.000" /><testcase classname="tests.test_ai_trader_iter2_fixes" name="test_effective_interval_unchanged_behaviour" time="0.000" /><testcase classname="tests.test_ai_trader_iter2_fixes" name="test_disabled_window_has_no_model_effect" time="0.000" /><testcase classname="tests.test_ai_trader_iter2_fixes" name="test_engine_analyst_chain_respects_window_model" time="0.009" /><testcase classname="tests.test_ai_trader_iter2_fixes" name="test_schedule_uses_berlin_time" time="0.001" /><testcase classname="tests.test_ai_trader_iter2_fixes" name="test_track_tokens_upserts_per_role_and_day" time="0.005" /><testcase classname="tests.test_ai_trader_iter2_fixes" name="test_track_tokens_noop_without_db_or_tokens" time="0.003" /><testcase classname="tests.test_ai_trader_iter2_fixes" name="test_heatmap_review_publishes_after_target_trades" time="0.001" /><testcase classname="tests.test_ai_trader_iter2_fixes" name="test_heatmap_review_waits_below_target" time="0.000" /><testcase classname="tests.test_ai_trader_iter2_fixes" name="test_lesson_store_all_returns_superseded_flags" time="0.000" /><testcase classname="tests.test_ai_trader_iter2_fixes" name="test_timeutil_is_berlin_based" time="0.000" /><testcase classname="tests.test_ai_trader_iter2_fixes" name="test_token_tracking_uses_berlin_date" time="0.001" /><testcase classname="tests.test_ai_trader_quality_fixes" name="test_default_config_heatmap_off_liquidation_on" time="0.000" /><testcase classname="tests.test_ai_trader_quality_fixes" name="test_default_config_cost_savers_on" time="0.000" /><testcase classname="tests.test_ai_trader_quality_fixes" name="test_update_config_accepts_new_toggles" time="0.000" /><testcase classname="tests.test_ai_trader_quality_fixes" name="test_update_config_clamps_move_pct" time="0.000" /><testcase classname="tests.test_ai_trader_quality_fixes" name="test_model_clusters_are_marked_as_modelled" time="0.000" /><testcase classname="tests.test_ai_trader_quality_fixes" name="test_liquidity_prompt_no_longer_sells_model_clusters_as_magnets" time="0.001" /><testcase classname="tests.test_ai_trader_quality_fixes" name="test_extra_blocks_lean_gates_static_content" time="0.002" /><testcase classname="tests.test_ai_trader_quality_fixes" name="test_lesson_topics_matches_title_only" time="0.000" /><testcase classname="tests.test_ai_trader_quality_fixes" name="test_leverage_conflict_newest_trader_instruction_wins" time="0.000" /><testcase classname="tests.test_ai_trader_quality_fixes" name="test_break_even_conflict_resolved_by_recency" time="0.000" /><testcase classname="tests.test_ai_trader_quality_fixes" name="test_ai_lesson_superseded_by_trader_lesson_same_topic" time="0.000" /><testcase classname="tests.test_ai_trader_quality_fixes" name="test_unrelated_lessons_untouched" time="0.000" /><testcase classname="tests.test_ai_trader_quality_fixes" name="test_ai_only_topic_not_consolidated" time="0.000" /><testcase classname="tests.test_ai_trader_quality_fixes" name="test_winner_in_one_topic_never_superseded_by_another" time="0.000" /><testcase classname="tests.test_ai_trader_quality_fixes" name="test_lessons_text_excludes_superseded" time="0.000" /><testcase classname="tests.test_ai_trader_quality_fixes" name="test_active_lessons_keeps_flags_out_of_prompt_but_data_stored" time="0.000" /><testcase classname="tests.test_ai_trader_quality_fixes" name="test_merge_lessons_preserves_superseded_flags" time="0.000" /><testcase classname="tests.test_ai_trader_quality_fixes" name="test_smart_skip_when_market_unchanged" time="0.000" /><testcase classname="tests.test_ai_trader_quality_fixes" name="test_no_skip_on_manual_run" time="0.000" /><testcase classname="tests.test_ai_trader_quality_fixes" name="test_no_skip_when_disabled" time="0.000" /><testcase classname="tests.test_ai_trader_quality_fixes" name="test_no_skip_with_open_position_in_group" time="0.000" /><testcase classname="tests.test_ai_trader_quality_fixes" name="test_no_skip_when_open_positions_unknown" time="0.000" /><testcase classname="tests.test_ai_trader_quality_fixes" name="test_no_skip_on_significant_price_move" time="0.000" /><testcase classname="tests.test_ai_trader_quality_fixes" name="test_no_skip_when_last_decision_wanted_to_trade" time="0.000" /><testcase classname="tests.test_ai_trader_quality_fixes" name="test_no_skip_without_fresh_decision" time="0.000" /><testcase classname="tests.test_ai_trader_quality_fixes" name="test_max_two_consecutive_skips_then_forced_run" time="0.000" /><testcase classname="tests.test_ai_trader_quality_fixes" name="test_skip_requires_all_symbols_calm" time="0.000" /><testcase classname="tests.test_fix_custom_ai_trades" name="test_on_signal_blocked_by_master_kill_switch" time="0.001" /><testcase classname="tests.test_fix_custom_ai_trades" name="test_trade_manager_open_blocked_by_master_kill_switch" time="0.000" /><testcase classname="tests.test_fix_custom_ai_trades" name="test_trade_manager_open_blocked_when_engine_disabled" time="0.002" /><testcase classname="tests.test_fix_custom_ai_trades" name="test_trade_manager_tick_skips_when_engine_disabled" time="0.000" /><testcase classname="tests.test_fix_custom_ai_trades" name="test_trade_manager_tick_runs_when_engine_enabled" time="0.000" /><testcase classname="tests.test_fix_custom_ai_trades" name="test_prompt_example_has_no_fixed_10x_leverage" time="0.000" /><testcase classname="tests.test_fix_custom_ai_trades" name="test_open_trade_clamps_leverage_to_manager_limit" time="0.001" /><testcase classname="tests.test_fix_custom_ai_trades" name="test_reject_deregisters_strategy_and_closes_trades" time="0.001" /><testcase classname="tests.test_regime_engine" name="test_high_volatility_is_recognised" time="0.048" /><testcase classname="tests.test_fix_custom_ai_trades" name="test_delete_candidate_removes_everything" time="0.001" /><testcase classname="tests.test_fix_custom_ai_trades" name="test_register_for_testing_blocked_for_rejected" time="0.002" /><testcase classname="tests.test_fix_custom_ai_trades" name="test_open_trade_reports_guard_rejection" time="0.000" /><testcase classname="tests.test_fix_custom_ai_trades" name="test_sync_closes_externally_closed_live_position" time="0.001" /><testcase classname="tests.test_fix_custom_ai_trades" name="test_sync_keeps_position_that_is_still_open_on_bitunix" time="0.000" /><testcase classname="tests.test_fix_custom_ai_trades" name="test_sync_ignores_paper_trades" time="0.000" /><testcase classname="tests.test_fix_custom_ai_trades" name="test_delete_candidate_route_registered" time="0.002" /><testcase classname="tests.test_fix_custom_ai_trades" name="test_control_stop_trades_route_still_exists" time="0.000" /><testcase classname="tests.test_fix_custom_ai_trades" name="test_sync_bitunix_route_registered" time="0.000" /><testcase classname="tests.test_fix_custom_ai_trades" name="test_manual_close_books_external_close_when_position_gone" time="0.002" /><testcase classname="tests.test_fix_custom_ai_trades" name="test_manual_close_keeps_trade_open_when_position_still_exists" time="0.001" /><testcase classname="tests.test_fix_custom_ai_trades" name="test_adjust_levels_books_external_close_when_position_gone" time="0.001" /><testcase classname="tests.test_fix_custom_ai_trades" name="test_partial_close_books_external_close_when_position_gone" time="0.000" /><testcase classname="tests.test_fix_custom_ai_trades" name="test_trade_manager_strategy_name_without_custom_suffix" time="0.031" /><testcase classname="tests.test_regime_engine" name="test_no_lookahead_prefix_stability" time="0.065" /><testcase classname="tests.test_fix_custom_ai_trades" name="test_lesson_audit_deletes_violating_lessons" time="0.022" /><testcase classname="tests.test_fix_custom_ai_trades" name="test_master_prompt_block_declares_supremacy_over_lessons" time="0.001" /><testcase classname="tests.test_iter8_token_crv_lev" name="test_default_trade_frame_backwards_compatible" time="0.001" /><testcase classname="tests.test_iter8_token_crv_lev" name="test_update_config_accepts_and_clamps_trade_frame" time="0.002" /><testcase classname="tests.test_iter8_token_crv_lev" name="test_crv_frame_raises_tp1_to_min" time="0.000" /><testcase classname="tests.test_iter8_token_crv_lev" name="test_crv_frame_caps_tp1_at_max" time="0.000" /><testcase classname="tests.test_iter8_token_crv_lev" name="test_crv_frame_no_cap_when_max_zero" time="0.000" /><testcase classname="tests.test_iter8_token_crv_lev" name="test_lev_mode_coin_keeps_previous_behavior" time="0.000" /><testcase classname="tests.test_iter8_token_crv_lev" name="test_lev_mode_fixed_forces_leverage" time="0.000" /><testcase classname="tests.test_iter8_token_crv_lev" name="test_lev_mode_auto_caps_ai_choice" time="0.002" /><testcase classname="tests.test_iter8_token_crv_lev" name="test_lev_auto_swing_still_capped" time="0.000" /><testcase classname="tests.test_iter8_token_crv_lev" name="test_safe_lev_parsing" time="0.000" /><testcase classname="tests.test_iter8_token_crv_lev" name="test_trade_frame_block_in_analysis_prompt" time="0.007" /><testcase classname="tests.test_iter8_token_crv_lev" name="test_lean_system_prompt_same_schema_but_shorter" time="0.000" /><testcase classname="tests.test_iter8_token_crv_lev" name="test_lean_prompt_selects_lean_system" time="0.007" /><testcase classname="tests.test_iter8_token_crv_lev" name="test_hold_reason_instruction_in_both_prompts" time="0.000" /><testcase classname="tests.test_iter8_token_crv_lev" name="test_liquidity_block_only_for_crypto_group" time="0.007" /><testcase classname="tests.test_iter8_token_crv_lev" name="test_trade_manager_uses_lean_review_context" time="0.002" /><testcase classname="tests.test_iter8_token_crv_lev" name="test_extra_blocks_review_purpose_documented" time="0.002" /><testcase classname="tests.test_iter8_token_crv_lev" name="test_market_observer_reuses_summary_when_unchanged" time="0.000" /><testcase classname="tests.test_iter8_token_crv_lev" name="test_market_observer_regenerates_on_move" time="0.001" /><testcase classname="tests.test_iter8_token_crv_lev" name="test_learner_skips_daily_run_without_new_results" time="0.008" /><testcase classname="tests.test_regime_engine" name="test_model_config_is_serialisable_and_stable" time="0.027" /><testcase classname="tests.test_iter8_token_crv_lev" name="test_learner_prompt_lean_gates_research_and_ml" time="0.004" /><testcase classname="tests.test_iter8_token_crv_lev" name="test_stop_trades_no_longer_closes_positions" time="0.002" /><testcase classname="tests.test_iter8_token_crv_lev" name="test_active_fallback_tracked_and_cleared" time="0.001" /><testcase classname="tests.test_iter8_token_crv_lev" name="test_backup_key_is_plain_key_rotation_not_fallback" time="0.001" /><testcase classname="tests.test_forex_ibkr_live" name="test_plan_legs_splits_on_tp1_percent" time="0.000" /><testcase classname="tests.test_forex_ibkr_live" name="test_plan_legs_single_when_tp1_disabled_or_too_small" time="0.000" /><testcase classname="tests.test_forex_ibkr_live" name="test_be_price_covers_fees_both_sides" time="0.000" /><testcase classname="tests.test_forex_ibkr_live" name="test_pnl_usd_quote_and_base_pairs" time="0.000" /><testcase classname="tests.test_forex_ibkr_live" name="test_parse_order_status_variants" time="0.000" /><testcase classname="tests.test_forex_ibkr_live" name="test_health_server_detection" time="0.000" /><testcase classname="tests.test_forex_ibkr_live" name="test_map_orders_by_ref_and_extract_ids" time="0.000" /><testcase classname="tests.test_forex_ibkr_live" name="test_fx_order_ticket_shape" time="0.000" /><testcase classname="tests.test_forex_ibkr_live" name="test_forex_fee_percent_min_commission_per_leg" time="0.000" /><testcase classname="tests.test_forex_ibkr_live" name="test_trade_fee_percent_uses_broker_model" time="0.000" /><testcase classname="tests.test_forex_ibkr_live" name="test_fee_guard_forex_uses_ibkr_fee_and_two_legs" time="0.000" /><testcase classname="tests.test_forex_ibkr_live" name="test_open_live_forex_places_two_oca_brackets" time="12.251" /><testcase classname="tests.test_regime_engine" name="test_hysteresis_reduces_switching" time="0.077" /><testcase classname="tests.test_regime_engine" name="test_min_hold_days_is_respected" time="0.047" /><testcase classname="tests.test_regime_engine" name="test_validation_passes_on_clean_series[0.5-1.0-81]" time="0.039" /><testcase classname="tests.test_regime_engine" name="test_validation_passes_on_clean_series[-0.5-1.0-82]" time="0.038" /><testcase classname="tests.test_regime_engine" name="test_validation_passes_on_clean_series[-0.1-0.8-84]" time="0.040" /><testcase classname="tests.test_regime_engine" name="test_validation_passes_on_clean_series[0.25-2.0-86]" time="0.041" /><testcase classname="tests.test_regime_engine" name="test_validation_flags_wrong_labels" time="0.028" /><testcase classname="tests.test_regime_engine" name="test_ideal_labels_agree_with_live_direction" time="0.040" /><testcase classname="tests.test_regime_engine" name="test_regime_module_dispatches_to_v2_by_default" time="0.032" /><testcase classname="tests.test_regime_engine" name="test_kmeans_engine_still_available" time="0.008" /><testcase classname="tests.test_regime_engine" name="test_early_warning_signals_reversal_before_switch" time="0.044" /><testcase classname="tests.test_regime_engine" name="test_early_warning_quiet_in_stable_trend" time="0.036" /><testcase classname="tests.test_regime_engine" name="test_early_warning_fields_are_serialisable" time="0.036" /><testcase classname="tests.test_regime_engine" name="test_nnfx_mapping_covers_all_regimes" time="0.000" /><testcase classname="tests.test_regime_engine" name="test_scenario_bank_all_plausible" time="0.496" /><testcase classname="tests.test_regime_engine" name="test_performance_on_intraday_history" time="10.083" /><testcase classname="tests.test_ai_learning" name="test_max_capital_is_always_forbidden" time="0.000" /><testcase classname="tests.test_ai_learning" name="test_mode_and_enabled_forbidden" time="0.000" /><testcase classname="tests.test_ai_learning" name="test_numbers_are_clamped_to_bounds" time="0.000" /><testcase classname="tests.test_ai_learning" name="test_enum_and_bool_and_unknown" time="0.000" /><testcase classname="tests.test_ai_learning" name="test_engine_scope_keys" time="0.000" /><testcase classname="tests.test_ai_learning" name="test_spec_text_mentions_keys" time="0.000" /><testcase classname="tests.test_ai_learning" name="test_default_config_has_new_keys" time="0.000" /><testcase classname="tests.test_ai_learning" name="test_aggregate_performance_basic" time="0.000" /><testcase classname="tests.test_ai_learning" name="test_aggregate_ignores_pre_signals" time="0.000" /><testcase classname="tests.test_ai_learning" name="test_performance_text_renders" time="0.000" /><testcase classname="tests.test_ai_learning" name="test_change_without_enough_data_is_parked" time="0.001" /><testcase classname="tests.test_ai_learning" name="test_macro_change_needs_multiple_confirmations" time="0.001" /><testcase classname="tests.test_ai_learning" name="test_user_change_bypasses_validation" time="0.000" /><testcase classname="tests.test_ai_learning" name="test_change_against_master_prompt_is_blocked" time="0.000" /><testcase classname="tests.test_ai_learning" name="test_suggest_mode_creates_pending_proposal" time="0.001" /><testcase classname="tests.test_ai_learning" name="test_auto_mode_applies_immediately" time="0.001" /><testcase classname="tests.test_ai_learning" name="test_autonomy_off_ignores_changes" time="0.000" /><testcase classname="tests.test_ai_learning" name="test_unknown_symbol_skipped" time="0.000" /><testcase classname="tests.test_ai_learning" name="test_noop_changes_skipped" time="0.000" /><testcase classname="tests.test_ai_learning" name="test_engine_scope_change" time="0.001" /><testcase classname="tests.test_ai_learning" name="test_approve_pending_proposal" time="0.001" /><testcase classname="tests.test_ai_learning" name="test_reject_pending_proposal" time="0.001" /><testcase classname="tests.test_ai_team_regression" name="test_new_providers_in_catalog" time="0.000" /><testcase classname="tests.test_ai_team_regression" name="test_model_weights_complete" time="0.000" /><testcase classname="tests.test_ai_team_regression" name="test_provider_for_model" time="0.000" /><testcase classname="tests.test_ai_team_regression" name="test_openrouter_backup_key_order" time="0.001" /><testcase classname="tests.test_ai_team_regression" name="test_backup_key_only_when_set" time="0.001" /><testcase classname="tests.test_ai_team_regression" name="test_is_rate_limit_error" time="0.000" /><testcase classname="tests.test_ai_team_regression" name="test_same_provider_chain_preferred_first" time="0.000" /><testcase classname="tests.test_ai_team_regression" name="test_generate_chain_no_keys_raises" time="0.001" /><testcase classname="tests.test_ai_team_regression" name="test_in_active_hours_normal_window" time="0.000" /><testcase classname="tests.test_ai_team_regression" name="test_in_active_hours_over_midnight" time="0.000" /><testcase classname="tests.test_ai_team_regression" name="test_in_active_hours_none_or_invalid" time="0.000" /><testcase classname="tests.test_ai_team_regression" name="test_role_chain_inherits_engine_default" time="0.000" /><testcase classname="tests.test_ai_team_regression" name="test_role_chain_custom_model_and_fallback" time="0.000" /><testcase classname="tests.test_ai_team_regression" name="test_role_chain_dead_model_migrates" time="0.000" /><testcase classname="tests.test_ai_team_regression" name="test_role_chain_outside_hours_uses_fallback_first" time="0.000" /><testcase classname="tests.test_ai_team_regression" name="test_role_sanitize_rejects_invalid" time="0.000" /><testcase classname="tests.test_ai_team_regression" name="test_role_sanitize_deep_times_and_news_interval" time="0.000" /><testcase classname="tests.test_ai_team_regression" name="test_default_roles_complete" time="0.000" /><testcase classname="tests.test_ai_team_regression" name="test_engine_backward_compat_aliases" time="0.000" /><testcase classname="tests.test_ai_team_regression" name="test_news_watcher_module" time="0.001" /><testcase classname="tests.test_strategy_parity" name="test_parity_default_params[bollinger_reversion]" time="0.726" /><testcase classname="tests.test_strategy_parity" name="test_parity_default_params[bollinger_squeeze]" time="1.482" /><testcase classname="tests.test_forex_ibkr_live" name="test_open_live_forex_single_bracket_without_tp1" time="12.928" /><testcase classname="tests.test_strategy_parity" name="test_parity_default_params[ema_pullback_scalping]" time="0.368" /><testcase classname="tests.test_strategy_parity" name="test_parity_default_params[horst_vwap_obv]" time="0.266" /><testcase classname="tests.test_strategy_parity" name="test_parity_default_params[macd_rsi_momentum]" time="0.671" /><testcase classname="tests.test_strategy_parity" name="test_parity_default_params[nnfx_breakout]" time="1.730" /><testcase classname="tests.test_strategy_parity" name="test_parity_default_params[nnfx_reversion]" time="1.382" /><testcase classname="tests.test_strategy_parity" name="test_parity_default_params[nnfx_trend]" time="1.550" /><testcase classname="tests.test_strategy_parity" name="test_parity_default_params[rsi_only]" time="0.717" /><testcase classname="tests.test_strategy_parity" name="test_parity_default_params[scalping_4_rules]" time="0.629" /><testcase classname="tests.test_strategy_parity" name="test_parity_default_params[stoch_reversal]" time="1.284" /><testcase classname="tests.test_strategy_parity" name="test_parity_default_params[trend_surfer]" time="1.993" /><testcase classname="tests.test_strategy_parity" name="test_parity_default_params[vwap_reversion]" time="0.463" /><testcase classname="tests.test_strategy_parity" name="test_parity_param_overrides[bollinger_reversion]" time="0.827" /><testcase classname="tests.test_strategy_parity" name="test_parity_param_overrides[ema_pullback_scalping]" time="0.411" /><testcase classname="tests.test_strategy_parity" name="test_parity_param_overrides[rsi_only]" time="0.814" /><testcase classname="tests.test_forex_ibkr_live" name="test_move_stop_modifies_all_open_legs" time="12.176" /><testcase classname="tests.test_strategy_parity" name="test_parity_param_overrides[stoch_reversal]" time="1.244" /><testcase classname="tests.test_strategy_parity" name="test_vectorized_strategies_exist" time="0.000" /><testcase classname="tests.test_strategy_parity" name="test_parity_not_vacuous" time="0.000" /><testcase classname="tests.test_ai_iter2_governance" name="test_schedule_windows_and_default" time="0.000" /><testcase classname="tests.test_ai_iter2_governance" name="test_disabled_window_is_ignored" time="0.000" /><testcase classname="tests.test_ai_iter2_governance" name="test_invalid_windows_are_dropped" time="0.000" /><testcase classname="tests.test_ai_iter2_governance" name="test_window_matches_edges" time="0.000" /><testcase classname="tests.test_ai_iter2_governance" name="test_schedule_text_mentions_default" time="0.000" /><testcase classname="tests.test_ai_iter2_governance" name="test_repeated_signal_is_suppressed_within_cooldown" time="0.000" /><testcase classname="tests.test_ai_iter2_governance" name="test_new_price_level_is_notified_again" time="0.000" /><testcase classname="tests.test_ai_iter2_governance" name="test_notification_after_cooldown" time="0.000" /><testcase classname="tests.test_ai_iter2_governance" name="test_guard_state_flow" time="0.000" /><testcase classname="tests.test_ai_iter2_governance" name="test_macro_keys_recognised" time="0.000" /><testcase classname="tests.test_ai_iter2_governance" name="test_single_trade_cannot_move_stop_loss_far" time="0.000" /><testcase classname="tests.test_ai_iter2_governance" name="test_small_changes_pass_unclamped" time="0.000" /><testcase classname="tests.test_ai_iter2_governance" name="test_clamp_respects_hard_bounds" time="0.000" /><testcase classname="tests.test_ai_iter2_governance" name="test_macro_needs_sample_and_confirmations" time="0.000" /><testcase classname="tests.test_ai_iter2_governance" name="test_forbidden_terms_block_lessons" time="0.000" /><testcase classname="tests.test_ai_iter2_governance" name="test_daily_risk_limits" time="0.000" /><testcase classname="tests.test_ai_iter2_governance" name="test_provider_health_reports_fallback_and_limits" time="0.001" /><testcase classname="tests.test_ai_iter2_governance" name="test_expired_ghost_trades_are_not_counted_as_results" time="0.000" /><testcase classname="tests.test_nnfx" name="test_adx_di_matches_reference_behaviour" time="0.004" /><testcase classname="tests.test_nnfx" name="test_adx_di_against_manual_wilder" time="0.001" /><testcase classname="tests.test_nnfx" name="test_cci_extremes" time="0.004" /><testcase classname="tests.test_nnfx" name="test_keltner_bands_contain_price_mostly" time="0.002" /><testcase classname="tests.test_nnfx" name="test_donchian_uses_only_past_bars" time="0.002" /><testcase classname="tests.test_nnfx" name="test_nnfx_strategies_registered_with_params[nnfx_trend]" time="0.000" /><testcase classname="tests.test_nnfx" name="test_nnfx_strategies_registered_with_params[nnfx_reversion]" time="0.000" /><testcase classname="tests.test_nnfx" name="test_nnfx_strategies_registered_with_params[nnfx_breakout]" time="0.000" /><testcase classname="tests.test_nnfx" name="test_nnfx_strategies_produce_signals[nnfx_trend-candles_up]" time="0.004" /><testcase classname="tests.test_nnfx" name="test_nnfx_strategies_produce_signals[nnfx_reversion-candles_range]" time="0.003" /><testcase classname="tests.test_nnfx" name="test_nnfx_strategies_produce_signals[nnfx_breakout-candles_up]" time="0.002" /><testcase classname="tests.test_nnfx" name="test_nnfx_trend_follows_direction" time="0.006" /><testcase classname="tests.test_nnfx" name="test_nnfx_reversion_is_counter_trend" time="0.002" /><testcase classname="tests.test_nnfx" name="test_nnfx_analyze_returns_levels_and_rules" time="0.005" /><testcase classname="tests.test_nnfx" name="test_nnfx_fast_path_is_wired" time="0.004" /><testcase classname="tests.test_nnfx" name="test_nnfx_params_change_behaviour" time="0.002" /><testcase classname="tests.test_nnfx" name="test_nnfx_direction_toggles" time="0.002" /><testcase classname="tests.test_nnfx" name="test_regime_to_nnfx_strategy_mapping" time="0.000" /><testcase classname="tests.test_setup_backtest_analysis" name="test_diagnose_key_figures_and_exits" time="0.000" /><testcase classname="tests.test_setup_backtest_analysis" name="test_compact_and_describe_roundtrip" time="0.000" /><testcase classname="tests.test_setup_backtest_analysis" name="test_score_prefers_oos_and_penalizes_few_trades" time="0.000" /><testcase classname="tests.test_setup_backtest_analysis" name="test_best_entry_and_lessons" time="0.000" /><testcase classname="tests.test_setup_backtest_analysis" name="test_optional_params_registry" time="0.000" /><testcase classname="tests.test_setup_backtest_analysis" name="test_variants_unchanged_with_defaults" time="0.390" /><testcase classname="tests.test_setup_backtest_analysis" name="test_tp1_r_moves_partial_target_only" time="0.106" /><testcase classname="tests.test_setup_backtest_analysis" name="test_apply_filters_sides_hours_vol_trend" time="0.026" /><testcase classname="tests.test_setup_backtest_analysis" name="test_apply_filters_hours_wrap_midnight" time="0.026" /><testcase classname="tests.test_setup_backtest_analysis" name="test_param_ranges_include_optional_keys" time="0.000" /><testcase classname="tests.test_setup_backtest_analysis" name="test_sanitize_optional_keys_and_default_compaction" time="0.000" /><testcase classname="tests.test_setup_backtest_analysis" name="test_sanitize_caps_number_of_changes" time="0.000" /><testcase classname="tests.test_setup_backtest_analysis" name="test_lessons_show_defaults_for_new_optional_keys" time="0.000" /><testcase classname="tests.test_setup_backtest_analysis" name="test_lessons_diff_against_named_base_not_previous_entry" time="0.000" /><testcase classname="tests.test_setup_backtest_analysis" name="test_build_prompt_contains_diagnosis_lessons_and_help" time="0.000" /><testcase classname="tests.test_setup_backtest_analysis" name="test_best_base_prefers_best_scored_history_entry" time="0.000" /><testcase classname="tests.test_setup_backtest_analysis" name="test_run_variant_reports_diag_effective_params_and_max_bars" time="0.035" /><testcase classname="tests.test_setup_backtest_analysis" name="test_simulate_max_bars_override" time="0.001" /><testcase classname="tests.test_trade_improvements" name="test_update_peak_long_takes_highest" time="0.000" /><testcase classname="tests.test_trade_improvements" name="test_update_peak_short_takes_lowest" time="0.000" /><testcase classname="tests.test_trade_improvements" name="test_update_peak_handles_missing_values" time="0.000" /><testcase classname="tests.test_trade_improvements" name="test_update_trough_long_takes_lowest" time="0.000" /><testcase classname="tests.test_trade_improvements" name="test_update_trough_short_takes_highest" time="0.000" /><testcase classname="tests.test_trade_improvements" name="test_enrich_open_long_peak_uses_live_price_over_stored" time="0.000" /><testcase classname="tests.test_trade_improvements" name="test_enrich_open_short_peak_keeps_stored_low" time="0.000" /><testcase classname="tests.test_trade_improvements" name="test_enrich_closed_without_stored_peak_is_none" time="0.000" /><testcase classname="tests.test_trade_improvements" name="test_enrich_closed_with_stored_peak" time="0.000" /><testcase classname="tests.test_trade_improvements" name="test_enrich_open_long_trough_uses_live_price" time="0.000" /><testcase classname="tests.test_trade_improvements" name="test_enrich_short_trough_is_highest_adverse" time="0.000" /><testcase classname="tests.test_trade_improvements" name="test_enrich_closed_without_stored_trough_is_none" time="0.000" /><testcase classname="tests.test_trade_improvements" name="test_enrich_open_without_stored_trough_never_positive_mae" time="0.000" /><testcase classname="tests.test_trade_improvements" name="test_enrich_open_without_stored_peak_never_negative_mfe" time="0.000" /><testcase classname="tests.test_trade_improvements" name="test_fmt_qty_full_close_rounds_up" time="0.003" /><testcase classname="tests.test_trade_improvements" name="test_chart_interval_short_trade_uses_1m" time="0.000" /><testcase classname="tests.test_trade_improvements" name="test_chart_interval_scales_with_duration" time="0.000" /><testcase classname="tests.test_trade_improvements" name="test_chart_interval_caps_at_1d" time="0.000" /><testcase classname="tests.test_fixes_guard_402_lessons" name="test_402_keys_not_retried_every_cycle" time="0.000" /><testcase classname="tests.test_fixes_guard_402_lessons" name="test_short_rate_limit_keys_still_retried_as_fallback" time="0.000" /><testcase classname="tests.test_fixes_guard_402_lessons" name="test_mixed_cooldowns_free_key_wins" time="0.000" /><testcase classname="tests.test_fixes_guard_402_lessons" name="test_expired_short_cooldown_frees_key" time="0.000" /><testcase classname="tests.test_fixes_guard_402_lessons" name="test_402_cooldown_lasts_until_utc_midnight" time="0.000" /><testcase classname="tests.test_fixes_guard_402_lessons" name="test_correlation_guard_on_and_off_need_trader" time="0.000" /><testcase classname="tests.test_fixes_guard_402_lessons" name="test_expired_lesson_becomes_dormant_not_deleted" time="0.000" /><testcase classname="tests.test_fixes_guard_402_lessons" name="test_long_dormant_lesson_finally_removed" time="0.000" /><testcase classname="tests.test_fixes_guard_402_lessons" name="test_locked_lesson_never_expires_or_dormant" time="0.000" /><testcase classname="tests.test_fixes_guard_402_lessons" name="test_merge_preserves_dormant_and_reactivates" time="0.000" /><testcase classname="tests.test_fixes_guard_402_lessons" name="test_renewal_grows_with_confirmations" time="0.000" /><testcase classname="tests.test_fixes_guard_402_lessons" name="test_absolute_rule_detection" time="0.000" /><testcase classname="tests.test_fixes_guard_402_lessons" name="test_dormant_text_prompt_block" time="0.000" /><testcase classname="tests.test_fixes_guard_402_lessons" name="test_reeval_veraltet_parks_instead_of_delete" time="0.000" /><testcase classname="tests.test_fixes_guard_402_lessons" name="test_429_streak_skips_without_poisoning_other_keys" time="0.001" /><testcase classname="tests.test_fixes_guard_402_lessons" name="test_reactivate_clears_dormant_and_extends_validity" time="0.000" /><testcase classname="tests.test_fixes_guard_402_lessons" name="test_park_sets_dormant_and_keeps_lesson" time="0.000" /><testcase classname="tests.test_position_watchdog" name="test_parse_positions_normalizes_rows" time="0.000" /><testcase classname="tests.test_position_watchdog" name="test_parse_positions_rejects_bad_payload" time="0.000" /><testcase classname="tests.test_position_watchdog" name="test_emergency_sl_prefers_local_and_fixes_side" time="0.000" /><testcase classname="tests.test_position_watchdog" name="test_watchdog_adopts_unknown_position_without_touching_it" time="0.001" /><testcase classname="tests.test_position_watchdog" name="test_watchdog_manage_external_optin_restores_sl_enforcement" time="0.001" /><testcase classname="tests.test_position_watchdog" name="test_watchdog_leaves_position_with_sl_alone" time="0.000" /><testcase classname="tests.test_position_watchdog" name="test_watchdog_emergency_close_after_retries" time="2.503" /><testcase classname="tests.test_position_watchdog" name="test_watchdog_no_action_when_tpsl_api_uncertain" time="0.001" /><testcase classname="tests.test_position_watchdog" name="test_watchdog_disabled_adoption_leaves_external_untouched" time="0.000" /><testcase classname="tests.test_position_watchdog" name="test_ensure_live_sl_true_when_present" time="0.000" /><testcase classname="tests.test_position_watchdog" name="test_ensure_live_sl_places_missing_sl" time="1.002" /><testcase classname="tests.test_position_watchdog" name="test_ensure_live_sl_false_after_max_attempts" time="2.002" /><testcase classname="tests.test_position_watchdog" name="test_ensure_live_sl_none_when_api_uncertain" time="0.001" /><testcase classname="tests.test_position_watchdog" name="test_untracked_qty_detects_ghost_position" time="0.000" /><testcase classname="tests.test_position_watchdog" name="test_untracked_qty_zero_when_fully_tracked" time="0.001" /><testcase classname="tests.test_position_watchdog" name="test_format_signal_message_none_safe" time="0.001" /><testcase classname="tests.test_position_watchdog" name="test_format_signal_message_regular_signal_unchanged" time="0.000" /><testcase classname="tests.test_regime_extras" name="test_regimes_carry_trend_and_vol_keys_for_colors" time="0.034" /><testcase classname="tests.test_regime_extras" name="test_taxonomy_is_consistent_per_mode[3]" time="0.000" /><testcase classname="tests.test_regime_extras" name="test_taxonomy_is_consistent_per_mode[5]" time="0.000" /><testcase classname="tests.test_regime_extras" name="test_taxonomy_is_consistent_per_mode[9]" time="0.000" /><testcase classname="tests.test_regime_extras" name="test_model_respects_regime_mode[3]" time="0.036" /><testcase classname="tests.test_regime_extras" name="test_model_respects_regime_mode[5]" time="0.042" /><testcase classname="tests.test_regime_extras" name="test_model_respects_regime_mode[9]" time="0.043" /><testcase classname="tests.test_regime_extras" name="test_early_warning_points_to_correct_direction" time="0.144" /><testcase classname="tests.test_regime_extras" name="test_early_warning_eta_is_positive_or_none" time="0.032" /><testcase classname="tests.test_regime_extras" name="test_strategy_param_space_is_searchable[nnfx_trend]" time="0.001" /><testcase classname="tests.test_regime_extras" name="test_strategy_param_space_is_searchable[nnfx_reversion]" time="0.001" /><testcase classname="tests.test_regime_extras" name="test_strategy_param_space_is_searchable[nnfx_breakout]" time="0.001" /><testcase classname="tests.test_regime_extras" name="test_with_strategy_params_is_pure_and_nested" time="0.000" /><testcase classname="tests.test_regime_extras" name="test_strategy_params_change_signal_count" time="0.004" /><testcase classname="tests.test_regime_extras" name="test_provider_cache_key_includes_strategy_params" time="0.000" /><testcase classname="tests.test_regime_extras" name="test_provider_cache_returns_different_signals_per_params" time="0.003" /><testcase classname="tests.test_regime_extras" name="test_rows_for_accepts_callable_settings" time="0.004" /><testcase classname="tests.test_trade_postmortem" name="test_lookahead_clamped" time="0.000" /><testcase classname="tests.test_trade_postmortem" name="test_r_multiple_both_sides" time="0.000" /><testcase classname="tests.test_trade_postmortem" name="test_simulate_exit_conservative_sl_first" time="0.000" /><testcase classname="tests.test_trade_postmortem" name="test_excursions_long_short" time="0.000" /><testcase classname="tests.test_trade_postmortem" name="test_trade_frame_rejects_incomplete" time="0.000" /><testcase classname="tests.test_trade_postmortem" name="test_review_trade_early_exit_detects_left_on_table" time="0.000" /><testcase classname="tests.test_trade_postmortem" name="test_review_trade_stopped_before_move" time="0.000" /><testcase classname="tests.test_trade_postmortem" name="test_review_trade_short_side" time="0.000" /><testcase classname="tests.test_trade_postmortem" name="test_review_trade_no_data_returns_none" time="0.000" /><testcase classname="tests.test_trade_postmortem" name="test_limit_review_missed_move" time="0.000" /><testcase classname="tests.test_trade_postmortem" name="test_limit_review_avoided_loss" time="0.000" /><testcase classname="tests.test_trade_postmortem" name="test_limit_review_incomplete_returns_none" time="0.000" /><testcase classname="tests.test_trade_postmortem" name="test_variant_verdict_requires_sample_consistency_split" time="0.000" /><testcase classname="tests.test_trade_postmortem" name="test_recommended_step_capped" time="0.000" /><testcase classname="tests.test_trade_postmortem" name="test_aggregate_only_robust_findings_and_backtest_flag" time="0.000" /><testcase classname="tests.test_trade_postmortem" name="test_context_lines_only_when_robust" time="0.000" /><testcase classname="tests.test_trade_postmortem" name="test_aggregate_limits_note_thresholds" time="0.000" /><testcase classname="tests.test_capital_sync_fixes" name="test_bound_margin_full_position" time="0.000" /><testcase classname="tests.test_capital_sync_fixes" name="test_bound_margin_scales_with_partial_close" time="0.000" /><testcase classname="tests.test_capital_sync_fixes" name="test_bound_margin_follows_leverage_change" time="0.000" /><testcase classname="tests.test_capital_sync_fixes" name="test_bound_margin_fallback_margin_used" time="0.000" /><testcase classname="tests.test_capital_sync_fixes" name="test_bound_margin_fallback_max_capital" time="0.000" /><testcase classname="tests.test_capital_sync_fixes" name="test_bound_margin_closed_rest_zero" time="0.000" /><testcase classname="tests.test_capital_sync_fixes" name="test_used_margin_mixed_trades" time="0.001" /><testcase classname="tests.test_capital_sync_fixes" name="test_free_capital_live_full_uses_exchange_available" time="0.000" /><testcase classname="tests.test_capital_sync_fixes" name="test_free_capital_live_fixed_caps_at_available" time="0.000" /><testcase classname="tests.test_capital_sync_fixes" name="test_free_capital_paper_unchanged" time="0.000" /><testcase classname="tests.test_capital_sync_fixes" name="test_sync_external_partial_close_books_pnl" time="0.000" /><testcase classname="tests.test_capital_sync_fixes" name="test_sync_external_margin_and_leverage_change" time="0.007" /><testcase classname="tests.test_capital_sync_fixes" name="test_sync_ignores_manually_increased_position" time="0.000" /><testcase classname="tests.test_capital_sync_fixes" name="test_sync_ignores_paper_and_tiny_diffs" time="0.000" /><testcase classname="tests.test_capital_sync_fixes" name="test_sync_no_flapping_with_leverage_setting" time="0.001" /><testcase classname="tests.test_capital_sync_fixes" name="test_free_capital_recovers_after_sync" time="0.001" /><testcase classname="tests.test_ai_governance" name="test_blocked_symbol_and_side_are_rejected" time="0.000" /><testcase classname="tests.test_ai_governance" name="test_confidence_leverage_and_open_trade_limits" time="0.000" /><testcase classname="tests.test_ai_governance" name="test_config_change_against_master_prompt_is_blocked" time="0.000" /><testcase classname="tests.test_ai_governance" name="test_lesson_against_master_prompt_is_blocked" time="0.000" /><testcase classname="tests.test_ai_governance" name="test_defaults_are_permissive_enough_for_existing_workflows" time="0.000" /><testcase classname="tests.test_ai_governance" name="test_locked_lessons_survive_ai_removal_and_overwrite" time="0.000" /><testcase classname="tests.test_ai_governance" name="test_locked_lessons_do_not_count_against_the_limit" time="0.001" /><testcase classname="tests.test_ai_governance" name="test_lessons_text_marks_trader_lessons" time="0.000" /><testcase classname="tests.test_ai_governance" name="test_normalize_adds_ids_to_legacy_lessons" time="0.000" /><testcase classname="tests.test_ai_governance" name="test_engine_change_needs_minimum_sample" time="0.000" /><testcase classname="tests.test_ai_governance" name="test_coin_change_uses_symbol_sample" time="0.000" /><testcase classname="tests.test_ai_governance" name="test_lesson_removal_needs_more_data_than_creation" time="0.000" /><testcase classname="tests.test_ai_governance" name="test_validation_can_be_switched_off" time="0.000" /><testcase classname="tests.test_ai_governance" name="test_ghost_stats_and_promotion_threshold" time="0.000" /><testcase classname="tests.test_ai_governance" name="test_ghost_outcome_respects_direction" time="0.000" /><testcase classname="tests.test_iter_reward_guard_models" name="test_catalog_contains_no_dead_slugs" time="0.000" /><testcase classname="tests.test_iter_reward_guard_models" name="test_fallback_order_and_weights_consistent" time="0.000" /><testcase classname="tests.test_iter_reward_guard_models" name="test_role_presets_reference_valid_models" time="0.000" /><testcase classname="tests.test_iter_reward_guard_models" name="test_migrations_map_to_valid_models" time="0.000" /><testcase classname="tests.test_iter_reward_guard_models" name="test_too_large_error_detection" time="0.000" /><testcase classname="tests.test_iter_reward_guard_models" name="test_learned_budget_shrinks_only" time="0.000" /><testcase classname="tests.test_iter_reward_guard_models" name="test_generate_chain_skips_over_budget_model" time="0.001" /><testcase classname="tests.test_iter_reward_guard_models" name="test_oai_generate_guards_empty_choices" time="0.001" /><testcase classname="tests.test_iter_reward_guard_models" name="test_reward_win_beats_loss" time="0.000" /><testcase classname="tests.test_iter_reward_guard_models" name="test_reward_quick_stopout_penalized_confidence_decoupled" time="0.000" /><testcase classname="tests.test_iter_reward_guard_models" name="test_reward_crv_bonus" time="0.000" /><testcase classname="tests.test_iter_reward_guard_models" name="test_reward_pnl_base_clamped" time="0.000" /><testcase classname="tests.test_iter_reward_guard_models" name="test_guard_state_reports_learning_required" time="0.000" /><testcase classname="tests.test_iter_reward_guard_models" name="test_resume_clears_learning_required" time="0.000" /><testcase classname="tests.test_iter_reward_guard_models" name="test_forced_learning_default_enabled" time="0.000" /><testcase classname="tests.test_multi_position_and_lesson_quality" name="test_two_positions_same_symbol_side_become_two_trades" time="0.001" /><testcase classname="tests.test_multi_position_and_lesson_quality" name="test_hedge_long_short_bound_separately" time="0.001" /><testcase classname="tests.test_multi_position_and_lesson_quality" name="test_rebind_does_not_steal_claimed_trade" time="0.000" /><testcase classname="tests.test_multi_position_and_lesson_quality" name="test_sync_closes_only_the_gone_position_id" time="0.000" /><testcase classname="tests.test_multi_position_and_lesson_quality" name="test_default_rules_have_no_hidden_leverage_cap" time="0.000" /><testcase classname="tests.test_multi_position_and_lesson_quality" name="test_leverage_cap_lessons_rejected" time="0.000" /><testcase classname="tests.test_multi_position_and_lesson_quality" name="test_margin_and_sl_lessons_still_allowed" time="0.000" /><testcase classname="tests.test_multi_position_and_lesson_quality" name="test_blanket_direction_lesson_rejected_contextual_allowed" time="0.000" /><testcase classname="tests.test_multi_position_and_lesson_quality" name="test_direction_check_can_be_disabled" time="0.000" /><testcase classname="tests.test_multi_position_and_lesson_quality" name="test_expired_lessons_leave_the_prompt" time="0.000" /><testcase classname="tests.test_multi_position_and_lesson_quality" name="test_profit_release_plan_respects_reduce_pct" time="0.000" /><testcase classname="tests.test_multi_position_and_lesson_quality" name="test_sl_liq_guard_pulls_sl_behind_liq" time="0.000" /><testcase classname="tests.test_multi_position_and_lesson_quality" name="test_sl_liq_guard_blocks_when_too_close_to_price" time="0.000" /><testcase classname="tests.test_multi_position_and_lesson_quality" name="test_release_secured_margin_defers_until_safe" time="0.001" /><testcase classname="tests.test_multi_position_and_lesson_quality" name="test_release_secured_margin_caps_at_coin_max_leverage" time="0.000" /><testcase classname="tests.test_watchdog_inflight_dedupe" name="test_parse_positions_reads_ctime" time="0.000" /><testcase classname="tests.test_watchdog_inflight_dedupe" name="test_inflight_begin_end_and_expiry" time="0.000" /><testcase classname="tests.test_watchdog_inflight_dedupe" name="test_duplicate_of_rules" time="0.000" /><testcase classname="tests.test_watchdog_inflight_dedupe" name="test_watchdog_skips_position_while_entry_inflight" time="0.001" /><testcase classname="tests.test_watchdog_inflight_dedupe" name="test_watchdog_grace_defers_fresh_position_by_ctime" time="0.001" /><testcase classname="tests.test_watchdog_inflight_dedupe" name="test_watchdog_grace_fallback_first_seen_without_ctime" time="0.001" /><testcase classname="tests.test_watchdog_inflight_dedupe" name="test_registered_ki_order_adopted_immediately_despite_grace" time="0.001" /><testcase classname="tests.test_watchdog_inflight_dedupe" name="test_registry_match_beats_leftover_flash_close" time="0.000" /><testcase classname="tests.test_watchdog_inflight_dedupe" name="test_watchdog_removes_duplicate_adoption_bound_to_same_position" time="0.001" /><testcase classname="tests.test_watchdog_inflight_dedupe" name="test_watchdog_keeps_real_manual_position_with_other_position_id" time="0.001" /><testcase classname="tests.test_watchdog_inflight_dedupe" name="test_pick_new_position_skips_bound_and_prefers_qty_then_newest" time="0.000" /><testcase classname="tests.test_watchdog_inflight_dedupe" name="test_resolve_new_position_id_excludes_positions_of_other_trades" time="0.001" /><testcase classname="tests.test_watchdog_inflight_dedupe" name="test_watchdog_symbol_fallback_prefers_qty_match" time="0.001" /><testcase classname="tests.test_watchdog_inflight_dedupe" name="test_on_signal_marks_inflight_and_removes_duplicates" time="0.001" /><testcase classname="tests.test_watchdog_inflight_dedupe" name="test_on_signal_clears_inflight_on_exception_and_paper_untouched" time="0.001" /><testcase classname="tests.test_playbook_backups_notify" name="test_multiple_backup_keys_order" time="0.000" /><testcase classname="tests.test_playbook_backups_notify" name="test_single_backup_still_works" time="0.000" /><testcase classname="tests.test_playbook_backups_notify" name="test_backup_key_counts" time="0.000" /><testcase classname="tests.test_playbook_backups_notify" name="test_normalize_setup" time="0.000" /><testcase classname="tests.test_playbook_backups_notify" name="test_verdict_for" time="0.000" /><testcase classname="tests.test_playbook_backups_notify" name="test_setup_enum_covers_all_setups" time="0.000" /><testcase classname="tests.test_playbook_backups_notify" name="test_direction_guard_blocks_fourth_same_side" time="0.000" /><testcase classname="tests.test_playbook_backups_notify" name="test_direction_guard_disabled_with_zero" time="0.000" /><testcase classname="tests.test_playbook_backups_notify" name="test_cluster_guard_blocks_same_zone_entry" time="0.000" /><testcase classname="tests.test_playbook_backups_notify" name="test_correlation_guard_blocks_second_correlated_same_side" time="0.000" /><testcase classname="tests.test_playbook_backups_notify" name="test_correlated_trades_count_as_one_direction_risk" time="0.000" /><testcase classname="tests.test_playbook_backups_notify" name="test_fail_lines_groups_by_provider_and_reason" time="0.000" /><testcase classname="tests.test_playbook_backups_notify" name="test_summarize_single_failure_keeps_detail" time="0.000" /><testcase classname="tests.test_playbook_backups_notify" name="test_summarize_many_failures_compact_but_precise" time="0.000" /><testcase classname="tests.test_strategy_insights" name="test_trade_stats_aggregation" time="0.001" /><testcase classname="tests.test_strategy_insights" name="test_optimizer_best_latest_per_strategy" time="0.000" /><testcase classname="tests.test_strategy_insights" name="test_context_text_contains_strategies_and_notes" time="0.001" /><testcase classname="tests.test_strategy_insights" name="test_context_text_respects_max_chars" time="0.001" /><testcase classname="tests.test_strategy_insights" name="test_context_text_survives_empty_db" time="0.000" /><testcase classname="tests.test_strategy_insights" name="test_develop_creates_ghost_candidate_with_insights_context" time="0.001" /><testcase classname="tests.test_strategy_insights" name="test_develop_respects_should_create_false" time="0.001" /><testcase classname="tests.test_strategy_insights" name="test_develop_blocked_when_ai_create_disabled" time="0.000" /><testcase classname="tests.test_strategy_insights" name="test_develop_blocked_when_too_many_active_candidates" time="0.000" /><testcase classname="tests.test_strategy_insights" name="test_develop_invalid_rule_definition_is_dropped" time="0.001" /><testcase classname="tests.test_strategy_insights" name="test_auto_develop_runs_once_and_respects_interval" time="0.001" /><testcase classname="tests.test_strategy_insights" name="test_auto_develop_disabled" time="0.000" /><testcase classname="tests.test_strategy_insights" name="test_daily_quota_cooldown_until_utc_midnight" time="0.000" /><testcase classname="tests.test_strategy_insights" name="test_daily_quota_key_skipped_long" time="0.000" /><testcase classname="tests.test_tf2_setup_review" name="test_macd_no_nan_after_warmup" time="0.000" /><testcase classname="tests.test_tf2_setup_review" name="test_detect_trend_follow2_finds_long_on_impulse" time="0.003" /><testcase classname="tests.test_tf2_setup_review" name="test_trend_follow2_registered_everywhere" time="0.000" /><testcase classname="tests.test_tf2_setup_review" name="test_tf2_signal_live_detect_and_context_line" time="0.109" /><testcase classname="tests.test_tf2_setup_review" name="test_tf2_budget_and_clamp" time="0.000" /><testcase classname="tests.test_tf2_setup_review" name="test_min_trades_scales_with_symbols_and_days" time="0.000" /><testcase classname="tests.test_tf2_setup_review" name="test_passed_uses_adaptive_requirement" time="0.000" /><testcase classname="tests.test_tf2_setup_review" name="test_revise_sanitize_accepts_min_trades_factor" time="0.000" /><testcase classname="tests.test_tf2_setup_review" name="test_chronic_reason_rules" time="0.000" /><testcase classname="tests.test_tf2_setup_review" name="test_review_due_and_budget" time="0.000" /><testcase classname="tests.test_tf2_setup_review" name="test_review_prompt_compact" time="0.000" /><testcase classname="tests.test_tf2_setup_review" name="test_news_symbols_mapping" time="0.000" /><testcase classname="tests.test_tf2_setup_review" name="test_runner_trend_ab_split" time="0.001" /><testcase classname="tests.test_tf2_setup_review" name="test_scanner_buffer_min_for_ai_trader" time="0.000" /><testcase classname="tests.test_active_scope_and_ai_review" name="test_active_keys_from_docs_only_paper_or_live" time="0.000" /><testcase classname="tests.test_active_scope_and_ai_review" name="test_cache_overrides_db_state" time="0.000" /><testcase classname="tests.test_active_scope_and_ai_review" name="test_is_active_handles_underscore_strategy_ids" time="0.000" /><testcase classname="tests.test_active_scope_and_ai_review" name="test_filter_active_keeps_manual_trades_and_drops_inactive" time="0.000" /><testcase classname="tests.test_active_scope_and_ai_review" name="test_coin_ranking_lesson_detected_and_blocked" time="0.000" /><testcase classname="tests.test_active_scope_and_ai_review" name="test_coin_ranking_rule_can_be_disabled" time="0.000" /><testcase classname="tests.test_active_scope_and_ai_review" name="test_asset_lessons_with_mechanism_are_not_rankings" time="0.000" /><testcase classname="tests.test_active_scope_and_ai_review" name="test_rules_text_and_labels_mention_new_rule" time="0.000" /><testcase classname="tests.test_active_scope_and_ai_review" name="test_lesson_policy_default_consistent_and_legacy_recognised" time="0.000" /><testcase classname="tests.test_active_scope_and_ai_review" name="test_dead_openrouter_free_slugs_removed_and_migrated" time="0.000" /><testcase classname="tests.test_active_scope_and_ai_review" name="test_role_presets_avoid_cerebras_and_have_valid_models" time="0.000" /><testcase classname="tests.test_active_scope_and_ai_review" name="test_fill_missing_fallback2_only_touches_empty_slots" time="0.000" /><testcase classname="tests.test_active_scope_and_ai_review" name="test_groq_replaced_in_large_prompt_roles_only" time="0.000" /><testcase classname="tests.test_fomc_event.TestPhases" name="test_phase[-120-none]" time="0.006" /><testcase classname="tests.test_fomc_event.TestPhases" name="test_phase[-89-pre]" time="0.000" /><testcase classname="tests.test_fomc_event.TestPhases" name="test_phase[-1-pre]" time="0.000" /><testcase classname="tests.test_fomc_event.TestPhases" name="test_phase[0-lock]" time="0.000" /><testcase classname="tests.test_fomc_event.TestPhases" name="test_phase[9-lock]" time="0.000" /><testcase classname="tests.test_fomc_event.TestPhases" name="test_phase[10-post]" time="0.000" /><testcase classname="tests.test_fomc_event.TestPhases" name="test_phase[149-post]" time="0.000" /><testcase classname="tests.test_fomc_event.TestPhases" name="test_phase[151-none]" time="0.000" /><testcase classname="tests.test_fomc_event.TestPhases" name="test_entry_block_outside_window" time="0.000" /><testcase classname="tests.test_fomc_event.TestPhases" name="test_entry_block_lock_for_all_setups" time="0.000" /><testcase classname="tests.test_fomc_event.TestPhases" name="test_entry_allowed_post" time="0.000" /><testcase classname="tests.test_fomc_event.TestPhases" name="test_other_setups_unaffected_outside_window" time="0.000" /><testcase classname="tests.test_fomc_event.TestPhases" name="test_prompt_block_phases" time="0.001" /><testcase classname="tests.test_improvements_0_6" name="test_backup_env_names_unlimited" time="0.000" /><testcase classname="tests.test_improvements_0_6" name="test_provider_keys_pick_up_high_backup_numbers" time="0.000" /><testcase classname="tests.test_improvements_0_6" name="test_backup_names_ignore_foreign_env" time="0.000" /><testcase classname="tests.test_improvements_0_6" name="test_enrich_trade_prefers_exchange_upnl" time="0.000" /><testcase classname="tests.test_improvements_0_6" name="test_enrich_trade_scales_partial_position" time="0.000" /><testcase classname="tests.test_improvements_0_6" name="test_enrich_trade_scanner_fallback_without_exchange" time="0.000" /><testcase classname="tests.test_improvements_0_6" name="test_enrich_trade_short_side_exchange" time="0.000" /><testcase classname="tests.test_improvements_0_6" name="test_watchdog_adopt_marks_manual_trade" time="0.001" /><testcase classname="tests.test_improvements_0_6" name="test_watchdog_default_does_not_manage_external" time="0.000" /><testcase classname="tests.test_improvements_0_6" name="test_session_levels_detects_asia_and_london" time="0.001" /><testcase classname="tests.test_improvements_0_6" name="test_session_levels_text_contains_sweep_hint" time="0.000" /><testcase classname="tests.test_improvements_0_6" name="test_volume_zones_finds_high_volume_cluster" time="0.001" /><testcase classname="tests.test_improvements_0_6" name="test_volume_zones_empty_on_flat_or_short_data" time="0.000" /><testcase classname="tests.test_runner_policy" name="test_runner_allowed_swing_always" time="0.000" /><testcase classname="tests.test_runner_policy" name="test_runner_allowed_scalp_news_only_default" time="0.000" /><testcase classname="tests.test_runner_policy" name="test_scalp_runner_tpf_far_but_capped" time="0.000" /><testcase classname="tests.test_runner_policy" name="test_noise_safe_sl_long_keeps_min_distance" time="0.000" /><testcase classname="tests.test_runner_policy" name="test_noise_safe_sl_short_mirror" time="0.000" /><testcase classname="tests.test_runner_policy" name="test_liq_safe_sl_after_margin_release" time="0.000" /><testcase classname="tests.test_runner_policy" name="test_trail_candidate_combines_noise_and_liq" time="0.000" /><testcase classname="tests.test_runner_policy" name="test_atr_basic" time="0.000" /><testcase classname="tests.test_runner_policy" name="test_trail_decision_reasons" time="0.000" /><testcase classname="tests.test_runner_policy" name="test_runner_stats_vs_full_tp" time="0.000" /><testcase classname="tests.test_runner_policy" name="test_proposals_from_setups" time="0.000" /><testcase classname="tests.test_runner_policy" name="test_evolve_versions_applies_hint_once_and_clamped" time="0.000" /><testcase classname="tests.test_runner_policy" name="test_evolve_versions_hint_needs_enough_trades" time="0.000" /><testcase classname="tests.test_ai_chat_commands_and_fixes" name="test_clamp_sl_short_wrong_side_is_corrected" time="0.000" /><testcase classname="tests.test_ai_chat_commands_and_fixes" name="test_clamp_sl_long_wrong_side_is_corrected" time="0.000" /><testcase classname="tests.test_ai_chat_commands_and_fixes" name="test_clamp_sl_valid_values_unchanged" time="0.000" /><testcase classname="tests.test_ai_chat_commands_and_fixes" name="test_clamp_tp_wrong_side_is_corrected" time="0.000" /><testcase classname="tests.test_ai_chat_commands_and_fixes" name="test_clamp_handles_bad_input" time="0.000" /><testcase classname="tests.test_ai_chat_commands_and_fixes" name="test_resolve_price_unchanged" time="0.000" /><testcase classname="tests.test_ai_chat_commands_and_fixes" name="test_looks_like_command_detects_close_and_lessons" time="0.000" /><testcase classname="tests.test_ai_chat_commands_and_fixes" name="test_looks_like_command_ignores_questions" time="0.000" /><testcase classname="tests.test_ai_chat_commands_and_fixes" name="test_match_lesson_by_id_title_and_partial" time="0.000" /><testcase classname="tests.test_ai_chat_commands_and_fixes" name="test_match_trades_filters_mode_symbol_side" time="0.000" /><testcase classname="tests.test_ai_chat_commands_and_fixes" name="test_valid_rule_definition" time="0.000" /><testcase classname="tests.test_ai_chat_commands_and_fixes" name="test_validation_has_lesson_confirmation_threshold" time="0.000" /><testcase classname="tests.test_instruments_universe" name="test_legacy_config_exports_unchanged" time="0.000" /><testcase classname="tests.test_instruments_universe" name="test_groups_order_and_membership" time="0.000" /><testcase classname="tests.test_instruments_universe" name="test_every_symbol_is_backtestable" time="0.000" /><testcase classname="tests.test_instruments_universe" name="test_history_source_routing[BTCUSDT-binance]" time="0.000" /><testcase classname="tests.test_instruments_universe" name="test_history_source_routing[GOLD-bitunix]" time="0.000" /><testcase classname="tests.test_instruments_universe" name="test_history_source_routing[QQQUSDT-bitunix]" time="0.000" /><testcase classname="tests.test_instruments_universe" name="test_history_source_routing[EURUSD-yahoo]" time="0.000" /><testcase classname="tests.test_instruments_universe" name="test_unknown_symbol_falls_back_to_binance" time="0.000" /><testcase classname="tests.test_instruments_universe" name="test_bitunix_symbol_mapping" time="0.000" /><testcase classname="tests.test_instruments_universe" name="test_tradability_flags" time="0.000" /><testcase classname="tests.test_instruments_universe" name="test_history_days_cap" time="0.000" /><testcase classname="tests.test_instruments_universe" name="test_parallel_support_only_for_range_paging_sources" time="0.000" /><testcase classname="tests.test_live_levels_and_cascade" name="test_sync_levels_caps_qty_to_exchange_amount" time="0.001" /><testcase classname="tests.test_live_levels_and_cascade" name="test_sync_levels_cancels_stale_tpsl_orders_before_placing" time="0.000" /><testcase classname="tests.test_live_levels_and_cascade" name="test_sync_levels_retries_without_qty_when_size_rejected" time="0.000" /><testcase classname="tests.test_live_levels_and_cascade" name="test_sync_levels_prefers_modify_no_cancel_needed" time="0.000" /><testcase classname="tests.test_live_levels_and_cascade" name="test_sync_levels_detects_silent_noop_and_replaces" time="0.000" /><testcase classname="tests.test_live_levels_and_cascade" name="test_sync_levels_replaces_with_both_sides_after_cancel" time="0.000" /><testcase classname="tests.test_live_levels_and_cascade" name="test_close_caps_qty_to_live_amount" time="0.801" /><testcase classname="tests.test_live_levels_and_cascade" name="test_close_ok_when_position_already_gone" time="0.001" /><testcase classname="tests.test_live_levels_and_cascade" name="test_cascade_switches_to_fallback1_first" time="0.001" /><testcase classname="tests.test_live_levels_and_cascade" name="test_cascade_switches_to_fallback2_when_fb1_active" time="0.001" /><testcase classname="tests.test_live_levels_and_cascade" name="test_cascade_uses_suggestion_when_all_fallbacks_active" time="0.001" /><testcase classname="tests.test_live_levels_and_cascade" name="test_cascade_no_switch_without_candidates" time="0.000" /><testcase classname="tests.test_iter_ai_supervisor_auto" name="test_settings_are_sanitized_and_persisted" time="0.001" /><testcase classname="tests.test_iter_ai_supervisor_auto" name="test_due_only_when_enabled_and_old_enough" time="0.000" /><testcase classname="tests.test_iter_ai_supervisor_auto" name="test_auto_switch_disabled_by_default" time="0.000" /><testcase classname="tests.test_iter_ai_supervisor_auto" name="test_auto_switch_uses_role_fallback_and_rollback_restores" time="0.001" /><testcase classname="tests.test_iter_ai_supervisor_auto" name="test_auto_switch_falls_back_to_suggested_model" time="0.000" /><testcase classname="tests.test_iter_ai_supervisor_auto" name="test_auto_switch_also_on_explicit_recommendation" time="0.000" /><testcase classname="tests.test_iter_ai_supervisor_auto" name="test_auto_switch_cascades_to_fallback_when_already_active" time="0.000" /><testcase classname="tests.test_iter_ai_supervisor_auto" name="test_apply_assist_applies_selected_fields" time="0.000" /><testcase classname="tests.test_iter_ai_supervisor_auto" name="test_apply_assist_all_fields_and_registers" time="0.001" /><testcase classname="tests.test_iter_ai_supervisor_auto" name="test_apply_assist_without_assist_errors" time="0.000" /><testcase classname="tests.test_iter_ai_supervisor_auto" name="test_apply_assist_ignores_invalid_rule_definition" time="0.000" /><testcase classname="tests.test_pnl_reconcile" name="test_build_updates_takes_exchange_truth" time="0.000" /><testcase classname="tests.test_pnl_reconcile" name="test_build_updates_no_event_when_local_already_correct" time="0.000" /><testcase classname="tests.test_pnl_reconcile" name="test_result_for_thresholds" time="0.000" /><testcase classname="tests.test_pnl_reconcile" name="test_reconcile_trade_overwrites_breakeven_with_real_loss" time="0.000" /><testcase classname="tests.test_pnl_reconcile" name="test_reconcile_trade_counts_attempt_when_history_missing" time="0.000" /><testcase classname="tests.test_pnl_reconcile" name="test_reconcile_trade_skips_paper_exact_and_missing_pid" time="0.000" /><testcase classname="tests.test_pnl_reconcile" name="test_reconcile_trade_respects_mixed_position_guard" time="0.000" /><testcase classname="tests.test_pnl_reconcile" name="test_reconcile_trade_survives_api_error" time="0.000" /><testcase classname="tests.test_pnl_reconcile" name="test_after_close_uses_exchange_pnl_for_hooks" time="0.000" /><testcase classname="tests.test_pnl_reconcile" name="test_reconcile_pending_processes_only_candidates" time="0.001" /><testcase classname="tests.test_pnl_reconcile" name="test_reconcile_pending_noop_without_client" time="0.000" /><testcase classname="tests.test_regime_v2_and_gate_domain" name="test_v2_vol_percentile_bases" time="0.000" /><testcase classname="tests.test_regime_v2_and_gate_domain" name="test_v2_fallback_fixed_thresholds_without_rank" time="0.000" /><testcase classname="tests.test_regime_v2_and_gate_domain" name="test_v2_trend_hysteresis" time="0.000" /><testcase classname="tests.test_regime_v2_and_gate_domain" name="test_v2_breakout_needs_confirmation" time="0.000" /><testcase classname="tests.test_regime_v2_and_gate_domain" name="test_v1_unchanged_for_legacy" time="0.000" /><testcase classname="tests.test_regime_v2_and_gate_domain" name="test_compute_features_marks_regime_v2" time="0.001" /><testcase classname="tests.test_regime_v2_and_gate_domain" name="test_compute_features_percentile_and_daily_trend" time="0.020" /><testcase classname="tests.test_regime_v2_and_gate_domain" name="test_compute_features_daily_bias_up" time="0.011" /><testcase classname="tests.test_regime_v2_and_gate_domain" name="test_compute_features_prev_regime_hysteresis" time="0.002" /><testcase classname="tests.test_regime_v2_and_gate_domain" name="test_snapshot_to_text_with_and_without_daily" time="0.000" /><testcase classname="tests.test_regime_v2_and_gate_domain" name="test_shadow_predict_skips_out_of_domain" time="0.000" /><testcase classname="tests.test_variant_stats_market_hours_backupkeys" name="test_variant_since_takes_latest_of_all_sources" time="0.000" /><testcase classname="tests.test_variant_stats_market_hours_backupkeys" name="test_variant_label_mentions_revision_profile_and_state" time="0.000" /><testcase classname="tests.test_variant_stats_market_hours_backupkeys" name="test_merge_and_global_view" time="0.000" /><testcase classname="tests.test_variant_stats_market_hours_backupkeys" name="test_maturity_overview_shows_variant_stats_and_keeps_totals" time="0.000" /><testcase classname="tests.test_variant_stats_market_hours_backupkeys" name="test_maturity_overview_without_variants_is_backwards_compatible" time="0.000" /><testcase classname="tests.test_variant_stats_market_hours_backupkeys" name="test_market_closed_weekend_and_daily_break_forex" time="0.000" /><testcase classname="tests.test_variant_stats_market_hours_backupkeys" name="test_diagnosis_closed_market_is_info_not_critical" time="0.000" /><testcase classname="tests.test_variant_stats_market_hours_backupkeys" name="test_diagnosis_open_market_stale_is_critical_with_market_threshold" time="0.000" /><testcase classname="tests.test_variant_stats_market_hours_backupkeys" name="test_data_quality_rows_carry_market_flags" time="0.000" /><testcase classname="tests.test_variant_stats_market_hours_backupkeys" name="test_feed_lag_warning_only_when_market_open" time="0.000" /><testcase classname="tests.test_variant_stats_market_hours_backupkeys" name="test_backup_key_is_not_a_fallback" time="0.001" /><testcase classname="tests.analysis_regression.test_ap12_evidence.TestEvidenceBundle" name="test_ready_when_all_green" time="0.000" /><testcase classname="tests.analysis_regression.test_ap12_evidence.TestEvidenceBundle" name="test_draft_release_blocks" time="0.000" /><testcase classname="tests.analysis_regression.test_ap12_evidence.TestEvidenceBundle" name="test_stale_definition_blocks" time="0.000" /><testcase classname="tests.analysis_regression.test_ap12_evidence.TestEvidenceBundle" name="test_legacy_doc_not_ready" time="0.000" /><testcase classname="tests.analysis_regression.test_ap12_evidence.TestEvidenceBundle" name="test_missing_analysis_blocks" time="0.000" /><testcase classname="tests.analysis_regression.test_ap12_evidence.TestEvidenceBundle" name="test_unpinned_dataset_blocks" time="0.000" /><testcase classname="tests.analysis_regression.test_ap12_evidence.TestEvidenceBundle" name="test_wf_missing_failed_and_stale_block" time="0.000" /><testcase classname="tests.analysis_regression.test_ap12_evidence.TestEvidenceBundle" name="test_failed_application_and_critical_safety_block" time="0.000" /><testcase classname="tests.analysis_regression.test_ap12_evidence.TestEvidenceBundle" name="test_wf_scope_prefers_coin_over_combined" time="0.000" /><testcase classname="tests.analysis_regression.test_ap12_evidence.TestEvidenceBundle" name="test_good_pnl_alone_is_not_approval" time="0.000" /><testcase classname="tests.test_job_series" name="test_default_label_and_summaries" time="0.000" /><testcase classname="tests.test_job_series" name="test_next_item_and_may_start" time="0.000" /><testcase classname="tests.test_job_series" name="test_telegram_texts" time="0.000" /><testcase classname="tests.test_job_series" name="test_is_stale_strategy" time="0.000" /><testcase classname="tests.test_job_series" name="test_validate_body" time="0.000" /><testcase classname="tests.test_job_series" name="test_add_reorder_remove_clear" time="0.001" /><testcase classname="tests.test_job_series" name="test_update_state_parses_start_at" time="0.001" /><testcase classname="tests.test_job_series" name="test_tick_runs_next_item_and_notifies" time="0.052" /><testcase classname="tests.test_job_series" name="test_tick_error_and_start_failure" time="0.052" /><testcase classname="tests.test_job_series" name="test_tick_respects_pause_schedule_and_running_jobs" time="0.001" /><testcase classname="tests.test_live_close_fix" name="test_manual_close_fails_when_exchange_rejects" time="2.002" /><testcase classname="tests.test_live_close_fix" name="test_manual_close_succeeds_and_verifies_flat_position" time="2.504" /><testcase classname="tests.test_forex_ibkr_live" name="test_close_live_forex_uses_real_remaining_position" time="20.841" /><testcase classname="tests.test_live_close_fix" name="test_missing_position_id_is_resolved_before_closing" time="3.304" /><testcase classname="tests.test_live_close_fix" name="test_close_is_ok_when_position_already_gone" time="0.001" /><testcase classname="tests.test_live_close_fix" name="test_partial_close_aborts_on_exchange_error" time="2.003" /><testcase classname="tests.test_live_close_fix" name="test_adjust_levels_prefers_modifying_the_existing_tpsl_order" time="0.001" /><testcase classname="tests.test_live_close_fix" name="test_adjust_levels_pushes_to_exchange_and_reports_rejection" time="0.001" /><testcase classname="tests.test_live_close_fix" name="test_live_position_qty_parsing[rows0-0.0]" time="0.001" /><testcase classname="tests.test_live_close_fix" name="test_live_position_qty_parsing[rows1-0.5]" time="0.000" /><testcase classname="tests.test_live_close_fix" name="te
[...]
        # ensures we do proper cleanup in finally.
        clean_exit = False
    
        # Rewind body position, if needed. Record current position
        # for future rewinds in the event of a redirect/retry.
        body_pos = set_file_position(body, body_pos)
    
        try:
            # Request a connection from the queue.
            timeout_obj = self._get_timeout(timeout)
            conn = self._get_conn(timeout=pool_timeout)
    
            conn.timeout = timeout_obj.connect_timeout  # type: ignore[assignment]
    
            # Is this a closed/new connection that requires CONNECT tunnelling?
            if self.proxy is not None and http_tunnel_required and conn.is_closed:
                try:
                    self._prepare_proxy(conn)
                except (BaseSSLError, OSError, SocketTimeout) as e:
                    self._raise_timeout(
                        err=e, url=self.proxy.url, timeout_value=conn.timeout
                    )
                    raise
    
            # If we're going to release the connection in ``finally:``, then
            # the response doesn't need to know about the connection. Otherwise
            # it will also try to release it and we'll have a double-release
            # mess.
            response_conn = conn if not release_conn else None
    
            # Make the request on the HTTPConnection object
&gt;           response = self._make_request(
                conn,
                method,
                url,
                timeout=timeout_obj,
                body=body,
                headers=headers,
                chunked=chunked,
                retries=retries,
                response_conn=response_conn,
                preload_content=preload_content,
                decode_content=decode_content,
                **response_kw,
            )

/root/.venv/lib/python3.11/site-packages/urllib3/connectionpool.py:788: 
_ _ _ _ _ _ _ _ _ _ _ _ _ _ _ _ _ _ _ _ _ _ _ _ _ _ _ _ _ _ _ _ _ _ _ _ _ _ _ _ 
/root/.venv/lib/python3.11/site-packages/urllib3/connectionpool.py:493: in _make_request
    conn.request(
/root/.venv/lib/python3.11/site-packages/urllib3/connection.py:500: in request
    self.endheaders()
/usr/local/lib/python3.11/http/client.py:1346: in endheaders
    self._send_output(message_body, encode_chunked=encode_chunked)
/usr/local/lib/python3.11/http/client.py:1106: in _send_output
    self.send(msg)
/usr/local/lib/python3.11/http/client.py:1044: in send
    self.connect()
/root/.venv/lib/python3.11/site-packages/urllib3/connection.py:331: in connect
    self.sock = self._new_conn()
                ^^^^^^^^^^^^^^^^
_ _ _ _ _ _ _ _ _ _ _ _ _ _ _ _ _ _ _ _ _ _ _ _ _ _ _ _ _ _ _ _ _ _ _ _ _ _ _ _ 

self = &lt;HTTPConnection(host='localhost', port=8055) at 0xff9d6c5e6810&gt;

    def _new_conn(self) -&gt; socket.socket:
        """Establish a socket connection and set nodelay settings on it.
    
        :return: New socket connection.
        """
        try:
            sock = connection.create_connection(
                (self._dns_host, self.port),
                self.timeout,
                source_address=self.source_address,
                socket_options=self.socket_options,
            )
        except socket.gaierror as e:
            raise NameResolutionError(self.host, self, e) from e
        except SocketTimeout as e:
            raise ConnectTimeoutError(
                self,
                f"Connection to {self.host} timed out. (connect timeout={self.timeout})",
            ) from e
    
        except OSError as e:
&gt;           raise NewConnectionError(
                self, f"Failed to establish a new connection: {e}"
            ) from e
E           urllib3.exceptions.NewConnectionError: HTTPConnection(host='localhost', port=8055): Failed to establish a new connection: [Errno 111] Connection refused

/root/.venv/lib/python3.11/site-packages/urllib3/connection.py:219: NewConnectionError

The above exception was the direct cause of the following exception:

self = &lt;requests.adapters.HTTPAdapter object at 0xff9d6cf92710&gt;
request = &lt;PreparedRequest [GET]&gt;, stream = False, timeout = 60, verify = True
cert = None, proxies = OrderedDict()

    def send(
        self,
        request: PreparedRequest,
        stream: bool = False,
        timeout: _t.TimeoutType = None,
        verify: _t.VerifyType = True,
        cert: _t.CertType = None,
        proxies: dict[str, str] | None = None,
    ) -&gt; Response:
        """Sends PreparedRequest object. Returns Response object.
    
        :param request: The :class:`PreparedRequest &lt;PreparedRequest&gt;` being sent.
        :param stream: (optional) Whether to stream the request content.
        :param timeout: (optional) How long to wait for the server to send
            data before giving up, as a float, or a :ref:`(connect timeout,
            read timeout) &lt;timeouts&gt;` tuple.
        :type timeout: float or tuple or urllib3 Timeout object
        :param verify: (optional) Either a boolean, in which case it controls whether
            we verify the server's TLS certificate, or a string, in which case it
            must be a path to a CA bundle to use
        :param cert: (optional) Any user-provided SSL certificate to be trusted.
        :param proxies: (optional) The proxies dictionary to apply to the request.
        :rtype: requests.Response
        """
    
        assert _is_prepared(request)
    
        try:
            conn = self.get_connection_with_tls_context(
                request, verify, proxies=proxies, cert=cert
            )
        except LocationValueError as e:
            raise InvalidURL(e, request=request)
    
        self.cert_verify(conn, request.url, verify, cert)
        url = self.request_url(request, proxies)
        self.add_headers(
            request,
            stream=stream,
            timeout=timeout,
            verify=verify,
            cert=cert,
            proxies=proxies,
        )
    
        chunked = not (request.body is None or "Content-Length" in request.headers)
    
        if isinstance(timeout, tuple):
            try:
                connect, read = timeout
                resolved_timeout = TimeoutSauce(connect=connect, read=read)
            except ValueError:
                raise ValueError(
                    f"Invalid timeout {timeout}. Pass a (connect, read) timeout tuple, "
                    f"or a single float to set both timeouts to the same value."
                )
        elif isinstance(timeout, TimeoutSauce):
            resolved_timeout = timeout
        else:
            resolved_timeout = TimeoutSauce(connect=timeout, read=timeout)
    
        try:
&gt;           resp = conn.urlopen(
                method=request.method,
                url=url,
                body=request.body,  # type: ignore[arg-type]  # urllib3 stubs don't accept Iterable[bytes | str]
                headers=request.headers,  # type: ignore[arg-type]  # urllib3#3072
                redirect=False,
                assert_same_host=False,
                preload_content=False,
                decode_content=False,
                retries=self.max_retries,
                timeout=resolved_timeout,
                chunked=chunked,
            )

/root/.venv/lib/python3.11/site-packages/requests/adapters.py:696: 
_ _ _ _ _ _ _ _ _ _ _ _ _ _ _ _ _ _ _ _ _ _ _ _ _ _ _ _ _ _ _ _ _ _ _ _ _ _ _ _ 
/root/.venv/lib/python3.11/site-packages/urllib3/connectionpool.py:842: in urlopen
    retries = retries.increment(
_ _ _ _ _ _ _ _ _ _ _ _ _ _ _ _ _ _ _ _ _ _ _ _ _ _ _ _ _ _ _ _ _ _ _ _ _ _ _ _ 

self = Retry(total=0, connect=None, read=False, redirect=None, status=None)
method = 'GET', url = '/api/ai/playbook', response = None
error = NewConnectionError("HTTPConnection(host='localhost', port=8055): Failed to establish a new connection: [Errno 111] Connection refused")
_pool = &lt;urllib3.connectionpool.HTTPConnectionPool object at 0xff9d6e311b50&gt;
_stacktrace = &lt;traceback object at 0xff9d6c5e67c0&gt;

    def increment(
        self,
        method: str | None = None,
        url: str | None = None,
        response: BaseHTTPResponse | None = None,
        error: Exception | None = None,
        _pool: ConnectionPool | None = None,
        _stacktrace: TracebackType | None = None,
    ) -&gt; Self:
        """Return a new Retry object with incremented retry counters.
    
        :param response: A response object, or None, if the server did not
            return a response.
        :type response: :class:`~urllib3.response.BaseHTTPResponse`
        :param Exception error: An error encountered during the request, or
            None if the response was received successfully.
    
        :return: A new ``Retry`` object.
        """
        if self.total is False and error:
            # Disabled, indicate to re-raise the error.
            raise reraise(type(error), error, _stacktrace)
    
        total = self.total
        if total is not None:
            total -= 1
    
        connect = self.connect
        read = self.read
        redirect = self.redirect
        status_count = self.status
        other = self.other
        cause = "unknown"
        status = None
        redirect_location = None
    
        if error and self._is_connection_error(error):
            # Connect retry?
            if connect is False:
                raise reraise(type(error), error, _stacktrace)
            elif connect is not None:
                connect -= 1
    
        elif error and self._is_read_error(error):
            # Read retry?
            if read is False or method is None or not self._is_method_retryable(method):
                raise reraise(type(error), error, _stacktrace)
            elif read is not None:
                read -= 1
    
        elif error:
            # Other retry?
            if other is not None:
                other -= 1
    
        elif response and response.get_redirect_location():
            # Redirect retry?
            if redirect is not None:
                redirect -= 1
            cause = "too many redirects"
            response_redirect_location = response.get_redirect_location()
            if response_redirect_location:
                redirect_location = response_redirect_location
            status = response.status
    
        else:
            # Incrementing because of a server error like a 500 in
            # status_forcelist and the given method is in the allowed_methods
            cause = ResponseError.GENERIC_ERROR
            if response and response.status:
                if status_count is not None:
                    status_count -= 1
                cause = ResponseError.SPECIFIC_ERROR.format(status_code=response.status)
                status = response.status
    
        history = self.history + (
            RequestHistory(method, url, error, status, redirect_location),
        )
    
        new_retry = self.new(
            total=total,
            connect=connect,
            read=read,
            redirect=redirect,
            status=status_count,
            other=other,
            history=history,
        )
    
        if new_retry.is_exhausted():
            reason = error or ResponseError(cause)
&gt;           raise MaxRetryError(_pool, url, reason) from reason  # type: ignore[arg-type]
            ^^^^^^^^^^^^^^^^^^^^^^^^^^^^^^^^^^^^^^^^^^^^^^^^^^^
E           urllib3.exceptions.MaxRetryError: HTTPConnectionPool(host='localhost', port=8055): Max retries exceeded with url: /api/ai/playbook (Caused by NewConnectionError("HTTPConnection(host='localhost', port=8055): Failed to establish a new connection: [Errno 111] Connection refused"))

/root/.venv/lib/python3.11/site-packages/urllib3/util/retry.py:543: MaxRetryError

During handling of the above exception, another exception occurred:

self = &lt;test_iter38_watchdog_pnl_playbook_api.TestPlaybook object at 0xff9d7c6b3e90&gt;
client = &lt;requests.sessions.Session object at 0xff9d6cf69c10&gt;

    def test_playbook_no_hard_locks(self, client):
&gt;       r = client.get(f"{BASE_URL}/api/ai/playbook", timeout=60)
            ^^^^^^^^^^^^^^^^^^^^^^^^^^^^^^^^^^^^^^^^^^^^^^^^^^^^^

tests/test_iter38_watchdog_pnl_playbook_api.py:169: 
_ _ _ _ _ _ _ _ _ _ _ _ _ _ _ _ _ _ _ _ _ _ _ _ _ _ _ _ _ _ _ _ _ _ _ _ _ _ _ _ 
/root/.venv/lib/python3.11/site-packages/requests/sessions.py:671: in get
    return self.request("GET", url, params=params, **kwargs)
           ^^^^^^^^^^^^^^^^^^^^^^^^^^^^^^^^^^^^^^^^^^^^^^^^^
/root/.venv/lib/python3.11/site-packages/requests/sessions.py:651: in request
    resp = self.send(prep, **send_kwargs)
           ^^^^^^^^^^^^^^^^^^^^^^^^^^^^^^
/root/.venv/lib/python3.11/site-packages/requests/sessions.py:784: in send
    r = adapter.send(request, **kwargs)
        ^^^^^^^^^^^^^^^^^^^^^^^^^^^^^^^
_ _ _ _ _ _ _ _ _ _ _ _ _ _ _ _ _ _ _ _ _ _ _ _ _ _ _ _ _ _ _ _ _ _ _ _ _ _ _ _ 

self = &lt;requests.adapters.HTTPAdapter object at 0xff9d6cf92710&gt;
request = &lt;PreparedRequest [GET]&gt;, stream = False, timeout = 60, verify = True
cert = None, proxies = OrderedDict()

    def send(
        self,
        request: PreparedRequest,
        stream: bool = False,
        timeout: _t.TimeoutType = None,
        verify: _t.VerifyType = True,
        cert: _t.CertType = None,
        proxies: dict[str, str] | None = None,
    ) -&gt; Response:
        """Sends PreparedRequest object. Returns Response object.
    
        :param request: The :class:`PreparedRequest &lt;PreparedRequest&gt;` being sent.
        :param stream: (optional) Whether to stream the request content.
        :param timeout: (optional) How long to wait for the server to send
            data before giving up, as a float, or a :ref:`(connect timeout,
            read timeout) &lt;timeouts&gt;` tuple.
        :type timeout: float or tuple or urllib3 Timeout object
        :param verify: (optional) Either a boolean, in which case it controls whether
            we verify the server's TLS certificate, or a string, in which case it
            must be a path to a CA bundle to use
        :param cert: (optional) Any user-provided SSL certificate to be trusted.
        :param proxies: (optional) The proxies dictionary to apply to the request.
        :rtype: requests.Response
        """
    
        assert _is_prepared(request)
    
        try:
            conn = self.get_connection_with_tls_context(
                request, verify, proxies=proxies, cert=cert
            )
        except LocationValueError as e:
            raise InvalidURL(e, request=request)
    
        self.cert_verify(conn, request.url, verify, cert)
        url = self.request_url(request, proxies)
        self.add_headers(
            request,
            stream=stream,
            timeout=timeout,
            verify=verify,
            cert=cert,
            proxies=proxies,
        )
    
        chunked = not (request.body is None or "Content-Length" in request.headers)
    
        if isinstance(timeout, tuple):
            try:
                connect, read = timeout
                resolved_timeout = TimeoutSauce(connect=connect, read=read)
            except ValueError:
                raise ValueError(
                    f"Invalid timeout {timeout}. Pass a (connect, read) timeout tuple, "
                    f"or a single float to set both timeouts to the same value."
                )
        elif isinstance(timeout, TimeoutSauce):
            resolved_timeout = timeout
        else:
            resolved_timeout = TimeoutSauce(connect=timeout, read=timeout)
    
        try:
            resp = conn.urlopen(
                method=request.method,
                url=url,
                body=request.body,  # type: ignore[arg-type]  # urllib3 stubs don't accept Iterable[bytes | str]
                headers=request.headers,  # type: ignore[arg-type]  # urllib3#3072
                redirect=False,
                assert_same_host=False,
                preload_content=False,
                decode_content=False,
                retries=self.max_retries,
                timeout=resolved_timeout,
                chunked=chunked,
            )
    
        except (ProtocolError, OSError) as err:
            raise ConnectionError(err, request=request)
    
        except MaxRetryError as e:
            if isinstance(e.reason, ConnectTimeoutError):
                # TODO: Remove this in 3.0.0: see #2811
                if not isinstance(e.reason, NewConnectionError):
                    raise ConnectTimeout(e, request=request)
    
            if isinstance(e.reason, ResponseError):
                raise RetryError(e, request=request)
    
            if isinstance(e.reason, _ProxyError):
                raise ProxyError(e, request=request)
    
            if isinstance(e.reason, _SSLError):
                # This branch is for urllib3 v1.22 and later.
                raise SSLError(e, request=request)
    
&gt;           raise ConnectionError(e, request=request)
E           requests.exceptions.ConnectionError: HTTPConnectionPool(host='localhost', port=8055): Max retries exceeded with url: /api/ai/playbook (Caused by NewConnectionError("HTTPConnection(host='localhost', port=8055): Failed to establish a new connection: [Errno 111] Connection refused"))

/root/.venv/lib/python3.11/site-packages/requests/adapters.py:729: ConnectionError</failure></testcase><testcase classname="tests.test_iter38_watchdog_pnl_playbook_api.TestCopilotUnits" name="test_drawdown_units" time="0.000"><skipped type="pytest.skip" message="Keine Admin-Zugangsdaten gefunden">/app/review/KI-Trader/backend/tests/test_iter38_watchdog_pnl_playbook_api.py:222: Keine Admin-Zugangsdaten gefunden</skipped></testcase><testcase classname="tests.test_key_level_limits" name="test_key_level_limits" time="0.084" /><testcase classname="tests.test_multicore.TestWorkersConfigured" name="test_env_semantics" time="0.001" /><testcase classname="tests.test_multicore.TestOptimizerEquivalence" name="test_evaluate_task_pool_vs_sequential" time="0.114" /><testcase classname="tests.test_paper_execution" name="test_paper_execution" time="0.001" /><testcase classname="tests.test_qqq_range_chart_fixes.TestRejectCooldown" name="test_same_reason_suppressed_30min" time="0.001" /><testcase classname="tests.test_qqq_review_query_regression" name="test_review_query_excludes_manual_and_external" time="0.007" /><testcase classname="tests.test_robustness_features.TestGpuAccel" name="test_info_and_fallback_identical_to_pandas" time="0.022" /><testcase classname="tests.test_robustness_features.TestDayLimits" name="test_optimizer_clamps_at_5500" time="0.018" /><testcase classname="tests.test_trail_optimizer.TestApplyKeys" name="test_opt_trade_keys_allow_trail_apply" time="0.000" /><testcase classname="tests.test_trail_optimizer.TestSimulatorHonorsTrail" name="test_backtester_reads_trail_cfg" time="0.007" /><testcase classname="tests.test_forex_ibkr_live" name="test_sync_books_tp1_fill_and_moves_runner_sl_to_breakeven" time="12.002" /><testcase classname="tests.test_forex_ibkr_live" name="test_sync_books_close_when_position_flat" time="12.001" /><testcase classname="tests.test_forex_ibkr_live" name="test_status_reports_health_server_hint" time="0.001" /><testcase classname="tests.test_forex_ibkr_live" name="test_gateway_watch_logout_and_readyz_alarm" time="0.000" /><testcase classname="tests.test_forex_ibkr_live" name="test_gateway_watch_no_logout_alarm_without_prior_login" time="0.000" /><testcase classname="tests.test_forex_ibkr_live" name="test_gateway_alerts_send_telegram_and_website" time="0.001" /><testcase classname="tests.test_forex_ibkr_live" name="test_manage_trade_guard_flags_for_ibkr" time="0.000" /><testcase classname="tests.test_forex_ibkr_live" name="test_proxy_module_is_stdlib_only" time="0.005" /></testsuite></testsuites>