<?xml version="1.0" encoding="utf-8"?><testsuites name="pytest tests"><testsuite name="pytest" errors="0" failures="0" skipped="0" tests="59" time="1.646" timestamp="2026-09-15T12:55:43.867896+00:00" hostname="agent-env-ea0edef4-d182-428c-95b1-4b890a6f7a7d"><testcase classname="tests.baseline.test_policy_fingerprint" name="test_short_hash_key_order_stable" time="0.000" /><testcase classname="tests.baseline.test_policy_fingerprint" name="test_lessons_hash_ignores_volatile_fields" time="0.000" /><testcase classname="tests.baseline.test_policy_fingerprint" name="test_sizing_hash_reacts_only_on_sizing_keys" time="0.000" /><testcase classname="tests.baseline.test_policy_fingerprint" name="test_build_combined_and_none_handling" time="0.000" /><testcase classname="tests.baseline.test_policy_fingerprint" name="test_policy_groups_aggregation" time="0.000" /><testcase classname="tests.baseline.test_policy_fingerprint" name="test_playbook_revision_versions_shape" time="0.005" /><testcase classname="tests.baseline.test_regime_engine" name="test_ols_stats_recovers_slope_and_tstat" time="0.001" /><testcase classname="tests.baseline.test_regime_engine" name="test_ols_stats_flat_series_has_small_tstat" time="0.030" /><testcase classname="tests.baseline.test_regime_engine" name="test_rolling_zscore_is_backward_only" time="0.000" /><testcase classname="tests.baseline.test_regime_engine" name="test_adx_rises_in_trend_and_falls_in_chop" time="0.212" /><testcase classname="tests.baseline.test_regime_engine" name="test_strong_uptrend_is_labelled_up" time="0.041" /><testcase classname="tests.baseline.test_regime_engine" name="test_strong_downtrend_is_labelled_down" time="0.030" /><testcase classname="tests.baseline.test_regime_engine" name="test_slow_long_decline_is_not_sideways" time="0.042" /><testcase classname="tests.baseline.test_regime_engine" name="test_sideways_is_labelled_sideways" time="0.039" /><testcase classname="tests.baseline.test_regime_engine" name="test_random_walk_has_no_directional_bias" time="0.043" /><testcase classname="tests.baseline.test_regime_engine" name="test_regime_switch_is_detected_and_not_too_late" time="0.038" /><testcase classname="tests.baseline.test_regime_engine" name="test_more_than_two_regimes_over_mixed_market" time="0.069" /><testcase classname="tests.baseline.test_regime_engine" name="test_high_volatility_is_recognised" time="0.047" /><testcase classname="tests.baseline.test_regime_engine" name="test_no_lookahead_prefix_stability" time="0.043" /><testcase classname="tests.baseline.test_regime_engine" name="test_model_config_is_serialisable_and_stable" time="0.027" /><testcase classname="tests.baseline.test_regime_engine" name="test_hysteresis_reduces_switching" time="0.078" /><testcase classname="tests.baseline.test_regime_engine" name="test_min_hold_days_is_respected" time="0.046" /><testcase classname="tests.baseline.test_regime_engine" name="test_validation_passes_on_clean_series[0.5-1.0-81]" time="0.038" /><testcase classname="tests.baseline.test_regime_engine" name="test_validation_passes_on_clean_series[-0.5-1.0-82]" time="0.036" /><testcase classname="tests.baseline.test_regime_engine" name="test_validation_passes_on_clean_series[-0.1-0.8-84]" time="0.040" /><testcase classname="tests.baseline.test_regime_engine" name="test_validation_passes_on_clean_series[0.25-2.0-86]" time="0.039" /><testcase classname="tests.baseline.test_regime_engine" name="test_validation_flags_wrong_labels" time="0.029" /><testcase classname="tests.baseline.test_regime_engine" name="test_ideal_labels_agree_with_live_direction" time="0.038" /><testcase classname="tests.baseline.test_regime_engine" name="test_regime_module_dispatches_to_v2_by_default" time="0.030" /><testcase classname="tests.baseline.test_regime_engine" name="test_kmeans_engine_still_available" time="0.013" /><testcase classname="tests.baseline.test_regime_engine" name="test_early_warning_signals_reversal_before_switch" time="0.042" /><testcase classname="tests.baseline.test_regime_engine" name="test_early_warning_quiet_in_stable_trend" time="0.035" /><testcase classname="tests.baseline.test_regime_engine" name="test_early_warning_fields_are_serialisable" time="0.030" /><testcase classname="tests.baseline.test_regime_engine" name="test_nnfx_mapping_covers_all_regimes" time="0.000" /><testcase classname="tests.baseline.test_regime_gate" name="test_phase_from_label_mapping" time="0.000" /><testcase classname="tests.baseline.test_regime_gate" name="test_blocked_phases_default_and_validation" time="0.000" /><testcase classname="tests.baseline.test_regime_gate" name="test_gate_disabled_allows" time="0.001" /><testcase classname="tests.baseline.test_regime_gate" name="test_gate_blocks_blocked_phase" time="0.000" /><testcase classname="tests.baseline.test_regime_gate" name="test_gate_allows_other_phase" time="0.000" /><testcase classname="tests.baseline.test_regime_gate" name="test_gate_fail_open_on_error" time="0.000" /><testcase classname="tests.baseline.test_regime_gate" name="test_gate_empty_blocklist_allows" time="0.000" /><testcase classname="tests.baseline.test_regime_gate" name="test_default_coin_cfg_contains_filter_keys" time="0.000" /><testcase classname="tests.baseline.test_regime_v2_and_gate_domain" name="test_v2_vol_percentile_bases" time="0.000" /><testcase classname="tests.baseline.test_regime_v2_and_gate_domain" name="test_v2_fallback_fixed_thresholds_without_rank" time="0.000" /><testcase classname="tests.baseline.test_regime_v2_and_gate_domain" name="test_v2_trend_hysteresis" time="0.000" /><testcase classname="tests.baseline.test_regime_v2_and_gate_domain" name="test_v2_breakout_needs_confirmation" time="0.000" /><testcase classname="tests.baseline.test_regime_v2_and_gate_domain" name="test_v1_unchanged_for_legacy" time="0.000" /><testcase classname="tests.baseline.test_regime_v2_and_gate_domain" name="test_compute_features_marks_regime_v2" time="0.001" /><testcase classname="tests.baseline.test_regime_v2_and_gate_domain" name="test_compute_features_percentile_and_daily_trend" time="0.019" /><testcase classname="tests.baseline.test_regime_v2_and_gate_domain" name="test_compute_features_daily_bias_up" time="0.010" /><testcase classname="tests.baseline.test_regime_v2_and_gate_domain" name="test_compute_features_prev_regime_hysteresis" time="0.002" /><testcase classname="tests.baseline.test_regime_v2_and_gate_domain" name="test_snapshot_to_text_with_and_without_daily" time="0.000" /><testcase classname="tests.baseline.test_regime_v2_and_gate_domain" name="test_shadow_predict_skips_out_of_domain" time="0.000" /><testcase classname="tests.baseline.test_risk_budget" name="test_trade_risk_usdt" time="0.000" /><testcase classname="tests.baseline.test_risk_budget" name="test_open_risk_filters_mode_and_collection" time="0.000" /><testcase classname="tests.baseline.test_risk_budget" name="test_check_portfolio_limit" time="0.000" /><testcase classname="tests.baseline.test_risk_budget" name="test_check_cluster_limit_uses_instrument_group" time="0.000" /><testcase classname="tests.baseline.test_risk_budget" name="test_check_fail_open_without_equity_and_when_disabled" time="0.000" /><testcase classname="tests.baseline.test_risk_budget" name="test_hook_in_on_signal_before_order_and_not_for_collection" time="0.013" /></testsuite></testsuites>